<?xml version="1.0" encoding="UTF-8"?>
<coverage generated="1693912261029" clover="3.2.0">
  <project timestamp="1693912261029" name="All files">
    <metrics statements="706" coveredstatements="706" conditionals="236" coveredconditionals="236" methods="171" coveredmethods="171" elements="1113" coveredelements="1113" complexity="0" loc="706" ncloc="706" packages="24" files="69" classes="69"/>
    <package name="Applications.security">
      <metrics statements="8" coveredstatements="8" conditionals="0" coveredconditionals="0" methods="6" coveredmethods="6"/>
      <file name="AuthenticationTokenManager.js" path="C:\Users\aysuka ansari\OneDrive\Dokumen\MY_ONLINE_COURSES\Dicoding\Back End Developer\Menjadi Back-End Developer Expert\submission\forum-api-v2\src\Applications\security\AuthenticationTokenManager.js">
        <metrics statements="5" coveredstatements="5" conditionals="0" coveredconditionals="0" methods="4" coveredmethods="4"/>
        <line num="3" count="1" type="stmt"/>
        <line num="7" count="1" type="stmt"/>
        <line num="11" count="1" type="stmt"/>
        <line num="15" count="1" type="stmt"/>
        <line num="19" count="10" type="stmt"/>
      </file>
      <file name="PasswordHash.js" path="C:\Users\aysuka ansari\OneDrive\Dokumen\MY_ONLINE_COURSES\Dicoding\Back End Developer\Menjadi Back-End Developer Expert\submission\forum-api-v2\src\Applications\security\PasswordHash.js">
        <metrics statements="3" coveredstatements="3" conditionals="0" coveredconditionals="0" methods="2" coveredmethods="2"/>
        <line num="3" count="1" type="stmt"/>
        <line num="7" count="1" type="stmt"/>
        <line num="11" count="10" type="stmt"/>
      </file>
    </package>
    <package name="Applications.use_case">
      <metrics statements="113" coveredstatements="113" conditionals="14" coveredconditionals="14" methods="30" coveredmethods="30"/>
      <file name="AddCommentUseCase.js" path="C:\Users\aysuka ansari\OneDrive\Dokumen\MY_ONLINE_COURSES\Dicoding\Back End Developer\Menjadi Back-End Developer Expert\submission\forum-api-v2\src\Applications\use_case\AddCommentUseCase.js">
        <metrics statements="5" coveredstatements="5" conditionals="0" coveredconditionals="0" methods="2" coveredmethods="2"/>
        <line num="1" count="8" type="stmt"/>
        <line num="5" count="2" type="stmt"/>
        <line num="9" count="4" type="stmt"/>
        <line num="10" count="2" type="stmt"/>
        <line num="14" count="8" type="stmt"/>
      </file>
      <file name="AddReplyUseCase.js" path="C:\Users\aysuka ansari\OneDrive\Dokumen\MY_ONLINE_COURSES\Dicoding\Back End Developer\Menjadi Back-End Developer Expert\submission\forum-api-v2\src\Applications\use_case\AddReplyUseCase.js">
        <metrics statements="5" coveredstatements="5" conditionals="0" coveredconditionals="0" methods="2" coveredmethods="2"/>
        <line num="1" count="8" type="stmt"/>
        <line num="5" count="2" type="stmt"/>
        <line num="9" count="4" type="stmt"/>
        <line num="10" count="2" type="stmt"/>
        <line num="14" count="8" type="stmt"/>
      </file>
      <file name="AddThreadUseCase.js" path="C:\Users\aysuka ansari\OneDrive\Dokumen\MY_ONLINE_COURSES\Dicoding\Back End Developer\Menjadi Back-End Developer Expert\submission\forum-api-v2\src\Applications\use_case\AddThreadUseCase.js">
        <metrics statements="5" coveredstatements="5" conditionals="0" coveredconditionals="0" methods="2" coveredmethods="2"/>
        <line num="1" count="8" type="stmt"/>
        <line num="5" count="2" type="stmt"/>
        <line num="9" count="4" type="stmt"/>
        <line num="10" count="2" type="stmt"/>
        <line num="14" count="8" type="stmt"/>
      </file>
      <file name="AddUserUseCase.js" path="C:\Users\aysuka ansari\OneDrive\Dokumen\MY_ONLINE_COURSES\Dicoding\Back End Developer\Menjadi Back-End Developer Expert\submission\forum-api-v2\src\Applications\use_case\AddUserUseCase.js">
        <metrics statements="8" coveredstatements="8" conditionals="0" coveredconditionals="0" methods="2" coveredmethods="2"/>
        <line num="1" count="8" type="stmt"/>
        <line num="5" count="7" type="stmt"/>
        <line num="6" count="7" type="stmt"/>
        <line num="10" count="25" type="stmt"/>
        <line num="11" count="21" type="stmt"/>
        <line num="12" count="20" type="stmt"/>
        <line num="13" count="20" type="stmt"/>
        <line num="17" count="8" type="stmt"/>
      </file>
      <file name="DeleteAuthenticationUseCase.js" path="C:\Users\aysuka ansari\OneDrive\Dokumen\MY_ONLINE_COURSES\Dicoding\Back End Developer\Menjadi Back-End Developer Expert\submission\forum-api-v2\src\Applications\use_case\DeleteAuthenticationUseCase.js">
        <metrics statements="11" coveredstatements="11" conditionals="4" coveredconditionals="4" methods="3" coveredmethods="3"/>
        <line num="5" count="3" type="stmt"/>
        <line num="9" count="3" type="stmt"/>
        <line num="10" count="1" type="stmt"/>
        <line num="11" count="1" type="stmt"/>
        <line num="12" count="1" type="stmt"/>
        <line num="16" count="3" type="stmt"/>
        <line num="17" count="3" type="cond" truecount="2" falsecount="0"/>
        <line num="18" count="1" type="stmt"/>
        <line num="21" count="2" type="cond" truecount="2" falsecount="0"/>
        <line num="22" count="1" type="stmt"/>
        <line num="27" count="1" type="stmt"/>
      </file>
      <file name="DeleteCommentUseCase.js" path="C:\Users\aysuka ansari\OneDrive\Dokumen\MY_ONLINE_COURSES\Dicoding\Back End Developer\Menjadi Back-End Developer Expert\submission\forum-api-v2\src\Applications\use_case\DeleteCommentUseCase.js">
        <metrics statements="7" coveredstatements="7" conditionals="0" coveredconditionals="0" methods="2" coveredmethods="2"/>
        <line num="1" count="8" type="stmt"/>
        <line num="5" count="2" type="stmt"/>
        <line num="9" count="3" type="stmt"/>
        <line num="10" count="3" type="stmt"/>
        <line num="11" count="3" type="stmt"/>
        <line num="12" count="2" type="stmt"/>
        <line num="16" count="8" type="stmt"/>
      </file>
      <file name="DeleteReplyUseCase.js" path="C:\Users\aysuka ansari\OneDrive\Dokumen\MY_ONLINE_COURSES\Dicoding\Back End Developer\Menjadi Back-End Developer Expert\submission\forum-api-v2\src\Applications\use_case\DeleteReplyUseCase.js">
        <metrics statements="7" coveredstatements="7" conditionals="0" coveredconditionals="0" methods="2" coveredmethods="2"/>
        <line num="1" count="8" type="stmt"/>
        <line num="5" count="2" type="stmt"/>
        <line num="9" count="3" type="stmt"/>
        <line num="10" count="3" type="stmt"/>
        <line num="11" count="3" type="stmt"/>
        <line num="12" count="2" type="stmt"/>
        <line num="16" count="8" type="stmt"/>
      </file>
      <file name="DetailThreadUseCase.js" path="C:\Users\aysuka ansari\OneDrive\Dokumen\MY_ONLINE_COURSES\Dicoding\Back End Developer\Menjadi Back-End Developer Expert\submission\forum-api-v2\src\Applications\use_case\DetailThreadUseCase.js">
        <metrics statements="16" coveredstatements="16" conditionals="0" coveredconditionals="0" methods="5" coveredmethods="5"/>
        <line num="1" count="8" type="stmt"/>
        <line num="2" count="8" type="stmt"/>
        <line num="6" count="3" type="stmt"/>
        <line num="7" count="3" type="stmt"/>
        <line num="8" count="3" type="stmt"/>
        <line num="9" count="3" type="stmt"/>
        <line num="13" count="4" type="stmt"/>
        <line num="14" count="3" type="stmt"/>
        <line num="15" count="3" type="stmt"/>
        <line num="17" count="3" type="stmt"/>
        <line num="19" count="3" type="stmt"/>
        <line num="20" count="2" type="stmt"/>
        <line num="22" count="2" type="stmt"/>
        <line num="23" count="2" type="stmt"/>
        <line num="27" count="3" type="stmt"/>
        <line num="31" count="8" type="stmt"/>
      </file>
      <file name="LikeUnlikeCommentUseCase.js" path="C:\Users\aysuka ansari\OneDrive\Dokumen\MY_ONLINE_COURSES\Dicoding\Back End Developer\Menjadi Back-End Developer Expert\submission\forum-api-v2\src\Applications\use_case\LikeUnlikeCommentUseCase.js">
        <metrics statements="8" coveredstatements="8" conditionals="2" coveredconditionals="2" methods="2" coveredmethods="2"/>
        <line num="1" count="8" type="stmt"/>
        <line num="5" count="3" type="stmt"/>
        <line num="9" count="4" type="stmt"/>
        <line num="11" count="4" type="stmt"/>
        <line num="16" count="4" type="cond" truecount="2" falsecount="0"/>
        <line num="17" count="1" type="stmt"/>
        <line num="20" count="3" type="stmt"/>
        <line num="24" count="8" type="stmt"/>
      </file>
      <file name="LoginUserUseCase.js" path="C:\Users\aysuka ansari\OneDrive\Dokumen\MY_ONLINE_COURSES\Dicoding\Back End Developer\Menjadi Back-End Developer Expert\submission\forum-api-v2\src\Applications\use_case\LoginUserUseCase.js">
        <metrics statements="16" coveredstatements="16" conditionals="0" coveredconditionals="0" methods="2" coveredmethods="2"/>
        <line num="1" count="8" type="stmt"/>
        <line num="2" count="8" type="stmt"/>
        <line num="11" count="6" type="stmt"/>
        <line num="12" count="6" type="stmt"/>
        <line num="13" count="6" type="stmt"/>
        <line num="14" count="6" type="stmt"/>
        <line num="18" count="22" type="stmt"/>
        <line num="20" count="20" type="stmt"/>
        <line num="22" count="19" type="stmt"/>
        <line num="24" count="18" type="stmt"/>
        <line num="26" count="18" type="stmt"/>
        <line num="28" count="18" type="stmt"/>
        <line num="31" count="18" type="stmt"/>
        <line num="36" count="18" type="stmt"/>
        <line num="38" count="18" type="stmt"/>
        <line num="42" count="8" type="stmt"/>
      </file>
      <file name="LogoutUserUseCase.js" path="C:\Users\aysuka ansari\OneDrive\Dokumen\MY_ONLINE_COURSES\Dicoding\Back End Developer\Menjadi Back-End Developer Expert\submission\forum-api-v2\src\Applications\use_case\LogoutUserUseCase.js">
        <metrics statements="11" coveredstatements="11" conditionals="4" coveredconditionals="4" methods="3" coveredmethods="3"/>
        <line num="5" count="4" type="stmt"/>
        <line num="9" count="7" type="stmt"/>
        <line num="10" count="3" type="stmt"/>
        <line num="11" count="3" type="stmt"/>
        <line num="12" count="2" type="stmt"/>
        <line num="16" count="7" type="stmt"/>
        <line num="17" count="7" type="cond" truecount="2" falsecount="0"/>
        <line num="18" count="2" type="stmt"/>
        <line num="21" count="5" type="cond" truecount="2" falsecount="0"/>
        <line num="22" count="2" type="stmt"/>
        <line num="27" count="8" type="stmt"/>
      </file>
      <file name="RefreshAuthenticationUseCase.js" path="C:\Users\aysuka ansari\OneDrive\Dokumen\MY_ONLINE_COURSES\Dicoding\Back End Developer\Menjadi Back-End Developer Expert\submission\forum-api-v2\src\Applications\use_case\RefreshAuthenticationUseCase.js">
        <metrics statements="14" coveredstatements="14" conditionals="4" coveredconditionals="4" methods="3" coveredmethods="3"/>
        <line num="6" count="4" type="stmt"/>
        <line num="7" count="4" type="stmt"/>
        <line num="11" count="8" type="stmt"/>
        <line num="12" count="4" type="stmt"/>
        <line num="14" count="4" type="stmt"/>
        <line num="15" count="3" type="stmt"/>
        <line num="17" count="2" type="stmt"/>
        <line num="19" count="2" type="stmt"/>
        <line num="23" count="8" type="stmt"/>
        <line num="25" count="8" type="cond" truecount="2" falsecount="0"/>
        <line num="26" count="2" type="stmt"/>
        <line num="29" count="6" type="cond" truecount="2" falsecount="0"/>
        <line num="30" count="2" type="stmt"/>
        <line num="35" count="8" type="stmt"/>
      </file>
    </package>
    <package name="Commons.exceptions">
      <metrics statements="29" coveredstatements="29" conditionals="5" coveredconditionals="5" methods="6" coveredmethods="6"/>
      <file name="AuthenticationError.js" path="C:\Users\aysuka ansari\OneDrive\Dokumen\MY_ONLINE_COURSES\Dicoding\Back End Developer\Menjadi Back-End Developer Expert\submission\forum-api-v2\src\Commons\exceptions\AuthenticationError.js">
        <metrics statements="4" coveredstatements="4" conditionals="0" coveredconditionals="0" methods="1" coveredmethods="1"/>
        <line num="1" count="8" type="stmt"/>
        <line num="5" count="3" type="stmt"/>
        <line num="6" count="3" type="stmt"/>
        <line num="10" count="8" type="stmt"/>
      </file>
      <file name="AuthorizationError.js" path="C:\Users\aysuka ansari\OneDrive\Dokumen\MY_ONLINE_COURSES\Dicoding\Back End Developer\Menjadi Back-End Developer Expert\submission\forum-api-v2\src\Commons\exceptions\AuthorizationError.js">
        <metrics statements="4" coveredstatements="4" conditionals="0" coveredconditionals="0" methods="1" coveredmethods="1"/>
        <line num="1" count="12" type="stmt"/>
        <line num="5" count="21" type="stmt"/>
        <line num="6" count="21" type="stmt"/>
        <line num="10" count="12" type="stmt"/>
      </file>
      <file name="ClientError.js" path="C:\Users\aysuka ansari\OneDrive\Dokumen\MY_ONLINE_COURSES\Dicoding\Back End Developer\Menjadi Back-End Developer Expert\submission\forum-api-v2\src\Commons\exceptions\ClientError.js">
        <metrics statements="6" coveredstatements="6" conditionals="3" coveredconditionals="3" methods="1" coveredmethods="1"/>
        <line num="3" count="254" type="stmt"/>
        <line num="5" count="254" type="cond" truecount="2" falsecount="0"/>
        <line num="6" count="1" type="stmt"/>
        <line num="9" count="253" type="stmt"/>
        <line num="10" count="253" type="stmt"/>
        <line num="14" count="21" type="stmt"/>
      </file>
      <file name="DomainErrorTranslator.js" path="C:\Users\aysuka ansari\OneDrive\Dokumen\MY_ONLINE_COURSES\Dicoding\Back End Developer\Menjadi Back-End Developer Expert\submission\forum-api-v2\src\Commons\exceptions\DomainErrorTranslator.js">
        <metrics statements="7" coveredstatements="7" conditionals="2" coveredconditionals="2" methods="1" coveredmethods="1"/>
        <line num="1" count="8" type="stmt"/>
        <line num="2" count="8" type="stmt"/>
        <line num="3" count="8" type="stmt"/>
        <line num="5" count="8" type="stmt"/>
        <line num="7" count="39" type="cond" truecount="2" falsecount="0"/>
        <line num="11" count="8" type="stmt"/>
        <line num="43" count="8" type="stmt"/>
      </file>
      <file name="InvariantError.js" path="C:\Users\aysuka ansari\OneDrive\Dokumen\MY_ONLINE_COURSES\Dicoding\Back End Developer\Menjadi Back-End Developer Expert\submission\forum-api-v2\src\Commons\exceptions\InvariantError.js">
        <metrics statements="4" coveredstatements="4" conditionals="0" coveredconditionals="0" methods="1" coveredmethods="1"/>
        <line num="1" count="12" type="stmt"/>
        <line num="5" count="191" type="stmt"/>
        <line num="6" count="191" type="stmt"/>
        <line num="10" count="12" type="stmt"/>
      </file>
      <file name="NotFoundError.js" path="C:\Users\aysuka ansari\OneDrive\Dokumen\MY_ONLINE_COURSES\Dicoding\Back End Developer\Menjadi Back-End Developer Expert\submission\forum-api-v2\src\Commons\exceptions\NotFoundError.js">
        <metrics statements="4" coveredstatements="4" conditionals="0" coveredconditionals="0" methods="1" coveredmethods="1"/>
        <line num="1" count="13" type="stmt"/>
        <line num="5" count="38" type="stmt"/>
        <line num="6" count="38" type="stmt"/>
        <line num="10" count="13" type="stmt"/>
      </file>
    </package>
    <package name="Domains.authentications">
      <metrics statements="4" coveredstatements="4" conditionals="0" coveredconditionals="0" methods="3" coveredmethods="3"/>
      <file name="AuthenticationRepository.js" path="C:\Users\aysuka ansari\OneDrive\Dokumen\MY_ONLINE_COURSES\Dicoding\Back End Developer\Menjadi Back-End Developer Expert\submission\forum-api-v2\src\Domains\authentications\AuthenticationRepository.js">
        <metrics statements="4" coveredstatements="4" conditionals="0" coveredconditionals="0" methods="3" coveredmethods="3"/>
        <line num="3" count="1" type="stmt"/>
        <line num="7" count="1" type="stmt"/>
        <line num="11" count="1" type="stmt"/>
        <line num="15" count="12" type="stmt"/>
      </file>
    </package>
    <package name="Domains.authentications.entities">
      <metrics statements="9" coveredstatements="9" conditionals="8" coveredconditionals="8" methods="2" coveredmethods="2"/>
      <file name="NewAuth.js" path="C:\Users\aysuka ansari\OneDrive\Dokumen\MY_ONLINE_COURSES\Dicoding\Back End Developer\Menjadi Back-End Developer Expert\submission\forum-api-v2\src\Domains\authentications\entities\NewAuth.js">
        <metrics statements="9" coveredstatements="9" conditionals="8" coveredconditionals="8" methods="2" coveredmethods="2"/>
        <line num="3" count="23" type="stmt"/>
        <line num="5" count="21" type="stmt"/>
        <line num="6" count="21" type="stmt"/>
        <line num="10" count="23" type="stmt"/>
        <line num="12" count="23" type="cond" truecount="4" falsecount="0"/>
        <line num="13" count="1" type="stmt"/>
        <line num="16" count="22" type="cond" truecount="4" falsecount="0"/>
        <line num="17" count="1" type="stmt"/>
        <line num="22" count="9" type="stmt"/>
      </file>
    </package>
    <package name="Domains.comments">
      <metrics statements="6" coveredstatements="6" conditionals="0" coveredconditionals="0" methods="5" coveredmethods="5"/>
      <file name="CommentRepository.js" path="C:\Users\aysuka ansari\OneDrive\Dokumen\MY_ONLINE_COURSES\Dicoding\Back End Developer\Menjadi Back-End Developer Expert\submission\forum-api-v2\src\Domains\comments\CommentRepository.js">
        <metrics statements="6" coveredstatements="6" conditionals="0" coveredconditionals="0" methods="5" coveredmethods="5"/>
        <line num="3" count="1" type="stmt"/>
        <line num="7" count="1" type="stmt"/>
        <line num="11" count="1" type="stmt"/>
        <line num="15" count="1" type="stmt"/>
        <line num="19" count="1" type="stmt"/>
        <line num="23" count="13" type="stmt"/>
      </file>
    </package>
    <package name="Domains.comments.entities">
      <metrics statements="42" coveredstatements="42" conditionals="46" coveredconditionals="46" methods="8" coveredmethods="8"/>
      <file name="AddComment.js" path="C:\Users\aysuka ansari\OneDrive\Dokumen\MY_ONLINE_COURSES\Dicoding\Back End Developer\Menjadi Back-End Developer Expert\submission\forum-api-v2\src\Domains\comments\entities\AddComment.js">
        <metrics statements="10" coveredstatements="10" conditionals="10" coveredconditionals="10" methods="2" coveredmethods="2"/>
        <line num="3" count="10" type="stmt"/>
        <line num="5" count="6" type="stmt"/>
        <line num="7" count="6" type="stmt"/>
        <line num="8" count="6" type="stmt"/>
        <line num="9" count="6" type="stmt"/>
        <line num="13" count="10" type="cond" truecount="5" falsecount="0"/>
        <line num="14" count="2" type="stmt"/>
        <line num="17" count="8" type="cond" truecount="5" falsecount="0"/>
        <line num="18" count="2" type="stmt"/>
        <line num="23" count="10" type="stmt"/>
      </file>
      <file name="AddedComment.js" path="C:\Users\aysuka ansari\OneDrive\Dokumen\MY_ONLINE_COURSES\Dicoding\Back End Developer\Menjadi Back-End Developer Expert\submission\forum-api-v2\src\Domains\comments\entities\AddedComment.js">
        <metrics statements="10" coveredstatements="10" conditionals="10" coveredconditionals="10" methods="2" coveredmethods="2"/>
        <line num="3" count="9" type="stmt"/>
        <line num="5" count="7" type="stmt"/>
        <line num="7" count="7" type="stmt"/>
        <line num="8" count="7" type="stmt"/>
        <line num="9" count="7" type="stmt"/>
        <line num="13" count="9" type="cond" truecount="5" falsecount="0"/>
        <line num="14" count="1" type="stmt"/>
        <line num="17" count="8" type="cond" truecount="5" falsecount="0"/>
        <line num="18" count="1" type="stmt"/>
        <line num="23" count="11" type="stmt"/>
      </file>
      <file name="DeleteComment.js" path="C:\Users\aysuka ansari\OneDrive\Dokumen\MY_ONLINE_COURSES\Dicoding\Back End Developer\Menjadi Back-End Developer Expert\submission\forum-api-v2\src\Domains\comments\entities\DeleteComment.js">
        <metrics statements="10" coveredstatements="10" conditionals="10" coveredconditionals="10" methods="2" coveredmethods="2"/>
        <line num="4" count="6" type="stmt"/>
        <line num="6" count="4" type="stmt"/>
        <line num="8" count="4" type="stmt"/>
        <line num="9" count="4" type="stmt"/>
        <line num="10" count="4" type="stmt"/>
        <line num="14" count="6" type="cond" truecount="5" falsecount="0"/>
        <line num="15" count="1" type="stmt"/>
        <line num="18" count="5" type="cond" truecount="5" falsecount="0"/>
        <line num="19" count="1" type="stmt"/>
        <line num="24" count="9" type="stmt"/>
      </file>
      <file name="DetailComment.js" path="C:\Users\aysuka ansari\OneDrive\Dokumen\MY_ONLINE_COURSES\Dicoding\Back End Developer\Menjadi Back-End Developer Expert\submission\forum-api-v2\src\Domains\comments\entities\DetailComment.js">
        <metrics statements="12" coveredstatements="12" conditionals="16" coveredconditionals="16" methods="2" coveredmethods="2"/>
        <line num="3" count="6" type="stmt"/>
        <line num="5" count="4" type="stmt"/>
        <line num="7" count="4" type="stmt"/>
        <line num="8" count="4" type="stmt"/>
        <line num="9" count="4" type="stmt"/>
        <line num="10" count="4" type="cond" truecount="2" falsecount="0"/>
        <line num="11" count="4" type="stmt"/>
        <line num="15" count="6" type="cond" truecount="7" falsecount="0"/>
        <line num="16" count="1" type="stmt"/>
        <line num="19" count="5" type="cond" truecount="7" falsecount="0"/>
        <line num="20" count="1" type="stmt"/>
        <line num="25" count="9" type="stmt"/>
      </file>
    </package>
    <package name="Domains.likes">
      <metrics statements="6" coveredstatements="6" conditionals="0" coveredconditionals="0" methods="5" coveredmethods="5"/>
      <file name="CommentLikeRepository.js" path="C:\Users\aysuka ansari\OneDrive\Dokumen\MY_ONLINE_COURSES\Dicoding\Back End Developer\Menjadi Back-End Developer Expert\submission\forum-api-v2\src\Domains\likes\CommentLikeRepository.js">
        <metrics statements="6" coveredstatements="6" conditionals="0" coveredconditionals="0" methods="5" coveredmethods="5"/>
        <line num="3" count="1" type="stmt"/>
        <line num="7" count="1" type="stmt"/>
        <line num="11" count="1" type="stmt"/>
        <line num="15" count="1" type="stmt"/>
        <line num="19" count="1" type="stmt"/>
        <line num="23" count="10" type="stmt"/>
      </file>
    </package>
    <package name="Domains.likes.entities">
      <metrics statements="10" coveredstatements="10" conditionals="10" coveredconditionals="10" methods="2" coveredmethods="2"/>
      <file name="AddCommentLike.js" path="C:\Users\aysuka ansari\OneDrive\Dokumen\MY_ONLINE_COURSES\Dicoding\Back End Developer\Menjadi Back-End Developer Expert\submission\forum-api-v2\src\Domains\likes\entities\AddCommentLike.js">
        <metrics statements="10" coveredstatements="10" conditionals="10" coveredconditionals="10" methods="2" coveredmethods="2"/>
        <line num="3" count="10" type="stmt"/>
        <line num="5" count="8" type="stmt"/>
        <line num="7" count="8" type="stmt"/>
        <line num="8" count="8" type="stmt"/>
        <line num="9" count="8" type="stmt"/>
        <line num="13" count="10" type="cond" truecount="5" falsecount="0"/>
        <line num="14" count="1" type="stmt"/>
        <line num="17" count="9" type="cond" truecount="5" falsecount="0"/>
        <line num="18" count="1" type="stmt"/>
        <line num="23" count="10" type="stmt"/>
      </file>
    </package>
    <package name="Domains.replies">
      <metrics statements="6" coveredstatements="6" conditionals="0" coveredconditionals="0" methods="5" coveredmethods="5"/>
      <file name="ReplyRepository.js" path="C:\Users\aysuka ansari\OneDrive\Dokumen\MY_ONLINE_COURSES\Dicoding\Back End Developer\Menjadi Back-End Developer Expert\submission\forum-api-v2\src\Domains\replies\ReplyRepository.js">
        <metrics statements="6" coveredstatements="6" conditionals="0" coveredconditionals="0" methods="5" coveredmethods="5"/>
        <line num="3" count="1" type="stmt"/>
        <line num="7" count="1" type="stmt"/>
        <line num="11" count="1" type="stmt"/>
        <line num="15" count="1" type="stmt"/>
        <line num="19" count="1" type="stmt"/>
        <line num="23" count="11" type="stmt"/>
      </file>
    </package>
    <package name="Domains.replies.entities">
      <metrics statements="43" coveredstatements="43" conditionals="50" coveredconditionals="50" methods="8" coveredmethods="8"/>
      <file name="AddReply.js" path="C:\Users\aysuka ansari\OneDrive\Dokumen\MY_ONLINE_COURSES\Dicoding\Back End Developer\Menjadi Back-End Developer Expert\submission\forum-api-v2\src\Domains\replies\entities\AddReply.js">
        <metrics statements="11" coveredstatements="11" conditionals="12" coveredconditionals="12" methods="2" coveredmethods="2"/>
        <line num="4" count="10" type="stmt"/>
        <line num="6" count="6" type="stmt"/>
        <line num="8" count="6" type="stmt"/>
        <line num="9" count="6" type="stmt"/>
        <line num="10" count="6" type="stmt"/>
        <line num="11" count="6" type="stmt"/>
        <line num="15" count="10" type="cond" truecount="6" falsecount="0"/>
        <line num="16" count="2" type="stmt"/>
        <line num="19" count="8" type="cond" truecount="6" falsecount="0"/>
        <line num="20" count="2" type="stmt"/>
        <line num="25" count="10" type="stmt"/>
      </file>
      <file name="AddedReply.js" path="C:\Users\aysuka ansari\OneDrive\Dokumen\MY_ONLINE_COURSES\Dicoding\Back End Developer\Menjadi Back-End Developer Expert\submission\forum-api-v2\src\Domains\replies\entities\AddedReply.js">
        <metrics statements="10" coveredstatements="10" conditionals="10" coveredconditionals="10" methods="2" coveredmethods="2"/>
        <line num="3" count="9" type="stmt"/>
        <line num="5" count="7" type="stmt"/>
        <line num="7" count="7" type="stmt"/>
        <line num="8" count="7" type="stmt"/>
        <line num="9" count="7" type="stmt"/>
        <line num="13" count="9" type="cond" truecount="5" falsecount="0"/>
        <line num="14" count="1" type="stmt"/>
        <line num="17" count="8" type="cond" truecount="5" falsecount="0"/>
        <line num="18" count="1" type="stmt"/>
        <line num="23" count="9" type="stmt"/>
      </file>
      <file name="DeleteReply.js" path="C:\Users\aysuka ansari\OneDrive\Dokumen\MY_ONLINE_COURSES\Dicoding\Back End Developer\Menjadi Back-End Developer Expert\submission\forum-api-v2\src\Domains\replies\entities\DeleteReply.js">
        <metrics statements="11" coveredstatements="11" conditionals="12" coveredconditionals="12" methods="2" coveredmethods="2"/>
        <line num="3" count="6" type="stmt"/>
        <line num="5" count="4" type="stmt"/>
        <line num="7" count="4" type="stmt"/>
        <line num="8" count="4" type="stmt"/>
        <line num="9" count="4" type="stmt"/>
        <line num="10" count="4" type="stmt"/>
        <line num="14" count="6" type="cond" truecount="6" falsecount="0"/>
        <line num="15" count="1" type="stmt"/>
        <line num="18" count="5" type="cond" truecount="6" falsecount="0"/>
        <line num="19" count="1" type="stmt"/>
        <line num="24" count="9" type="stmt"/>
      </file>
      <file name="DetailReply.js" path="C:\Users\aysuka ansari\OneDrive\Dokumen\MY_ONLINE_COURSES\Dicoding\Back End Developer\Menjadi Back-End Developer Expert\submission\forum-api-v2\src\Domains\replies\entities\DetailReply.js">
        <metrics statements="11" coveredstatements="11" conditionals="16" coveredconditionals="16" methods="2" coveredmethods="2"/>
        <line num="3" count="6" type="stmt"/>
        <line num="5" count="4" type="stmt"/>
        <line num="7" count="4" type="stmt"/>
        <line num="8" count="4" type="cond" truecount="2" falsecount="0"/>
        <line num="9" count="4" type="stmt"/>
        <line num="10" count="4" type="stmt"/>
        <line num="14" count="6" type="cond" truecount="7" falsecount="0"/>
        <line num="15" count="1" type="stmt"/>
        <line num="18" count="5" type="cond" truecount="7" falsecount="0"/>
        <line num="19" count="1" type="stmt"/>
        <line num="24" count="9" type="stmt"/>
      </file>
    </package>
    <package name="Domains.threads">
      <metrics statements="4" coveredstatements="4" conditionals="0" coveredconditionals="0" methods="3" coveredmethods="3"/>
      <file name="ThreadRepository.js" path="C:\Users\aysuka ansari\OneDrive\Dokumen\MY_ONLINE_COURSES\Dicoding\Back End Developer\Menjadi Back-End Developer Expert\submission\forum-api-v2\src\Domains\threads\ThreadRepository.js">
        <metrics statements="4" coveredstatements="4" conditionals="0" coveredconditionals="0" methods="3" coveredmethods="3"/>
        <line num="3" count="1" type="stmt"/>
        <line num="6" count="1" type="stmt"/>
        <line num="9" count="1" type="stmt"/>
        <line num="13" count="13" type="stmt"/>
      </file>
    </package>
    <package name="Domains.threads.entities">
      <metrics statements="32" coveredstatements="32" conditionals="34" coveredconditionals="34" methods="6" coveredmethods="6"/>
      <file name="AddThread.js" path="C:\Users\aysuka ansari\OneDrive\Dokumen\MY_ONLINE_COURSES\Dicoding\Back End Developer\Menjadi Back-End Developer Expert\submission\forum-api-v2\src\Domains\threads\entities\AddThread.js">
        <metrics statements="10" coveredstatements="10" conditionals="10" coveredconditionals="10" methods="2" coveredmethods="2"/>
        <line num="3" count="10" type="stmt"/>
        <line num="5" count="6" type="stmt"/>
        <line num="7" count="6" type="stmt"/>
        <line num="8" count="6" type="stmt"/>
        <line num="9" count="6" type="stmt"/>
        <line num="13" count="10" type="cond" truecount="5" falsecount="0"/>
        <line num="14" count="2" type="stmt"/>
        <line num="17" count="8" type="cond" truecount="5" falsecount="0"/>
        <line num="18" count="2" type="stmt"/>
        <line num="23" count="10" type="stmt"/>
      </file>
      <file name="AddedThread.js" path="C:\Users\aysuka ansari\OneDrive\Dokumen\MY_ONLINE_COURSES\Dicoding\Back End Developer\Menjadi Back-End Developer Expert\submission\forum-api-v2\src\Domains\threads\entities\AddedThread.js">
        <metrics statements="10" coveredstatements="10" conditionals="10" coveredconditionals="10" methods="2" coveredmethods="2"/>
        <line num="3" count="9" type="stmt"/>
        <line num="5" count="7" type="stmt"/>
        <line num="7" count="7" type="stmt"/>
        <line num="8" count="7" type="stmt"/>
        <line num="9" count="7" type="stmt"/>
        <line num="13" count="9" type="cond" truecount="5" falsecount="0"/>
        <line num="14" count="1" type="stmt"/>
        <line num="17" count="8" type="cond" truecount="5" falsecount="0"/>
        <line num="18" count="1" type="stmt"/>
        <line num="23" count="12" type="stmt"/>
      </file>
      <file name="DetailThread.js" path="C:\Users\aysuka ansari\OneDrive\Dokumen\MY_ONLINE_COURSES\Dicoding\Back End Developer\Menjadi Back-End Developer Expert\submission\forum-api-v2\src\Domains\threads\entities\DetailThread.js">
        <metrics statements="12" coveredstatements="12" conditionals="14" coveredconditionals="14" methods="2" coveredmethods="2"/>
        <line num="3" count="9" type="stmt"/>
        <line num="5" count="7" type="stmt"/>
        <line num="7" count="7" type="stmt"/>
        <line num="8" count="7" type="stmt"/>
        <line num="9" count="7" type="stmt"/>
        <line num="10" count="7" type="stmt"/>
        <line num="11" count="7" type="stmt"/>
        <line num="15" count="9" type="cond" truecount="7" falsecount="0"/>
        <line num="16" count="1" type="stmt"/>
        <line num="19" count="8" type="cond" truecount="7" falsecount="0"/>
        <line num="20" count="1" type="stmt"/>
        <line num="25" count="12" type="stmt"/>
      </file>
    </package>
    <package name="Domains.users">
      <metrics statements="5" coveredstatements="5" conditionals="0" coveredconditionals="0" methods="4" coveredmethods="4"/>
      <file name="UserRepository.js" path="C:\Users\aysuka ansari\OneDrive\Dokumen\MY_ONLINE_COURSES\Dicoding\Back End Developer\Menjadi Back-End Developer Expert\submission\forum-api-v2\src\Domains\users\UserRepository.js">
        <metrics statements="5" coveredstatements="5" conditionals="0" coveredconditionals="0" methods="4" coveredmethods="4"/>
        <line num="3" count="1" type="stmt"/>
        <line num="7" count="1" type="stmt"/>
        <line num="11" count="1" type="stmt"/>
        <line num="15" count="1" type="stmt"/>
        <line num="19" count="10" type="stmt"/>
      </file>
    </package>
    <package name="Domains.users.entities">
      <metrics statements="33" coveredstatements="33" conditionals="32" coveredconditionals="32" methods="6" coveredmethods="6"/>
      <file name="RegisterUser.js" path="C:\Users\aysuka ansari\OneDrive\Dokumen\MY_ONLINE_COURSES\Dicoding\Back End Developer\Menjadi Back-End Developer Expert\submission\forum-api-v2\src\Domains\users\entities\RegisterUser.js">
        <metrics statements="14" coveredstatements="14" conditionals="14" coveredconditionals="14" methods="2" coveredmethods="2"/>
        <line num="3" count="33" type="stmt"/>
        <line num="5" count="25" type="stmt"/>
        <line num="7" count="25" type="stmt"/>
        <line num="8" count="25" type="stmt"/>
        <line num="9" count="25" type="stmt"/>
        <line num="13" count="33" type="cond" truecount="5" falsecount="0"/>
        <line num="14" count="2" type="stmt"/>
        <line num="17" count="31" type="cond" truecount="5" falsecount="0"/>
        <line num="18" count="2" type="stmt"/>
        <line num="21" count="29" type="cond" truecount="2" falsecount="0"/>
        <line num="22" count="2" type="stmt"/>
        <line num="25" count="27" type="cond" truecount="2" falsecount="0"/>
        <line num="26" count="2" type="stmt"/>
        <line num="31" count="10" type="stmt"/>
      </file>
      <file name="RegisteredUser.js" path="C:\Users\aysuka ansari\OneDrive\Dokumen\MY_ONLINE_COURSES\Dicoding\Back End Developer\Menjadi Back-End Developer Expert\submission\forum-api-v2\src\Domains\users\entities\RegisteredUser.js">
        <metrics statements="10" coveredstatements="10" conditionals="10" coveredconditionals="10" methods="2" coveredmethods="2"/>
        <line num="3" count="27" type="stmt"/>
        <line num="5" count="25" type="stmt"/>
        <line num="7" count="25" type="stmt"/>
        <line num="8" count="25" type="stmt"/>
        <line num="9" count="25" type="stmt"/>
        <line num="13" count="27" type="cond" truecount="5" falsecount="0"/>
        <line num="14" count="1" type="stmt"/>
        <line num="17" count="26" type="cond" truecount="5" falsecount="0"/>
        <line num="18" count="1" type="stmt"/>
        <line num="23" count="9" type="stmt"/>
      </file>
      <file name="UserLogin.js" path="C:\Users\aysuka ansari\OneDrive\Dokumen\MY_ONLINE_COURSES\Dicoding\Back End Developer\Menjadi Back-End Developer Expert\submission\forum-api-v2\src\Domains\users\entities\UserLogin.js">
        <metrics statements="9" coveredstatements="9" conditionals="8" coveredconditionals="8" methods="2" coveredmethods="2"/>
        <line num="3" count="25" type="stmt"/>
        <line num="5" count="21" type="stmt"/>
        <line num="6" count="21" type="stmt"/>
        <line num="10" count="25" type="stmt"/>
        <line num="12" count="25" type="cond" truecount="4" falsecount="0"/>
        <line num="13" count="2" type="stmt"/>
        <line num="16" count="23" type="cond" truecount="4" falsecount="0"/>
        <line num="17" count="2" type="stmt"/>
        <line num="22" count="9" type="stmt"/>
      </file>
    </package>
    <package name="Infrastructures.http">
      <metrics statements="34" coveredstatements="34" conditionals="6" coveredconditionals="6" methods="4" coveredmethods="4"/>
      <file name="createServer.js" path="C:\Users\aysuka ansari\OneDrive\Dokumen\MY_ONLINE_COURSES\Dicoding\Back End Developer\Menjadi Back-End Developer Expert\submission\forum-api-v2\src\Infrastructures\http\createServer.js">
        <metrics statements="34" coveredstatements="34" conditionals="6" coveredconditionals="6" methods="4" coveredmethods="4"/>
        <line num="1" count="7" type="stmt"/>
        <line num="2" count="7" type="stmt"/>
        <line num="4" count="7" type="stmt"/>
        <line num="5" count="7" type="stmt"/>
        <line num="7" count="7" type="stmt"/>
        <line num="8" count="7" type="stmt"/>
        <line num="9" count="7" type="stmt"/>
        <line num="10" count="7" type="stmt"/>
        <line num="11" count="7" type="stmt"/>
        <line num="12" count="7" type="stmt"/>
        <line num="14" count="7" type="stmt"/>
        <line num="15" count="61" type="stmt"/>
        <line num="20" count="61" type="stmt"/>
        <line num="26" count="61" type="stmt"/>
        <line num="34" count="15" type="stmt"/>
        <line num="42" count="61" type="stmt"/>
        <line num="69" count="61" type="stmt"/>
        <line num="72" count="1" type="stmt"/>
        <line num="77" count="61" type="stmt"/>
        <line num="79" count="80" type="stmt"/>
        <line num="81" count="80" type="cond" truecount="2" falsecount="0"/>
        <line num="83" count="34" type="stmt"/>
        <line num="86" count="34" type="cond" truecount="2" falsecount="0"/>
        <line num="87" count="26" type="stmt"/>
        <line num="91" count="26" type="stmt"/>
        <line num="92" count="26" type="stmt"/>
        <line num="96" count="8" type="cond" truecount="2" falsecount="0"/>
        <line num="97" count="7" type="stmt"/>
        <line num="102" count="1" type="stmt"/>
        <line num="106" count="1" type="stmt"/>
        <line num="107" count="1" type="stmt"/>
        <line num="111" count="46" type="stmt"/>
        <line num="114" count="61" type="stmt"/>
        <line num="117" count="7" type="stmt"/>
      </file>
    </package>
    <package name="Infrastructures.repository">
      <metrics statements="164" coveredstatements="164" conditionals="28" coveredconditionals="28" methods="31" coveredmethods="31"/>
      <file name="AuthenticationRepositoryPostgres.js" path="C:\Users\aysuka ansari\OneDrive\Dokumen\MY_ONLINE_COURSES\Dicoding\Back End Developer\Menjadi Back-End Developer Expert\submission\forum-api-v2\src\Infrastructures\repository\AuthenticationRepositoryPostgres.js">
        <metrics statements="13" coveredstatements="13" conditionals="2" coveredconditionals="2" methods="4" coveredmethods="4"/>
        <line num="1" count="7" type="stmt"/>
        <line num="2" count="7" type="stmt"/>
        <line num="6" count="9" type="stmt"/>
        <line num="7" count="9" type="stmt"/>
        <line num="11" count="18" type="stmt"/>
        <line num="16" count="18" type="stmt"/>
        <line num="20" count="6" type="stmt"/>
        <line num="25" count="6" type="stmt"/>
        <line num="27" count="6" type="cond" truecount="2" falsecount="0"/>
        <line num="28" count="3" type="stmt"/>
        <line num="33" count="2" type="stmt"/>
        <line num="38" count="2" type="stmt"/>
        <line num="42" count="7" type="stmt"/>
      </file>
      <file name="CommentLikeRepositoryPostgres.js" path="C:\Users\aysuka ansari\OneDrive\Dokumen\MY_ONLINE_COURSES\Dicoding\Back End Developer\Menjadi Back-End Developer Expert\submission\forum-api-v2\src\Infrastructures\repository\CommentLikeRepositoryPostgres.js">
        <metrics statements="27" coveredstatements="27" conditionals="2" coveredconditionals="2" methods="6" coveredmethods="6"/>
        <line num="1" count="7" type="stmt"/>
        <line num="3" count="7" type="stmt"/>
        <line num="4" count="7" type="stmt"/>
        <line num="8" count="8" type="stmt"/>
        <line num="9" count="8" type="stmt"/>
        <line num="10" count="8" type="stmt"/>
        <line num="14" count="3" type="stmt"/>
        <line num="15" count="3" type="stmt"/>
        <line num="20" count="3" type="stmt"/>
        <line num="21" count="3" type="stmt"/>
        <line num="23" count="3" type="stmt"/>
        <line num="24" count="3" type="stmt"/>
        <line num="26" count="2" type="stmt"/>
        <line num="30" count="1" type="stmt"/>
        <line num="35" count="1" type="stmt"/>
        <line num="39" count="4" type="stmt"/>
        <line num="44" count="4" type="stmt"/>
        <line num="45" count="4" type="cond" truecount="2" falsecount="0"/>
        <line num="46" count="1" type="stmt"/>
        <line num="49" count="3" type="stmt"/>
        <line num="53" count="3" type="stmt"/>
        <line num="58" count="3" type="stmt"/>
        <line num="60" count="3" type="stmt"/>
        <line num="64" count="2" type="stmt"/>
        <line num="65" count="2" type="stmt"/>
        <line num="68" count="2" type="stmt"/>
        <line num="72" count="7" type="stmt"/>
      </file>
      <file name="CommentRepositoryPostgres.js" path="C:\Users\aysuka ansari\OneDrive\Dokumen\MY_ONLINE_COURSES\Dicoding\Back End Developer\Menjadi Back-End Developer Expert\submission\forum-api-v2\src\Infrastructures\repository\CommentRepositoryPostgres.js">
        <metrics statements="33" coveredstatements="33" conditionals="6" coveredconditionals="6" methods="6" coveredmethods="6"/>
        <line num="1" count="9" type="stmt"/>
        <line num="2" count="9" type="stmt"/>
        <line num="3" count="9" type="stmt"/>
        <line num="4" count="9" type="stmt"/>
        <line num="5" count="9" type="stmt"/>
        <line num="9" count="20" type="stmt"/>
        <line num="10" count="20" type="stmt"/>
        <line num="11" count="20" type="stmt"/>
        <line num="15" count="3" type="stmt"/>
        <line num="17" count="3" type="stmt"/>
        <line num="18" count="3" type="stmt"/>
        <line num="20" count="3" type="stmt"/>
        <line num="21" count="3" type="stmt"/>
        <line num="23" count="3" type="stmt"/>
        <line num="28" count="3" type="stmt"/>
        <line num="30" count="3" type="stmt"/>
        <line num="38" count="3" type="stmt"/>
        <line num="47" count="3" type="stmt"/>
        <line num="49" count="3" type="stmt"/>
        <line num="53" count="3" type="stmt"/>
        <line num="58" count="3" type="stmt"/>
        <line num="59" count="3" type="cond" truecount="2" falsecount="0"/>
        <line num="60" count="1" type="stmt"/>
        <line num="65" count="4" type="stmt"/>
        <line num="70" count="4" type="stmt"/>
        <line num="72" count="4" type="stmt"/>
        <line num="74" count="4" type="cond" truecount="2" falsecount="0"/>
        <line num="75" count="2" type="stmt"/>
        <line num="80" count="12" type="stmt"/>
        <line num="85" count="12" type="stmt"/>
        <line num="87" count="12" type="cond" truecount="2" falsecount="0"/>
        <line num="88" count="4" type="stmt"/>
        <line num="93" count="9" type="stmt"/>
      </file>
      <file name="ReplyRepositoryPostgres.js" path="C:\Users\aysuka ansari\OneDrive\Dokumen\MY_ONLINE_COURSES\Dicoding\Back End Developer\Menjadi Back-End Developer Expert\submission\forum-api-v2\src\Infrastructures\repository\ReplyRepositoryPostgres.js">
        <metrics statements="40" coveredstatements="40" conditionals="8" coveredconditionals="8" methods="6" coveredmethods="6"/>
        <line num="1" count="7" type="stmt"/>
        <line num="2" count="7" type="stmt"/>
        <line num="4" count="7" type="stmt"/>
        <line num="5" count="7" type="stmt"/>
        <line num="6" count="7" type="stmt"/>
        <line num="7" count="7" type="stmt"/>
        <line num="11" count="15" type="stmt"/>
        <line num="12" count="15" type="stmt"/>
        <line num="13" count="15" type="stmt"/>
        <line num="17" count="3" type="stmt"/>
        <line num="19" count="3" type="stmt"/>
        <line num="20" count="3" type="stmt"/>
        <line num="22" count="3" type="stmt"/>
        <line num="23" count="3" type="stmt"/>
        <line num="25" count="3" type="stmt"/>
        <line num="26" count="3" type="stmt"/>
        <line num="28" count="3" type="stmt"/>
        <line num="33" count="3" type="stmt"/>
        <line num="35" count="3" type="stmt"/>
        <line num="43" count="3" type="stmt"/>
        <line num="53" count="3" type="stmt"/>
        <line num="55" count="3" type="stmt"/>
        <line num="59" count="3" type="stmt"/>
        <line num="64" count="3" type="stmt"/>
        <line num="65" count="3" type="cond" truecount="2" falsecount="0"/>
        <line num="66" count="1" type="stmt"/>
        <line num="71" count="7" type="stmt"/>
        <line num="79" count="7" type="stmt"/>
        <line num="81" count="7" type="cond" truecount="2" falsecount="0"/>
        <line num="82" count="1" type="stmt"/>
        <line num="85" count="6" type="stmt"/>
        <line num="93" count="6" type="stmt"/>
        <line num="95" count="6" type="cond" truecount="2" falsecount="0"/>
        <line num="96" count="3" type="stmt"/>
        <line num="101" count="4" type="stmt"/>
        <line num="106" count="4" type="stmt"/>
        <line num="108" count="4" type="stmt"/>
        <line num="110" count="4" type="cond" truecount="2" falsecount="0"/>
        <line num="111" count="2" type="stmt"/>
        <line num="116" count="7" type="stmt"/>
      </file>
      <file name="ThreadRepositoryPostgres.js" path="C:\Users\aysuka ansari\OneDrive\Dokumen\MY_ONLINE_COURSES\Dicoding\Back End Developer\Menjadi Back-End Developer Expert\submission\forum-api-v2\src\Infrastructures\repository\ThreadRepositoryPostgres.js">
        <metrics statements="24" coveredstatements="24" conditionals="4" coveredconditionals="4" methods="4" coveredmethods="4"/>
        <line num="1" count="10" type="stmt"/>
        <line num="2" count="10" type="stmt"/>
        <line num="3" count="10" type="stmt"/>
        <line num="4" count="10" type="stmt"/>
        <line num="8" count="16" type="stmt"/>
        <line num="9" count="16" type="stmt"/>
        <line num="10" count="16" type="stmt"/>
        <line num="14" count="3" type="stmt"/>
        <line num="16" count="3" type="stmt"/>
        <line num="17" count="3" type="stmt"/>
        <line num="19" count="3" type="stmt"/>
        <line num="24" count="3" type="stmt"/>
        <line num="26" count="3" type="stmt"/>
        <line num="34" count="11" type="stmt"/>
        <line num="39" count="11" type="stmt"/>
        <line num="41" count="11" type="cond" truecount="2" falsecount="0"/>
        <line num="42" count="1" type="stmt"/>
        <line num="47" count="5" type="stmt"/>
        <line num="55" count="5" type="stmt"/>
        <line num="57" count="5" type="cond" truecount="2" falsecount="0"/>
        <line num="58" count="2" type="stmt"/>
        <line num="61" count="3" type="stmt"/>
        <line num="62" count="3" type="stmt"/>
        <line num="68" count="10" type="stmt"/>
      </file>
      <file name="UserRepositoryPostgres.js" path="C:\Users\aysuka ansari\OneDrive\Dokumen\MY_ONLINE_COURSES\Dicoding\Back End Developer\Menjadi Back-End Developer Expert\submission\forum-api-v2\src\Infrastructures\repository\UserRepositoryPostgres.js">
        <metrics statements="27" coveredstatements="27" conditionals="6" coveredconditionals="6" methods="5" coveredmethods="5"/>
        <line num="1" count="7" type="stmt"/>
        <line num="2" count="7" type="stmt"/>
        <line num="3" count="7" type="stmt"/>
        <line num="7" count="14" type="stmt"/>
        <line num="8" count="14" type="stmt"/>
        <line num="9" count="14" type="stmt"/>
        <line num="13" count="22" type="stmt"/>
        <line num="18" count="22" type="stmt"/>
        <line num="20" count="22" type="cond" truecount="2" falsecount="0"/>
        <line num="21" count="2" type="stmt"/>
        <line num="26" count="21" type="stmt"/>
        <line num="27" count="21" type="stmt"/>
        <line num="29" count="21" type="stmt"/>
        <line num="34" count="21" type="stmt"/>
        <line num="36" count="21" type="stmt"/>
        <line num="40" count="21" type="stmt"/>
        <line num="45" count="21" type="stmt"/>
        <line num="47" count="21" type="cond" truecount="2" falsecount="0"/>
        <line num="48" count="2" type="stmt"/>
        <line num="51" count="19" type="stmt"/>
        <line num="55" count="19" type="stmt"/>
        <line num="60" count="19" type="stmt"/>
        <line num="62" count="19" type="cond" truecount="2" falsecount="0"/>
        <line num="63" count="1" type="stmt"/>
        <line num="66" count="18" type="stmt"/>
        <line num="68" count="18" type="stmt"/>
        <line num="72" count="7" type="stmt"/>
      </file>
    </package>
    <package name="Infrastructures.security">
      <metrics statements="23" coveredstatements="23" conditionals="3" coveredconditionals="3" methods="8" coveredmethods="8"/>
      <file name="BcryptPasswordHash.js" path="C:\Users\aysuka ansari\OneDrive\Dokumen\MY_ONLINE_COURSES\Dicoding\Back End Developer\Menjadi Back-End Developer Expert\submission\forum-api-v2\src\Infrastructures\security\BcryptPasswordHash.js">
        <metrics statements="10" coveredstatements="10" conditionals="3" coveredconditionals="3" methods="3" coveredmethods="3"/>
        <line num="1" count="7" type="stmt"/>
        <line num="2" count="7" type="stmt"/>
        <line num="6" count="9" type="stmt"/>
        <line num="7" count="9" type="stmt"/>
        <line num="8" count="9" type="stmt"/>
        <line num="12" count="21" type="stmt"/>
        <line num="16" count="20" type="stmt"/>
        <line num="18" count="20" type="cond" truecount="2" falsecount="0"/>
        <line num="19" count="2" type="stmt"/>
        <line num="24" count="7" type="stmt"/>
      </file>
      <file name="JwtTokenManager.js" path="C:\Users\aysuka ansari\OneDrive\Dokumen\MY_ONLINE_COURSES\Dicoding\Back End Developer\Menjadi Back-End Developer Expert\submission\forum-api-v2\src\Infrastructures\security\JwtTokenManager.js">
        <metrics statements="13" coveredstatements="13" conditionals="0" coveredconditionals="0" methods="5" coveredmethods="5"/>
        <line num="1" count="7" type="stmt"/>
        <line num="2" count="7" type="stmt"/>
        <line num="6" count="10" type="stmt"/>
        <line num="7" count="10" type="stmt"/>
        <line num="11" count="21" type="stmt"/>
        <line num="15" count="20" type="stmt"/>
        <line num="19" count="5" type="stmt"/>
        <line num="20" count="5" type="stmt"/>
        <line num="21" count="4" type="stmt"/>
        <line num="23" count="2" type="stmt"/>
        <line num="28" count="2" type="stmt"/>
        <line num="29" count="2" type="stmt"/>
        <line num="33" count="7" type="stmt"/>
      </file>
    </package>
    <package name="Interfaces.http.api.authentications">
      <metrics statements="25" coveredstatements="25" conditionals="0" coveredconditionals="0" methods="6" coveredmethods="6"/>
      <file name="handler.js" path="C:\Users\aysuka ansari\OneDrive\Dokumen\MY_ONLINE_COURSES\Dicoding\Back End Developer\Menjadi Back-End Developer Expert\submission\forum-api-v2\src\Interfaces\http\api\authentications\handler.js">
        <metrics statements="18" coveredstatements="18" conditionals="0" coveredconditionals="0" methods="4" coveredmethods="4"/>
        <line num="1" count="7" type="stmt"/>
        <line num="3" count="7" type="stmt"/>
        <line num="4" count="7" type="stmt"/>
        <line num="5" count="7" type="stmt"/>
        <line num="9" count="61" type="stmt"/>
        <line num="11" count="61" type="stmt"/>
        <line num="15" count="21" type="stmt"/>
        <line num="16" count="21" type="stmt"/>
        <line num="17" count="17" type="stmt"/>
        <line num="24" count="17" type="stmt"/>
        <line num="25" count="17" type="stmt"/>
        <line num="29" count="5" type="stmt"/>
        <line num="31" count="5" type="stmt"/>
        <line num="33" count="1" type="stmt"/>
        <line num="42" count="4" type="stmt"/>
        <line num="43" count="4" type="stmt"/>
        <line num="44" count="1" type="stmt"/>
        <line num="50" count="7" type="stmt"/>
      </file>
      <file name="index.js" path="C:\Users\aysuka ansari\OneDrive\Dokumen\MY_ONLINE_COURSES\Dicoding\Back End Developer\Menjadi Back-End Developer Expert\submission\forum-api-v2\src\Interfaces\http\api\authentications\index.js">
        <metrics statements="5" coveredstatements="5" conditionals="0" coveredconditionals="0" methods="1" coveredmethods="1"/>
        <line num="1" count="7" type="stmt"/>
        <line num="2" count="7" type="stmt"/>
        <line num="4" count="7" type="stmt"/>
        <line num="7" count="61" type="stmt"/>
        <line num="8" count="61" type="stmt"/>
      </file>
      <file name="routes.js" path="C:\Users\aysuka ansari\OneDrive\Dokumen\MY_ONLINE_COURSES\Dicoding\Back End Developer\Menjadi Back-End Developer Expert\submission\forum-api-v2\src\Interfaces\http\api\authentications\routes.js">
        <metrics statements="2" coveredstatements="2" conditionals="0" coveredconditionals="0" methods="1" coveredmethods="1"/>
        <line num="1" count="61" type="stmt"/>
        <line num="19" count="7" type="stmt"/>
      </file>
    </package>
    <package name="Interfaces.http.api.comments">
      <metrics statements="25" coveredstatements="25" conditionals="0" coveredconditionals="0" methods="5" coveredmethods="5"/>
      <file name="handler.js" path="C:\Users\aysuka ansari\OneDrive\Dokumen\MY_ONLINE_COURSES\Dicoding\Back End Developer\Menjadi Back-End Developer Expert\submission\forum-api-v2\src\Interfaces\http\api\comments\handler.js">
        <metrics statements="18" coveredstatements="18" conditionals="0" coveredconditionals="0" methods="3" coveredmethods="3"/>
        <line num="1" count="7" type="stmt"/>
        <line num="2" count="7" type="stmt"/>
        <line num="3" count="7" type="stmt"/>
        <line num="7" count="61" type="stmt"/>
        <line num="9" count="61" type="stmt"/>
        <line num="13" count="3" type="stmt"/>
        <line num="19" count="3" type="stmt"/>
        <line num="20" count="3" type="stmt"/>
        <line num="22" count="1" type="stmt"/>
        <line num="29" count="1" type="stmt"/>
        <line num="30" count="1" type="stmt"/>
        <line num="35" count="2" type="stmt"/>
        <line num="36" count="2" type="stmt"/>
        <line num="42" count="2" type="stmt"/>
        <line num="43" count="2" type="stmt"/>
        <line num="45" count="1" type="stmt"/>
        <line num="49" count="1" type="stmt"/>
        <line num="53" count="7" type="stmt"/>
      </file>
      <file name="index.js" path="C:\Users\aysuka ansari\OneDrive\Dokumen\MY_ONLINE_COURSES\Dicoding\Back End Developer\Menjadi Back-End Developer Expert\submission\forum-api-v2\src\Interfaces\http\api\comments\index.js">
        <metrics statements="5" coveredstatements="5" conditionals="0" coveredconditionals="0" methods="1" coveredmethods="1"/>
        <line num="1" count="7" type="stmt"/>
        <line num="2" count="7" type="stmt"/>
        <line num="4" count="7" type="stmt"/>
        <line num="8" count="61" type="stmt"/>
        <line num="9" count="61" type="stmt"/>
      </file>
      <file name="routes.js" path="C:\Users\aysuka ansari\OneDrive\Dokumen\MY_ONLINE_COURSES\Dicoding\Back End Developer\Menjadi Back-End Developer Expert\submission\forum-api-v2\src\Interfaces\http\api\comments\routes.js">
        <metrics statements="2" coveredstatements="2" conditionals="0" coveredconditionals="0" methods="1" coveredmethods="1"/>
        <line num="1" count="61" type="stmt"/>
        <line num="20" count="7" type="stmt"/>
      </file>
    </package>
    <package name="Interfaces.http.api.likes">
      <metrics statements="18" coveredstatements="18" conditionals="0" coveredconditionals="0" methods="4" coveredmethods="4"/>
      <file name="handler.js" path="C:\Users\aysuka ansari\OneDrive\Dokumen\MY_ONLINE_COURSES\Dicoding\Back End Developer\Menjadi Back-End Developer Expert\submission\forum-api-v2\src\Interfaces\http\api\likes\handler.js">
        <metrics statements="11" coveredstatements="11" conditionals="0" coveredconditionals="0" methods="2" coveredmethods="2"/>
        <line num="1" count="7" type="stmt"/>
        <line num="2" count="7" type="stmt"/>
        <line num="6" count="61" type="stmt"/>
        <line num="8" count="61" type="stmt"/>
        <line num="12" count="2" type="stmt"/>
        <line num="13" count="2" type="stmt"/>
        <line num="19" count="2" type="stmt"/>
        <line num="22" count="2" type="stmt"/>
        <line num="24" count="1" type="stmt"/>
        <line num="28" count="1" type="stmt"/>
        <line num="32" count="7" type="stmt"/>
      </file>
      <file name="index.js" path="C:\Users\aysuka ansari\OneDrive\Dokumen\MY_ONLINE_COURSES\Dicoding\Back End Developer\Menjadi Back-End Developer Expert\submission\forum-api-v2\src\Interfaces\http\api\likes\index.js">
        <metrics statements="5" coveredstatements="5" conditionals="0" coveredconditionals="0" methods="1" coveredmethods="1"/>
        <line num="1" count="7" type="stmt"/>
        <line num="2" count="7" type="stmt"/>
        <line num="4" count="7" type="stmt"/>
        <line num="8" count="61" type="stmt"/>
        <line num="9" count="61" type="stmt"/>
      </file>
      <file name="routes.js" path="C:\Users\aysuka ansari\OneDrive\Dokumen\MY_ONLINE_COURSES\Dicoding\Back End Developer\Menjadi Back-End Developer Expert\submission\forum-api-v2\src\Interfaces\http\api\likes\routes.js">
        <metrics statements="2" coveredstatements="2" conditionals="0" coveredconditionals="0" methods="1" coveredmethods="1"/>
        <line num="1" count="61" type="stmt"/>
        <line num="12" count="7" type="stmt"/>
      </file>
    </package>
    <package name="Interfaces.http.api.replies">
      <metrics statements="26" coveredstatements="26" conditionals="0" coveredconditionals="0" methods="5" coveredmethods="5"/>
      <file name="handler.js" path="C:\Users\aysuka ansari\OneDrive\Dokumen\MY_ONLINE_COURSES\Dicoding\Back End Developer\Menjadi Back-End Developer Expert\submission\forum-api-v2\src\Interfaces\http\api\replies\handler.js">
        <metrics statements="19" coveredstatements="19" conditionals="0" coveredconditionals="0" methods="3" coveredmethods="3"/>
        <line num="1" count="7" type="stmt"/>
        <line num="2" count="7" type="stmt"/>
        <line num="3" count="7" type="stmt"/>
        <line num="7" count="61" type="stmt"/>
        <line num="9" count="61" type="stmt"/>
        <line num="13" count="3" type="stmt"/>
        <line num="20" count="3" type="stmt"/>
        <line num="21" count="3" type="stmt"/>
        <line num="23" count="1" type="stmt"/>
        <line num="30" count="1" type="stmt"/>
        <line num="31" count="1" type="stmt"/>
        <line num="35" count="2" type="stmt"/>
        <line num="36" count="2" type="stmt"/>
        <line num="37" count="2" type="stmt"/>
        <line num="44" count="2" type="stmt"/>
        <line num="45" count="2" type="stmt"/>
        <line num="47" count="1" type="stmt"/>
        <line num="51" count="1" type="stmt"/>
        <line num="55" count="7" type="stmt"/>
      </file>
      <file name="index.js" path="C:\Users\aysuka ansari\OneDrive\Dokumen\MY_ONLINE_COURSES\Dicoding\Back End Developer\Menjadi Back-End Developer Expert\submission\forum-api-v2\src\Interfaces\http\api\replies\index.js">
        <metrics statements="5" coveredstatements="5" conditionals="0" coveredconditionals="0" methods="1" coveredmethods="1"/>
        <line num="1" count="7" type="stmt"/>
        <line num="2" count="7" type="stmt"/>
        <line num="4" count="7" type="stmt"/>
        <line num="8" count="61" type="stmt"/>
        <line num="9" count="61" type="stmt"/>
      </file>
      <file name="routes.js" path="C:\Users\aysuka ansari\OneDrive\Dokumen\MY_ONLINE_COURSES\Dicoding\Back End Developer\Menjadi Back-End Developer Expert\submission\forum-api-v2\src\Interfaces\http\api\replies\routes.js">
        <metrics statements="2" coveredstatements="2" conditionals="0" coveredconditionals="0" methods="1" coveredmethods="1"/>
        <line num="1" count="61" type="stmt"/>
        <line num="20" count="7" type="stmt"/>
      </file>
    </package>
    <package name="Interfaces.http.api.threads">
      <metrics statements="24" coveredstatements="24" conditionals="0" coveredconditionals="0" methods="5" coveredmethods="5"/>
      <file name="handler.js" path="C:\Users\aysuka ansari\OneDrive\Dokumen\MY_ONLINE_COURSES\Dicoding\Back End Developer\Menjadi Back-End Developer Expert\submission\forum-api-v2\src\Interfaces\http\api\threads\handler.js">
        <metrics statements="17" coveredstatements="17" conditionals="0" coveredconditionals="0" methods="3" coveredmethods="3"/>
        <line num="1" count="7" type="stmt"/>
        <line num="2" count="7" type="stmt"/>
        <line num="3" count="7" type="stmt"/>
        <line num="7" count="61" type="stmt"/>
        <line num="9" count="61" type="stmt"/>
        <line num="13" count="3" type="stmt"/>
        <line num="18" count="3" type="stmt"/>
        <line num="19" count="3" type="stmt"/>
        <line num="21" count="1" type="stmt"/>
        <line num="28" count="1" type="stmt"/>
        <line num="29" count="1" type="stmt"/>
        <line num="33" count="2" type="stmt"/>
        <line num="35" count="2" type="stmt"/>
        <line num="36" count="2" type="stmt"/>
        <line num="38" count="1" type="stmt"/>
        <line num="45" count="1" type="stmt"/>
        <line num="49" count="7" type="stmt"/>
      </file>
      <file name="index.js" path="C:\Users\aysuka ansari\OneDrive\Dokumen\MY_ONLINE_COURSES\Dicoding\Back End Developer\Menjadi Back-End Developer Expert\submission\forum-api-v2\src\Interfaces\http\api\threads\index.js">
        <metrics statements="5" coveredstatements="5" conditionals="0" coveredconditionals="0" methods="1" coveredmethods="1"/>
        <line num="1" count="7" type="stmt"/>
        <line num="2" count="7" type="stmt"/>
        <line num="4" count="7" type="stmt"/>
        <line num="7" count="61" type="stmt"/>
        <line num="8" count="61" type="stmt"/>
      </file>
      <file name="routes.js" path="C:\Users\aysuka ansari\OneDrive\Dokumen\MY_ONLINE_COURSES\Dicoding\Back End Developer\Menjadi Back-End Developer Expert\submission\forum-api-v2\src\Interfaces\http\api\threads\routes.js">
        <metrics statements="2" coveredstatements="2" conditionals="0" coveredconditionals="0" methods="1" coveredmethods="1"/>
        <line num="1" count="61" type="stmt"/>
        <line num="17" count="7" type="stmt"/>
      </file>
    </package>
    <package name="Interfaces.http.api.users">
      <metrics statements="17" coveredstatements="17" conditionals="0" coveredconditionals="0" methods="4" coveredmethods="4"/>
      <file name="handler.js" path="C:\Users\aysuka ansari\OneDrive\Dokumen\MY_ONLINE_COURSES\Dicoding\Back End Developer\Menjadi Back-End Developer Expert\submission\forum-api-v2\src\Interfaces\http\api\users\handler.js">
        <metrics statements="10" coveredstatements="10" conditionals="0" coveredconditionals="0" methods="2" coveredmethods="2"/>
        <line num="1" count="7" type="stmt"/>
        <line num="3" count="7" type="stmt"/>
        <line num="7" count="61" type="stmt"/>
        <line num="9" count="61" type="stmt"/>
        <line num="13" count="25" type="stmt"/>
        <line num="14" count="24" type="stmt"/>
        <line num="16" count="19" type="stmt"/>
        <line num="22" count="19" type="stmt"/>
        <line num="23" count="19" type="stmt"/>
        <line num="27" count="7" type="stmt"/>
      </file>
      <file name="index.js" path="C:\Users\aysuka ansari\OneDrive\Dokumen\MY_ONLINE_COURSES\Dicoding\Back End Developer\Menjadi Back-End Developer Expert\submission\forum-api-v2\src\Interfaces\http\api\users\index.js">
        <metrics statements="5" coveredstatements="5" conditionals="0" coveredconditionals="0" methods="1" coveredmethods="1"/>
        <line num="1" count="7" type="stmt"/>
        <line num="2" count="7" type="stmt"/>
        <line num="4" count="7" type="stmt"/>
        <line num="7" count="61" type="stmt"/>
        <line num="8" count="61" type="stmt"/>
      </file>
      <file name="routes.js" path="C:\Users\aysuka ansari\OneDrive\Dokumen\MY_ONLINE_COURSES\Dicoding\Back End Developer\Menjadi Back-End Developer Expert\submission\forum-api-v2\src\Interfaces\http\api\users\routes.js">
        <metrics statements="2" coveredstatements="2" conditionals="0" coveredconditionals="0" methods="1" coveredmethods="1"/>
        <line num="1" count="61" type="stmt"/>
        <line num="9" count="7" type="stmt"/>
      </file>
    </package>
  </project>
</coverage>
