{"C:\\Users\\aysuka ansari\\OneDrive\\Dokumen\\MY_ONLINE_COURSES\\Dicoding\\Back End Developer\\Menjadi Back-End Developer Expert\\submission\\forum-api-v2\\src\\Applications\\security\\AuthenticationTokenManager.js": {"path":"C:\\Users\\aysuka ansari\\OneDrive\\Dokumen\\MY_ONLINE_COURSES\\Dicoding\\Back End Developer\\Menjadi Back-End Developer Expert\\submission\\forum-api-v2\\src\\Applications\\security\\AuthenticationTokenManager.js","statementMap":{"0":{"start":{"line":3,"column":4},"end":{"line":3,"column":75}},"1":{"start":{"line":7,"column":4},"end":{"line":7,"column":75}},"2":{"start":{"line":11,"column":4},"end":{"line":11,"column":75}},"3":{"start":{"line":15,"column":4},"end":{"line":15,"column":75}},"4":{"start":{"line":19,"column":0},"end":{"line":19,"column":44}}},"fnMap":{"0":{"name":"(anonymous_0)","decl":{"start":{"line":2,"column":2},"end":{"line":2,"column":3}},"loc":{"start":{"line":2,"column":36},"end":{"line":4,"column":3}},"line":2},"1":{"name":"(anonymous_1)","decl":{"start":{"line":6,"column":2},"end":{"line":6,"column":3}},"loc":{"start":{"line":6,"column":35},"end":{"line":8,"column":3}},"line":6},"2":{"name":"(anonymous_2)","decl":{"start":{"line":10,"column":2},"end":{"line":10,"column":3}},"loc":{"start":{"line":10,"column":34},"end":{"line":12,"column":3}},"line":10},"3":{"name":"(anonymous_3)","decl":{"start":{"line":14,"column":2},"end":{"line":14,"column":3}},"loc":{"start":{"line":14,"column":24},"end":{"line":16,"column":3}},"line":14}},"branchMap":{},"s":{"0":1,"1":1,"2":1,"3":1,"4":10},"f":{"0":1,"1":1,"2":1,"3":1},"b":{},"_coverageSchema":"1a1c01bbd47fc00a2c39e90264f33305004495a9","hash":"32d38cfb912f1f8083cda1255d33a2a04e1cfd7b"}
,"C:\\Users\\aysuka ansari\\OneDrive\\Dokumen\\MY_ONLINE_COURSES\\Dicoding\\Back End Developer\\Menjadi Back-End Developer Expert\\submission\\forum-api-v2\\src\\Applications\\security\\PasswordHash.js": {"path":"C:\\Users\\aysuka ansari\\OneDrive\\Dokumen\\MY_ONLINE_COURSES\\Dicoding\\Back End Developer\\Menjadi Back-End Developer Expert\\submission\\forum-api-v2\\src\\Applications\\security\\PasswordHash.js","statementMap":{"0":{"start":{"line":3,"column":4},"end":{"line":3,"column":60}},"1":{"start":{"line":7,"column":4},"end":{"line":7,"column":60}},"2":{"start":{"line":11,"column":0},"end":{"line":11,"column":30}}},"fnMap":{"0":{"name":"(anonymous_0)","decl":{"start":{"line":2,"column":2},"end":{"line":2,"column":3}},"loc":{"start":{"line":2,"column":23},"end":{"line":4,"column":3}},"line":2},"1":{"name":"(anonymous_1)","decl":{"start":{"line":6,"column":2},"end":{"line":6,"column":3}},"loc":{"start":{"line":6,"column":42},"end":{"line":8,"column":3}},"line":6}},"branchMap":{},"s":{"0":1,"1":1,"2":10},"f":{"0":1,"1":1},"b":{},"_coverageSchema":"1a1c01bbd47fc00a2c39e90264f33305004495a9","hash":"769c58b3eaaebc8ed4306325c71047bdcd95b29f"}
,"C:\\Users\\aysuka ansari\\OneDrive\\Dokumen\\MY_ONLINE_COURSES\\Dicoding\\Back End Developer\\Menjadi Back-End Developer Expert\\submission\\forum-api-v2\\src\\Applications\\use_case\\AddCommentUseCase.js": {"path":"C:\\Users\\aysuka ansari\\OneDrive\\Dokumen\\MY_ONLINE_COURSES\\Dicoding\\Back End Developer\\Menjadi Back-End Developer Expert\\submission\\forum-api-v2\\src\\Applications\\use_case\\AddCommentUseCase.js","statementMap":{"0":{"start":{"line":1,"column":19},"end":{"line":1,"column":72}},"1":{"start":{"line":5,"column":4},"end":{"line":5,"column":48}},"2":{"start":{"line":9,"column":23},"end":{"line":9,"column":46}},"3":{"start":{"line":10,"column":4},"end":{"line":10,"column":58}},"4":{"start":{"line":14,"column":0},"end":{"line":14,"column":35}}},"fnMap":{"0":{"name":"(anonymous_0)","decl":{"start":{"line":4,"column":2},"end":{"line":4,"column":3}},"loc":{"start":{"line":4,"column":37},"end":{"line":6,"column":3}},"line":4},"1":{"name":"(anonymous_1)","decl":{"start":{"line":8,"column":2},"end":{"line":8,"column":3}},"loc":{"start":{"line":8,"column":25},"end":{"line":11,"column":3}},"line":8}},"branchMap":{},"s":{"0":8,"1":2,"2":4,"3":2,"4":8},"f":{"0":2,"1":4},"b":{},"_coverageSchema":"1a1c01bbd47fc00a2c39e90264f33305004495a9","hash":"85e77c3d89a115728f029affdb60bc5f28403cd5"}
,"C:\\Users\\aysuka ansari\\OneDrive\\Dokumen\\MY_ONLINE_COURSES\\Dicoding\\Back End Developer\\Menjadi Back-End Developer Expert\\submission\\forum-api-v2\\src\\Applications\\use_case\\AddReplyUseCase.js": {"path":"C:\\Users\\aysuka ansari\\OneDrive\\Dokumen\\MY_ONLINE_COURSES\\Dicoding\\Back End Developer\\Menjadi Back-End Developer Expert\\submission\\forum-api-v2\\src\\Applications\\use_case\\AddReplyUseCase.js","statementMap":{"0":{"start":{"line":1,"column":17},"end":{"line":1,"column":67}},"1":{"start":{"line":5,"column":4},"end":{"line":5,"column":44}},"2":{"start":{"line":9,"column":21},"end":{"line":9,"column":42}},"3":{"start":{"line":10,"column":4},"end":{"line":10,"column":52}},"4":{"start":{"line":14,"column":0},"end":{"line":14,"column":33}}},"fnMap":{"0":{"name":"(anonymous_0)","decl":{"start":{"line":4,"column":2},"end":{"line":4,"column":3}},"loc":{"start":{"line":4,"column":35},"end":{"line":6,"column":3}},"line":4},"1":{"name":"(anonymous_1)","decl":{"start":{"line":8,"column":2},"end":{"line":8,"column":3}},"loc":{"start":{"line":8,"column":25},"end":{"line":11,"column":3}},"line":8}},"branchMap":{},"s":{"0":8,"1":2,"2":4,"3":2,"4":8},"f":{"0":2,"1":4},"b":{},"_coverageSchema":"1a1c01bbd47fc00a2c39e90264f33305004495a9","hash":"4737b4cfe08219c58ec0c9c819a8a7a8a9ce2d4c"}
,"C:\\Users\\aysuka ansari\\OneDrive\\Dokumen\\MY_ONLINE_COURSES\\Dicoding\\Back End Developer\\Menjadi Back-End Developer Expert\\submission\\forum-api-v2\\src\\Applications\\use_case\\AddThreadUseCase.js": {"path":"C:\\Users\\aysuka ansari\\OneDrive\\Dokumen\\MY_ONLINE_COURSES\\Dicoding\\Back End Developer\\Menjadi Back-End Developer Expert\\submission\\forum-api-v2\\src\\Applications\\use_case\\AddThreadUseCase.js","statementMap":{"0":{"start":{"line":1,"column":18},"end":{"line":1,"column":69}},"1":{"start":{"line":5,"column":4},"end":{"line":5,"column":46}},"2":{"start":{"line":9,"column":22},"end":{"line":9,"column":44}},"3":{"start":{"line":10,"column":4},"end":{"line":10,"column":55}},"4":{"start":{"line":14,"column":0},"end":{"line":14,"column":34}}},"fnMap":{"0":{"name":"(anonymous_0)","decl":{"start":{"line":4,"column":2},"end":{"line":4,"column":3}},"loc":{"start":{"line":4,"column":36},"end":{"line":6,"column":3}},"line":4},"1":{"name":"(anonymous_1)","decl":{"start":{"line":8,"column":2},"end":{"line":8,"column":3}},"loc":{"start":{"line":8,"column":25},"end":{"line":11,"column":3}},"line":8}},"branchMap":{},"s":{"0":8,"1":2,"2":4,"3":2,"4":8},"f":{"0":2,"1":4},"b":{},"_coverageSchema":"1a1c01bbd47fc00a2c39e90264f33305004495a9","hash":"ca78506eaa89130cdcae7806ff7b6e1399eb08ef"}
,"C:\\Users\\aysuka ansari\\OneDrive\\Dokumen\\MY_ONLINE_COURSES\\Dicoding\\Back End Developer\\Menjadi Back-End Developer Expert\\submission\\forum-api-v2\\src\\Applications\\use_case\\AddUserUseCase.js": {"path":"C:\\Users\\aysuka ansari\\OneDrive\\Dokumen\\MY_ONLINE_COURSES\\Dicoding\\Back End Developer\\Menjadi Back-End Developer Expert\\submission\\forum-api-v2\\src\\Applications\\use_case\\AddUserUseCase.js","statementMap":{"0":{"start":{"line":1,"column":21},"end":{"line":1,"column":73}},"1":{"start":{"line":5,"column":4},"end":{"line":5,"column":42}},"2":{"start":{"line":6,"column":4},"end":{"line":6,"column":38}},"3":{"start":{"line":10,"column":25},"end":{"line":10,"column":57}},"4":{"start":{"line":11,"column":4},"end":{"line":11,"column":78}},"5":{"start":{"line":12,"column":4},"end":{"line":12,"column":81}},"6":{"start":{"line":13,"column":4},"end":{"line":13,"column":54}},"7":{"start":{"line":17,"column":0},"end":{"line":17,"column":32}}},"fnMap":{"0":{"name":"(anonymous_0)","decl":{"start":{"line":4,"column":2},"end":{"line":4,"column":3}},"loc":{"start":{"line":4,"column":48},"end":{"line":7,"column":3}},"line":4},"1":{"name":"(anonymous_1)","decl":{"start":{"line":9,"column":2},"end":{"line":9,"column":3}},"loc":{"start":{"line":9,"column":32},"end":{"line":14,"column":3}},"line":9}},"branchMap":{},"s":{"0":8,"1":7,"2":7,"3":25,"4":21,"5":20,"6":20,"7":8},"f":{"0":7,"1":25},"b":{},"_coverageSchema":"1a1c01bbd47fc00a2c39e90264f33305004495a9","hash":"605a53eff6504c3302114c879affa2678e6c0ef8"}
,"C:\\Users\\aysuka ansari\\OneDrive\\Dokumen\\MY_ONLINE_COURSES\\Dicoding\\Back End Developer\\Menjadi Back-End Developer Expert\\submission\\forum-api-v2\\src\\Applications\\use_case\\DeleteAuthenticationUseCase.js": {"path":"C:\\Users\\aysuka ansari\\OneDrive\\Dokumen\\MY_ONLINE_COURSES\\Dicoding\\Back End Developer\\Menjadi Back-End Developer Expert\\submission\\forum-api-v2\\src\\Applications\\use_case\\DeleteAuthenticationUseCase.js","statementMap":{"0":{"start":{"line":5,"column":4},"end":{"line":5,"column":62}},"1":{"start":{"line":9,"column":4},"end":{"line":9,"column":42}},"2":{"start":{"line":10,"column":29},"end":{"line":10,"column":43}},"3":{"start":{"line":11,"column":4},"end":{"line":11,"column":78}},"4":{"start":{"line":12,"column":4},"end":{"line":12,"column":67}},"5":{"start":{"line":16,"column":29},"end":{"line":16,"column":36}},"6":{"start":{"line":17,"column":4},"end":{"line":19,"column":5}},"7":{"start":{"line":18,"column":6},"end":{"line":18,"column":82}},"8":{"start":{"line":21,"column":4},"end":{"line":23,"column":5}},"9":{"start":{"line":22,"column":6},"end":{"line":22,"column":97}},"10":{"start":{"line":27,"column":0},"end":{"line":27,"column":45}}},"fnMap":{"0":{"name":"(anonymous_0)","decl":{"start":{"line":2,"column":2},"end":{"line":2,"column":3}},"loc":{"start":{"line":4,"column":5},"end":{"line":6,"column":3}},"line":4},"1":{"name":"(anonymous_1)","decl":{"start":{"line":8,"column":2},"end":{"line":8,"column":3}},"loc":{"start":{"line":8,"column":32},"end":{"line":13,"column":3}},"line":8},"2":{"name":"(anonymous_2)","decl":{"start":{"line":15,"column":2},"end":{"line":15,"column":3}},"loc":{"start":{"line":15,"column":28},"end":{"line":24,"column":3}},"line":15}},"branchMap":{"0":{"loc":{"start":{"line":17,"column":4},"end":{"line":19,"column":5}},"type":"if","locations":[{"start":{"line":17,"column":4},"end":{"line":19,"column":5}},{"start":{},"end":{}}],"line":17},"1":{"loc":{"start":{"line":21,"column":4},"end":{"line":23,"column":5}},"type":"if","locations":[{"start":{"line":21,"column":4},"end":{"line":23,"column":5}},{"start":{},"end":{}}],"line":21}},"s":{"0":3,"1":3,"2":1,"3":1,"4":1,"5":3,"6":3,"7":1,"8":2,"9":1,"10":1},"f":{"0":3,"1":3,"2":3},"b":{"0":[1,2],"1":[1,1]},"_coverageSchema":"1a1c01bbd47fc00a2c39e90264f33305004495a9","hash":"99d0977b8277b2507bad9311b59ba822382c4e99"}
,"C:\\Users\\aysuka ansari\\OneDrive\\Dokumen\\MY_ONLINE_COURSES\\Dicoding\\Back End Developer\\Menjadi Back-End Developer Expert\\submission\\forum-api-v2\\src\\Applications\\use_case\\DeleteCommentUseCase.js": {"path":"C:\\Users\\aysuka ansari\\OneDrive\\Dokumen\\MY_ONLINE_COURSES\\Dicoding\\Back End Developer\\Menjadi Back-End Developer Expert\\submission\\forum-api-v2\\src\\Applications\\use_case\\DeleteCommentUseCase.js","statementMap":{"0":{"start":{"line":1,"column":22},"end":{"line":1,"column":78}},"1":{"start":{"line":5,"column":4},"end":{"line":5,"column":48}},"2":{"start":{"line":9,"column":26},"end":{"line":9,"column":52}},"3":{"start":{"line":10,"column":4},"end":{"line":10,"column":109}},"4":{"start":{"line":11,"column":4},"end":{"line":11,"column":92}},"5":{"start":{"line":12,"column":4},"end":{"line":12,"column":70}},"6":{"start":{"line":16,"column":0},"end":{"line":16,"column":38}}},"fnMap":{"0":{"name":"(anonymous_0)","decl":{"start":{"line":4,"column":2},"end":{"line":4,"column":3}},"loc":{"start":{"line":4,"column":37},"end":{"line":6,"column":3}},"line":4},"1":{"name":"(anonymous_1)","decl":{"start":{"line":8,"column":2},"end":{"line":8,"column":3}},"loc":{"start":{"line":8,"column":25},"end":{"line":13,"column":3}},"line":8}},"branchMap":{},"s":{"0":8,"1":2,"2":3,"3":3,"4":3,"5":2,"6":8},"f":{"0":2,"1":3},"b":{},"_coverageSchema":"1a1c01bbd47fc00a2c39e90264f33305004495a9","hash":"d18b47e469fb3eec1d072d22b8fd801a56123257"}
,"C:\\Users\\aysuka ansari\\OneDrive\\Dokumen\\MY_ONLINE_COURSES\\Dicoding\\Back End Developer\\Menjadi Back-End Developer Expert\\submission\\forum-api-v2\\src\\Applications\\use_case\\DeleteReplyUseCase.js": {"path":"C:\\Users\\aysuka ansari\\OneDrive\\Dokumen\\MY_ONLINE_COURSES\\Dicoding\\Back End Developer\\Menjadi Back-End Developer Expert\\submission\\forum-api-v2\\src\\Applications\\use_case\\DeleteReplyUseCase.js","statementMap":{"0":{"start":{"line":1,"column":20},"end":{"line":1,"column":73}},"1":{"start":{"line":5,"column":4},"end":{"line":5,"column":44}},"2":{"start":{"line":9,"column":24},"end":{"line":9,"column":48}},"3":{"start":{"line":10,"column":4},"end":{"line":10,"column":125}},"4":{"start":{"line":11,"column":4},"end":{"line":11,"column":84}},"5":{"start":{"line":12,"column":4},"end":{"line":12,"column":64}},"6":{"start":{"line":16,"column":0},"end":{"line":16,"column":36}}},"fnMap":{"0":{"name":"(anonymous_0)","decl":{"start":{"line":4,"column":2},"end":{"line":4,"column":3}},"loc":{"start":{"line":4,"column":35},"end":{"line":6,"column":3}},"line":4},"1":{"name":"(anonymous_1)","decl":{"start":{"line":8,"column":2},"end":{"line":8,"column":3}},"loc":{"start":{"line":8,"column":25},"end":{"line":13,"column":3}},"line":8}},"branchMap":{},"s":{"0":8,"1":2,"2":3,"3":3,"4":3,"5":2,"6":8},"f":{"0":2,"1":3},"b":{},"_coverageSchema":"1a1c01bbd47fc00a2c39e90264f33305004495a9","hash":"e6dd7a5316102fdfc46f3db157c7248bab71c09d"}
,"C:\\Users\\aysuka ansari\\OneDrive\\Dokumen\\MY_ONLINE_COURSES\\Dicoding\\Back End Developer\\Menjadi Back-End Developer Expert\\submission\\forum-api-v2\\src\\Applications\\use_case\\DetailThreadUseCase.js": {"path":"C:\\Users\\aysuka ansari\\OneDrive\\Dokumen\\MY_ONLINE_COURSES\\Dicoding\\Back End Developer\\Menjadi Back-End Developer Expert\\submission\\forum-api-v2\\src\\Applications\\use_case\\DetailThreadUseCase.js","statementMap":{"0":{"start":{"line":1,"column":22},"end":{"line":1,"column":78}},"1":{"start":{"line":2,"column":20},"end":{"line":2,"column":73}},"2":{"start":{"line":6,"column":4},"end":{"line":6,"column":46}},"3":{"start":{"line":7,"column":4},"end":{"line":7,"column":48}},"4":{"start":{"line":8,"column":4},"end":{"line":8,"column":44}},"5":{"start":{"line":9,"column":4},"end":{"line":9,"column":56}},"6":{"start":{"line":13,"column":19},"end":{"line":13,"column":65}},"7":{"start":{"line":14,"column":19},"end":{"line":14,"column":77}},"8":{"start":{"line":15,"column":20},"end":{"line":15,"column":75}},"9":{"start":{"line":17,"column":4},"end":{"line":17,"column":89}},"10":{"start":{"line":19,"column":4},"end":{"line":25,"column":7}},"11":{"start":{"line":20,"column":6},"end":{"line":24,"column":8}},"12":{"start":{"line":22,"column":43},"end":{"line":22,"column":74}},"13":{"start":{"line":23,"column":27},"end":{"line":23,"column":54}},"14":{"start":{"line":27,"column":4},"end":{"line":27,"column":33}},"15":{"start":{"line":31,"column":0},"end":{"line":31,"column":37}}},"fnMap":{"0":{"name":"(anonymous_0)","decl":{"start":{"line":5,"column":2},"end":{"line":5,"column":3}},"loc":{"start":{"line":5,"column":95},"end":{"line":10,"column":3}},"line":5},"1":{"name":"(anonymous_1)","decl":{"start":{"line":12,"column":2},"end":{"line":12,"column":3}},"loc":{"start":{"line":12,"column":20},"end":{"line":28,"column":3}},"line":12},"2":{"name":"(anonymous_2)","decl":{"start":{"line":19,"column":28},"end":{"line":19,"column":29}},"loc":{"start":{"line":19,"column":41},"end":{"line":25,"column":5}},"line":19},"3":{"name":"(anonymous_3)","decl":{"start":{"line":22,"column":32},"end":{"line":22,"column":33}},"loc":{"start":{"line":22,"column":43},"end":{"line":22,"column":74}},"line":22},"4":{"name":"(anonymous_4)","decl":{"start":{"line":23,"column":15},"end":{"line":23,"column":16}},"loc":{"start":{"line":23,"column":27},"end":{"line":23,"column":54}},"line":23}},"branchMap":{},"s":{"0":8,"1":8,"2":3,"3":3,"4":3,"5":3,"6":4,"7":3,"8":3,"9":3,"10":3,"11":2,"12":2,"13":2,"14":3,"15":8},"f":{"0":3,"1":4,"2":2,"3":2,"4":2},"b":{},"_coverageSchema":"1a1c01bbd47fc00a2c39e90264f33305004495a9","hash":"789c1c9afa07d62ca97ba01753f056e9665df237"}
,"C:\\Users\\aysuka ansari\\OneDrive\\Dokumen\\MY_ONLINE_COURSES\\Dicoding\\Back End Developer\\Menjadi Back-End Developer Expert\\submission\\forum-api-v2\\src\\Applications\\use_case\\LikeUnlikeCommentUseCase.js": {"path":"C:\\Users\\aysuka ansari\\OneDrive\\Dokumen\\MY_ONLINE_COURSES\\Dicoding\\Back End Developer\\Menjadi Back-End Developer Expert\\submission\\forum-api-v2\\src\\Applications\\use_case\\LikeUnlikeCommentUseCase.js","statementMap":{"0":{"start":{"line":1,"column":23},"end":{"line":1,"column":77}},"1":{"start":{"line":5,"column":4},"end":{"line":5,"column":56}},"2":{"start":{"line":9,"column":27},"end":{"line":9,"column":54}},"3":{"start":{"line":11,"column":20},"end":{"line":14,"column":5}},"4":{"start":{"line":16,"column":4},"end":{"line":18,"column":5}},"5":{"start":{"line":17,"column":6},"end":{"line":17,"column":110}},"6":{"start":{"line":20,"column":4},"end":{"line":20,"column":73}},"7":{"start":{"line":24,"column":0},"end":{"line":24,"column":42}}},"fnMap":{"0":{"name":"(anonymous_0)","decl":{"start":{"line":4,"column":2},"end":{"line":4,"column":3}},"loc":{"start":{"line":4,"column":41},"end":{"line":6,"column":3}},"line":4},"1":{"name":"(anonymous_1)","decl":{"start":{"line":8,"column":2},"end":{"line":8,"column":3}},"loc":{"start":{"line":8,"column":25},"end":{"line":21,"column":3}},"line":8}},"branchMap":{"0":{"loc":{"start":{"line":16,"column":4},"end":{"line":18,"column":5}},"type":"if","locations":[{"start":{"line":16,"column":4},"end":{"line":18,"column":5}},{"start":{},"end":{}}],"line":16}},"s":{"0":8,"1":3,"2":4,"3":4,"4":4,"5":1,"6":3,"7":8},"f":{"0":3,"1":4},"b":{"0":[1,3]},"_coverageSchema":"1a1c01bbd47fc00a2c39e90264f33305004495a9","hash":"df7eed56ef5d09dd3db379b8258cea38be500010"}
,"C:\\Users\\aysuka ansari\\OneDrive\\Dokumen\\MY_ONLINE_COURSES\\Dicoding\\Back End Developer\\Menjadi Back-End Developer Expert\\submission\\forum-api-v2\\src\\Applications\\use_case\\LoginUserUseCase.js": {"path":"C:\\Users\\aysuka ansari\\OneDrive\\Dokumen\\MY_ONLINE_COURSES\\Dicoding\\Back End Developer\\Menjadi Back-End Developer Expert\\submission\\forum-api-v2\\src\\Applications\\use_case\\LoginUserUseCase.js","statementMap":{"0":{"start":{"line":1,"column":18},"end":{"line":1,"column":67}},"1":{"start":{"line":2,"column":26},"end":{"line":2,"column":83}},"2":{"start":{"line":11,"column":4},"end":{"line":11,"column":42}},"3":{"start":{"line":12,"column":4},"end":{"line":12,"column":62}},"4":{"start":{"line":13,"column":4},"end":{"line":13,"column":66}},"5":{"start":{"line":14,"column":4},"end":{"line":14,"column":38}},"6":{"start":{"line":18,"column":35},"end":{"line":18,"column":64}},"7":{"start":{"line":20,"column":30},"end":{"line":20,"column":88}},"8":{"start":{"line":22,"column":4},"end":{"line":22,"column":74}},"9":{"start":{"line":24,"column":15},"end":{"line":24,"column":67}},"10":{"start":{"line":26,"column":24},"end":{"line":27,"column":42}},"11":{"start":{"line":28,"column":25},"end":{"line":29,"column":43}},"12":{"start":{"line":31,"column":30},"end":{"line":34,"column":6}},"13":{"start":{"line":36,"column":4},"end":{"line":36,"column":82}},"14":{"start":{"line":38,"column":4},"end":{"line":38,"column":29}},"15":{"start":{"line":42,"column":0},"end":{"line":42,"column":34}}},"fnMap":{"0":{"name":"(anonymous_0)","decl":{"start":{"line":5,"column":2},"end":{"line":5,"column":3}},"loc":{"start":{"line":10,"column":5},"end":{"line":15,"column":3}},"line":10},"1":{"name":"(anonymous_1)","decl":{"start":{"line":17,"column":2},"end":{"line":17,"column":3}},"loc":{"start":{"line":17,"column":32},"end":{"line":39,"column":3}},"line":17}},"branchMap":{},"s":{"0":8,"1":8,"2":6,"3":6,"4":6,"5":6,"6":22,"7":20,"8":19,"9":18,"10":18,"11":18,"12":18,"13":18,"14":18,"15":8},"f":{"0":6,"1":22},"b":{},"_coverageSchema":"1a1c01bbd47fc00a2c39e90264f33305004495a9","hash":"186ba883caf9b1cd8f5ef180cf546d14cba459d7"}
,"C:\\Users\\aysuka ansari\\OneDrive\\Dokumen\\MY_ONLINE_COURSES\\Dicoding\\Back End Developer\\Menjadi Back-End Developer Expert\\submission\\forum-api-v2\\src\\Applications\\use_case\\LogoutUserUseCase.js": {"path":"C:\\Users\\aysuka ansari\\OneDrive\\Dokumen\\MY_ONLINE_COURSES\\Dicoding\\Back End Developer\\Menjadi Back-End Developer Expert\\submission\\forum-api-v2\\src\\Applications\\use_case\\LogoutUserUseCase.js","statementMap":{"0":{"start":{"line":5,"column":4},"end":{"line":5,"column":62}},"1":{"start":{"line":9,"column":4},"end":{"line":9,"column":42}},"2":{"start":{"line":10,"column":29},"end":{"line":10,"column":43}},"3":{"start":{"line":11,"column":4},"end":{"line":11,"column":78}},"4":{"start":{"line":12,"column":4},"end":{"line":12,"column":67}},"5":{"start":{"line":16,"column":29},"end":{"line":16,"column":36}},"6":{"start":{"line":17,"column":4},"end":{"line":19,"column":5}},"7":{"start":{"line":18,"column":6},"end":{"line":18,"column":82}},"8":{"start":{"line":21,"column":4},"end":{"line":23,"column":5}},"9":{"start":{"line":22,"column":6},"end":{"line":22,"column":97}},"10":{"start":{"line":27,"column":0},"end":{"line":27,"column":35}}},"fnMap":{"0":{"name":"(anonymous_0)","decl":{"start":{"line":2,"column":2},"end":{"line":2,"column":3}},"loc":{"start":{"line":4,"column":5},"end":{"line":6,"column":3}},"line":4},"1":{"name":"(anonymous_1)","decl":{"start":{"line":8,"column":2},"end":{"line":8,"column":3}},"loc":{"start":{"line":8,"column":32},"end":{"line":13,"column":3}},"line":8},"2":{"name":"(anonymous_2)","decl":{"start":{"line":15,"column":2},"end":{"line":15,"column":3}},"loc":{"start":{"line":15,"column":28},"end":{"line":24,"column":3}},"line":15}},"branchMap":{"0":{"loc":{"start":{"line":17,"column":4},"end":{"line":19,"column":5}},"type":"if","locations":[{"start":{"line":17,"column":4},"end":{"line":19,"column":5}},{"start":{},"end":{}}],"line":17},"1":{"loc":{"start":{"line":21,"column":4},"end":{"line":23,"column":5}},"type":"if","locations":[{"start":{"line":21,"column":4},"end":{"line":23,"column":5}},{"start":{},"end":{}}],"line":21}},"s":{"0":4,"1":7,"2":3,"3":3,"4":2,"5":7,"6":7,"7":2,"8":5,"9":2,"10":8},"f":{"0":4,"1":7,"2":7},"b":{"0":[2,5],"1":[2,3]},"_coverageSchema":"1a1c01bbd47fc00a2c39e90264f33305004495a9","hash":"b871dcd563415fc5d6869a407eead682461ba414"}
,"C:\\Users\\aysuka ansari\\OneDrive\\Dokumen\\MY_ONLINE_COURSES\\Dicoding\\Back End Developer\\Menjadi Back-End Developer Expert\\submission\\forum-api-v2\\src\\Applications\\use_case\\RefreshAuthenticationUseCase.js": {"path":"C:\\Users\\aysuka ansari\\OneDrive\\Dokumen\\MY_ONLINE_COURSES\\Dicoding\\Back End Developer\\Menjadi Back-End Developer Expert\\submission\\forum-api-v2\\src\\Applications\\use_case\\RefreshAuthenticationUseCase.js","statementMap":{"0":{"start":{"line":6,"column":4},"end":{"line":6,"column":62}},"1":{"start":{"line":7,"column":4},"end":{"line":7,"column":66}},"2":{"start":{"line":11,"column":4},"end":{"line":11,"column":40}},"3":{"start":{"line":12,"column":29},"end":{"line":12,"column":43}},"4":{"start":{"line":14,"column":4},"end":{"line":14,"column":76}},"5":{"start":{"line":15,"column":4},"end":{"line":15,"column":78}},"6":{"start":{"line":17,"column":29},"end":{"line":17,"column":95}},"7":{"start":{"line":19,"column":4},"end":{"line":19,"column":80}},"8":{"start":{"line":23,"column":29},"end":{"line":23,"column":36}},"9":{"start":{"line":25,"column":4},"end":{"line":27,"column":5}},"10":{"start":{"line":26,"column":6},"end":{"line":26,"column":83}},"11":{"start":{"line":29,"column":4},"end":{"line":31,"column":5}},"12":{"start":{"line":30,"column":6},"end":{"line":30,"column":98}},"13":{"start":{"line":35,"column":0},"end":{"line":35,"column":46}}},"fnMap":{"0":{"name":"(anonymous_0)","decl":{"start":{"line":2,"column":2},"end":{"line":2,"column":3}},"loc":{"start":{"line":5,"column":5},"end":{"line":8,"column":3}},"line":5},"1":{"name":"(anonymous_1)","decl":{"start":{"line":10,"column":2},"end":{"line":10,"column":3}},"loc":{"start":{"line":10,"column":32},"end":{"line":20,"column":3}},"line":10},"2":{"name":"(anonymous_2)","decl":{"start":{"line":22,"column":2},"end":{"line":22,"column":3}},"loc":{"start":{"line":22,"column":26},"end":{"line":32,"column":3}},"line":22}},"branchMap":{"0":{"loc":{"start":{"line":25,"column":4},"end":{"line":27,"column":5}},"type":"if","locations":[{"start":{"line":25,"column":4},"end":{"line":27,"column":5}},{"start":{},"end":{}}],"line":25},"1":{"loc":{"start":{"line":29,"column":4},"end":{"line":31,"column":5}},"type":"if","locations":[{"start":{"line":29,"column":4},"end":{"line":31,"column":5}},{"start":{},"end":{}}],"line":29}},"s":{"0":4,"1":4,"2":8,"3":4,"4":4,"5":3,"6":2,"7":2,"8":8,"9":8,"10":2,"11":6,"12":2,"13":8},"f":{"0":4,"1":8,"2":8},"b":{"0":[2,6],"1":[2,4]},"_coverageSchema":"1a1c01bbd47fc00a2c39e90264f33305004495a9","hash":"01bf6dae2a4d027281817c59081298c343deae16"}
,"C:\\Users\\aysuka ansari\\OneDrive\\Dokumen\\MY_ONLINE_COURSES\\Dicoding\\Back End Developer\\Menjadi Back-End Developer Expert\\submission\\forum-api-v2\\src\\Commons\\exceptions\\AuthenticationError.js": {"path":"C:\\Users\\aysuka ansari\\OneDrive\\Dokumen\\MY_ONLINE_COURSES\\Dicoding\\Back End Developer\\Menjadi Back-End Developer Expert\\submission\\forum-api-v2\\src\\Commons\\exceptions\\AuthenticationError.js","statementMap":{"0":{"start":{"line":1,"column":20},"end":{"line":1,"column":44}},"1":{"start":{"line":5,"column":4},"end":{"line":5,"column":24}},"2":{"start":{"line":6,"column":4},"end":{"line":6,"column":38}},"3":{"start":{"line":10,"column":0},"end":{"line":10,"column":37}}},"fnMap":{"0":{"name":"(anonymous_0)","decl":{"start":{"line":4,"column":2},"end":{"line":4,"column":3}},"loc":{"start":{"line":4,"column":23},"end":{"line":7,"column":3}},"line":4}},"branchMap":{},"s":{"0":8,"1":3,"2":3,"3":8},"f":{"0":3},"b":{},"_coverageSchema":"1a1c01bbd47fc00a2c39e90264f33305004495a9","hash":"942c2e278d1e7f0b379b87464cab4a75a96f37cd"}
,"C:\\Users\\aysuka ansari\\OneDrive\\Dokumen\\MY_ONLINE_COURSES\\Dicoding\\Back End Developer\\Menjadi Back-End Developer Expert\\submission\\forum-api-v2\\src\\Commons\\exceptions\\AuthorizationError.js": {"path":"C:\\Users\\aysuka ansari\\OneDrive\\Dokumen\\MY_ONLINE_COURSES\\Dicoding\\Back End Developer\\Menjadi Back-End Developer Expert\\submission\\forum-api-v2\\src\\Commons\\exceptions\\AuthorizationError.js","statementMap":{"0":{"start":{"line":1,"column":20},"end":{"line":1,"column":44}},"1":{"start":{"line":5,"column":4},"end":{"line":5,"column":24}},"2":{"start":{"line":6,"column":4},"end":{"line":6,"column":37}},"3":{"start":{"line":10,"column":0},"end":{"line":10,"column":36}}},"fnMap":{"0":{"name":"(anonymous_0)","decl":{"start":{"line":4,"column":2},"end":{"line":4,"column":3}},"loc":{"start":{"line":4,"column":23},"end":{"line":7,"column":3}},"line":4}},"branchMap":{},"s":{"0":12,"1":21,"2":21,"3":12},"f":{"0":21},"b":{},"_coverageSchema":"1a1c01bbd47fc00a2c39e90264f33305004495a9","hash":"5351d3efc4065f394e5f344ff57a70162a4ae217"}
,"C:\\Users\\aysuka ansari\\OneDrive\\Dokumen\\MY_ONLINE_COURSES\\Dicoding\\Back End Developer\\Menjadi Back-End Developer Expert\\submission\\forum-api-v2\\src\\Commons\\exceptions\\ClientError.js": {"path":"C:\\Users\\aysuka ansari\\OneDrive\\Dokumen\\MY_ONLINE_COURSES\\Dicoding\\Back End Developer\\Menjadi Back-End Developer Expert\\submission\\forum-api-v2\\src\\Commons\\exceptions\\ClientError.js","statementMap":{"0":{"start":{"line":3,"column":4},"end":{"line":3,"column":19}},"1":{"start":{"line":5,"column":4},"end":{"line":7,"column":5}},"2":{"start":{"line":6,"column":6},"end":{"line":6,"column":59}},"3":{"start":{"line":9,"column":4},"end":{"line":9,"column":33}},"4":{"start":{"line":10,"column":4},"end":{"line":10,"column":30}},"5":{"start":{"line":14,"column":0},"end":{"line":14,"column":29}}},"fnMap":{"0":{"name":"(anonymous_0)","decl":{"start":{"line":2,"column":2},"end":{"line":2,"column":3}},"loc":{"start":{"line":2,"column":41},"end":{"line":11,"column":3}},"line":2}},"branchMap":{"0":{"loc":{"start":{"line":2,"column":23},"end":{"line":2,"column":39}},"type":"default-arg","locations":[{"start":{"line":2,"column":36},"end":{"line":2,"column":39}}],"line":2},"1":{"loc":{"start":{"line":5,"column":4},"end":{"line":7,"column":5}},"type":"if","locations":[{"start":{"line":5,"column":4},"end":{"line":7,"column":5}},{"start":{},"end":{}}],"line":5}},"s":{"0":254,"1":254,"2":1,"3":253,"4":253,"5":21},"f":{"0":254},"b":{"0":[192],"1":[1,253]},"_coverageSchema":"1a1c01bbd47fc00a2c39e90264f33305004495a9","hash":"f6ba398c2daf010bfa32b369feeeb652c4024c40"}
,"C:\\Users\\aysuka ansari\\OneDrive\\Dokumen\\MY_ONLINE_COURSES\\Dicoding\\Back End Developer\\Menjadi Back-End Developer Expert\\submission\\forum-api-v2\\src\\Commons\\exceptions\\DomainErrorTranslator.js": {"path":"C:\\Users\\aysuka ansari\\OneDrive\\Dokumen\\MY_ONLINE_COURSES\\Dicoding\\Back End Developer\\Menjadi Back-End Developer Expert\\submission\\forum-api-v2\\src\\Commons\\exceptions\\DomainErrorTranslator.js","statementMap":{"0":{"start":{"line":1,"column":27},"end":{"line":1,"column":58}},"1":{"start":{"line":2,"column":23},"end":{"line":2,"column":50}},"2":{"start":{"line":3,"column":22},"end":{"line":3,"column":48}},"3":{"start":{"line":5,"column":30},"end":{"line":9,"column":1}},"4":{"start":{"line":7,"column":4},"end":{"line":7,"column":70}},"5":{"start":{"line":11,"column":0},"end":{"line":41,"column":2}},"6":{"start":{"line":43,"column":0},"end":{"line":43,"column":39}}},"fnMap":{"0":{"name":"(anonymous_0)","decl":{"start":{"line":6,"column":2},"end":{"line":6,"column":3}},"loc":{"start":{"line":6,"column":19},"end":{"line":8,"column":3}},"line":6}},"branchMap":{"0":{"loc":{"start":{"line":7,"column":11},"end":{"line":7,"column":69}},"type":"binary-expr","locations":[{"start":{"line":7,"column":11},"end":{"line":7,"column":60}},{"start":{"line":7,"column":64},"end":{"line":7,"column":69}}],"line":7}},"s":{"0":8,"1":8,"2":8,"3":8,"4":39,"5":8,"6":8},"f":{"0":39},"b":{"0":[39,15]},"_coverageSchema":"1a1c01bbd47fc00a2c39e90264f33305004495a9","hash":"7f8bd1ce9e7fc229d5099c467e9be98ae5b78a11"}
,"C:\\Users\\aysuka ansari\\OneDrive\\Dokumen\\MY_ONLINE_COURSES\\Dicoding\\Back End Developer\\Menjadi Back-End Developer Expert\\submission\\forum-api-v2\\src\\Commons\\exceptions\\InvariantError.js": {"path":"C:\\Users\\aysuka ansari\\OneDrive\\Dokumen\\MY_ONLINE_COURSES\\Dicoding\\Back End Developer\\Menjadi Back-End Developer Expert\\submission\\forum-api-v2\\src\\Commons\\exceptions\\InvariantError.js","statementMap":{"0":{"start":{"line":1,"column":20},"end":{"line":1,"column":44}},"1":{"start":{"line":5,"column":4},"end":{"line":5,"column":19}},"2":{"start":{"line":6,"column":4},"end":{"line":6,"column":33}},"3":{"start":{"line":10,"column":0},"end":{"line":10,"column":32}}},"fnMap":{"0":{"name":"(anonymous_0)","decl":{"start":{"line":4,"column":2},"end":{"line":4,"column":3}},"loc":{"start":{"line":4,"column":23},"end":{"line":7,"column":3}},"line":4}},"branchMap":{},"s":{"0":12,"1":191,"2":191,"3":12},"f":{"0":191},"b":{},"_coverageSchema":"1a1c01bbd47fc00a2c39e90264f33305004495a9","hash":"2beed61b40d7923806b84e11916e7b119f40e7fa"}
,"C:\\Users\\aysuka ansari\\OneDrive\\Dokumen\\MY_ONLINE_COURSES\\Dicoding\\Back End Developer\\Menjadi Back-End Developer Expert\\submission\\forum-api-v2\\src\\Commons\\exceptions\\NotFoundError.js": {"path":"C:\\Users\\aysuka ansari\\OneDrive\\Dokumen\\MY_ONLINE_COURSES\\Dicoding\\Back End Developer\\Menjadi Back-End Developer Expert\\submission\\forum-api-v2\\src\\Commons\\exceptions\\NotFoundError.js","statementMap":{"0":{"start":{"line":1,"column":20},"end":{"line":1,"column":44}},"1":{"start":{"line":5,"column":4},"end":{"line":5,"column":24}},"2":{"start":{"line":6,"column":4},"end":{"line":6,"column":32}},"3":{"start":{"line":10,"column":0},"end":{"line":10,"column":31}}},"fnMap":{"0":{"name":"(anonymous_0)","decl":{"start":{"line":4,"column":2},"end":{"line":4,"column":3}},"loc":{"start":{"line":4,"column":23},"end":{"line":7,"column":3}},"line":4}},"branchMap":{},"s":{"0":13,"1":38,"2":38,"3":13},"f":{"0":38},"b":{},"_coverageSchema":"1a1c01bbd47fc00a2c39e90264f33305004495a9","hash":"76000cae2de59de733bd8ac82b718dc7988178e6"}
,"C:\\Users\\aysuka ansari\\OneDrive\\Dokumen\\MY_ONLINE_COURSES\\Dicoding\\Back End Developer\\Menjadi Back-End Developer Expert\\submission\\forum-api-v2\\src\\Domains\\authentications\\AuthenticationRepository.js": {"path":"C:\\Users\\aysuka ansari\\OneDrive\\Dokumen\\MY_ONLINE_COURSES\\Dicoding\\Back End Developer\\Menjadi Back-End Developer Expert\\submission\\forum-api-v2\\src\\Domains\\authentications\\AuthenticationRepository.js","statementMap":{"0":{"start":{"line":3,"column":4},"end":{"line":3,"column":72}},"1":{"start":{"line":7,"column":4},"end":{"line":7,"column":72}},"2":{"start":{"line":11,"column":4},"end":{"line":11,"column":72}},"3":{"start":{"line":15,"column":0},"end":{"line":15,"column":42}}},"fnMap":{"0":{"name":"(anonymous_0)","decl":{"start":{"line":2,"column":2},"end":{"line":2,"column":3}},"loc":{"start":{"line":2,"column":24},"end":{"line":4,"column":3}},"line":2},"1":{"name":"(anonymous_1)","decl":{"start":{"line":6,"column":2},"end":{"line":6,"column":3}},"loc":{"start":{"line":6,"column":38},"end":{"line":8,"column":3}},"line":6},"2":{"name":"(anonymous_2)","decl":{"start":{"line":10,"column":2},"end":{"line":10,"column":3}},"loc":{"start":{"line":10,"column":27},"end":{"line":12,"column":3}},"line":10}},"branchMap":{},"s":{"0":1,"1":1,"2":1,"3":12},"f":{"0":1,"1":1,"2":1},"b":{},"_coverageSchema":"1a1c01bbd47fc00a2c39e90264f33305004495a9","hash":"5a93506ef0f5d21480d63ebc40df7679c03441ea"}
,"C:\\Users\\aysuka ansari\\OneDrive\\Dokumen\\MY_ONLINE_COURSES\\Dicoding\\Back End Developer\\Menjadi Back-End Developer Expert\\submission\\forum-api-v2\\src\\Domains\\authentications\\entities\\NewAuth.js": {"path":"C:\\Users\\aysuka ansari\\OneDrive\\Dokumen\\MY_ONLINE_COURSES\\Dicoding\\Back End Developer\\Menjadi Back-End Developer Expert\\submission\\forum-api-v2\\src\\Domains\\authentications\\entities\\NewAuth.js","statementMap":{"0":{"start":{"line":3,"column":4},"end":{"line":3,"column":33}},"1":{"start":{"line":5,"column":4},"end":{"line":5,"column":43}},"2":{"start":{"line":6,"column":4},"end":{"line":6,"column":45}},"3":{"start":{"line":10,"column":42},"end":{"line":10,"column":49}},"4":{"start":{"line":12,"column":4},"end":{"line":14,"column":5}},"5":{"start":{"line":13,"column":6},"end":{"line":13,"column":62}},"6":{"start":{"line":16,"column":4},"end":{"line":18,"column":5}},"7":{"start":{"line":17,"column":6},"end":{"line":17,"column":67}},"8":{"start":{"line":22,"column":0},"end":{"line":22,"column":25}}},"fnMap":{"0":{"name":"(anonymous_0)","decl":{"start":{"line":2,"column":2},"end":{"line":2,"column":3}},"loc":{"start":{"line":2,"column":23},"end":{"line":7,"column":3}},"line":2},"1":{"name":"(anonymous_1)","decl":{"start":{"line":9,"column":2},"end":{"line":9,"column":3}},"loc":{"start":{"line":9,"column":26},"end":{"line":19,"column":3}},"line":9}},"branchMap":{"0":{"loc":{"start":{"line":12,"column":4},"end":{"line":14,"column":5}},"type":"if","locations":[{"start":{"line":12,"column":4},"end":{"line":14,"column":5}},{"start":{},"end":{}}],"line":12},"1":{"loc":{"start":{"line":12,"column":8},"end":{"line":12,"column":37}},"type":"binary-expr","locations":[{"start":{"line":12,"column":8},"end":{"line":12,"column":20}},{"start":{"line":12,"column":24},"end":{"line":12,"column":37}}],"line":12},"2":{"loc":{"start":{"line":16,"column":4},"end":{"line":18,"column":5}},"type":"if","locations":[{"start":{"line":16,"column":4},"end":{"line":18,"column":5}},{"start":{},"end":{}}],"line":16},"3":{"loc":{"start":{"line":16,"column":8},"end":{"line":16,"column":75}},"type":"binary-expr","locations":[{"start":{"line":16,"column":8},"end":{"line":16,"column":39}},{"start":{"line":16,"column":43},"end":{"line":16,"column":75}}],"line":16}},"s":{"0":23,"1":21,"2":21,"3":23,"4":23,"5":1,"6":22,"7":1,"8":9},"f":{"0":23,"1":23},"b":{"0":[1,22],"1":[23,23],"2":[1,21],"3":[22,22]},"_coverageSchema":"1a1c01bbd47fc00a2c39e90264f33305004495a9","hash":"539a968f2004f1765e3421569aa0430d00e984c1"}
,"C:\\Users\\aysuka ansari\\OneDrive\\Dokumen\\MY_ONLINE_COURSES\\Dicoding\\Back End Developer\\Menjadi Back-End Developer Expert\\submission\\forum-api-v2\\src\\Domains\\comments\\CommentRepository.js": {"path":"C:\\Users\\aysuka ansari\\OneDrive\\Dokumen\\MY_ONLINE_COURSES\\Dicoding\\Back End Developer\\Menjadi Back-End Developer Expert\\submission\\forum-api-v2\\src\\Domains\\comments\\CommentRepository.js","statementMap":{"0":{"start":{"line":3,"column":4},"end":{"line":3,"column":65}},"1":{"start":{"line":7,"column":4},"end":{"line":7,"column":65}},"2":{"start":{"line":11,"column":4},"end":{"line":11,"column":65}},"3":{"start":{"line":15,"column":4},"end":{"line":15,"column":65}},"4":{"start":{"line":19,"column":4},"end":{"line":19,"column":65}},"5":{"start":{"line":23,"column":0},"end":{"line":23,"column":35}}},"fnMap":{"0":{"name":"(anonymous_0)","decl":{"start":{"line":2,"column":2},"end":{"line":2,"column":3}},"loc":{"start":{"line":2,"column":31},"end":{"line":4,"column":3}},"line":2},"1":{"name":"(anonymous_1)","decl":{"start":{"line":6,"column":2},"end":{"line":6,"column":3}},"loc":{"start":{"line":6,"column":35},"end":{"line":8,"column":3}},"line":6},"2":{"name":"(anonymous_2)","decl":{"start":{"line":10,"column":2},"end":{"line":10,"column":3}},"loc":{"start":{"line":10,"column":30},"end":{"line":12,"column":3}},"line":10},"3":{"name":"(anonymous_3)","decl":{"start":{"line":14,"column":2},"end":{"line":14,"column":3}},"loc":{"start":{"line":14,"column":38},"end":{"line":16,"column":3}},"line":14},"4":{"name":"(anonymous_4)","decl":{"start":{"line":18,"column":2},"end":{"line":18,"column":3}},"loc":{"start":{"line":18,"column":55},"end":{"line":20,"column":3}},"line":18}},"branchMap":{},"s":{"0":1,"1":1,"2":1,"3":1,"4":1,"5":13},"f":{"0":1,"1":1,"2":1,"3":1,"4":1},"b":{},"_coverageSchema":"1a1c01bbd47fc00a2c39e90264f33305004495a9","hash":"f53ffc9593f469dfc8ae887b23655de9ed920265"}
,"C:\\Users\\aysuka ansari\\OneDrive\\Dokumen\\MY_ONLINE_COURSES\\Dicoding\\Back End Developer\\Menjadi Back-End Developer Expert\\submission\\forum-api-v2\\src\\Domains\\comments\\entities\\AddComment.js": {"path":"C:\\Users\\aysuka ansari\\OneDrive\\Dokumen\\MY_ONLINE_COURSES\\Dicoding\\Back End Developer\\Menjadi Back-End Developer Expert\\submission\\forum-api-v2\\src\\Domains\\comments\\entities\\AddComment.js","statementMap":{"0":{"start":{"line":3,"column":4},"end":{"line":3,"column":33}},"1":{"start":{"line":5,"column":42},"end":{"line":5,"column":49}},"2":{"start":{"line":7,"column":4},"end":{"line":7,"column":27}},"3":{"start":{"line":8,"column":4},"end":{"line":8,"column":29}},"4":{"start":{"line":9,"column":4},"end":{"line":9,"column":25}},"5":{"start":{"line":13,"column":4},"end":{"line":15,"column":5}},"6":{"start":{"line":14,"column":6},"end":{"line":14,"column":65}},"7":{"start":{"line":17,"column":4},"end":{"line":19,"column":5}},"8":{"start":{"line":18,"column":6},"end":{"line":18,"column":70}},"9":{"start":{"line":23,"column":0},"end":{"line":23,"column":28}}},"fnMap":{"0":{"name":"(anonymous_0)","decl":{"start":{"line":2,"column":2},"end":{"line":2,"column":3}},"loc":{"start":{"line":2,"column":23},"end":{"line":10,"column":3}},"line":2},"1":{"name":"(anonymous_1)","decl":{"start":{"line":12,"column":2},"end":{"line":12,"column":3}},"loc":{"start":{"line":12,"column":47},"end":{"line":20,"column":3}},"line":12}},"branchMap":{"0":{"loc":{"start":{"line":13,"column":4},"end":{"line":15,"column":5}},"type":"if","locations":[{"start":{"line":13,"column":4},"end":{"line":15,"column":5}},{"start":{},"end":{}}],"line":13},"1":{"loc":{"start":{"line":13,"column":8},"end":{"line":13,"column":40}},"type":"binary-expr","locations":[{"start":{"line":13,"column":8},"end":{"line":13,"column":16}},{"start":{"line":13,"column":20},"end":{"line":13,"column":29}},{"start":{"line":13,"column":33},"end":{"line":13,"column":40}}],"line":13},"2":{"loc":{"start":{"line":17,"column":4},"end":{"line":19,"column":5}},"type":"if","locations":[{"start":{"line":17,"column":4},"end":{"line":19,"column":5}},{"start":{},"end":{}}],"line":17},"3":{"loc":{"start":{"line":17,"column":8},"end":{"line":17,"column":97}},"type":"binary-expr","locations":[{"start":{"line":17,"column":8},"end":{"line":17,"column":35}},{"start":{"line":17,"column":39},"end":{"line":17,"column":67}},{"start":{"line":17,"column":71},"end":{"line":17,"column":97}}],"line":17}},"s":{"0":10,"1":6,"2":6,"3":6,"4":6,"5":10,"6":2,"7":8,"8":2,"9":10},"f":{"0":10,"1":10},"b":{"0":[2,8],"1":[10,9,8],"2":[2,6],"3":[8,7,6]},"_coverageSchema":"1a1c01bbd47fc00a2c39e90264f33305004495a9","hash":"37bec0c4269c72ba14befa9720007d33e6b7cc18"}
,"C:\\Users\\aysuka ansari\\OneDrive\\Dokumen\\MY_ONLINE_COURSES\\Dicoding\\Back End Developer\\Menjadi Back-End Developer Expert\\submission\\forum-api-v2\\src\\Domains\\comments\\entities\\AddedComment.js": {"path":"C:\\Users\\aysuka ansari\\OneDrive\\Dokumen\\MY_ONLINE_COURSES\\Dicoding\\Back End Developer\\Menjadi Back-End Developer Expert\\submission\\forum-api-v2\\src\\Domains\\comments\\entities\\AddedComment.js","statementMap":{"0":{"start":{"line":3,"column":4},"end":{"line":3,"column":33}},"1":{"start":{"line":5,"column":34},"end":{"line":5,"column":41}},"2":{"start":{"line":7,"column":4},"end":{"line":7,"column":17}},"3":{"start":{"line":8,"column":4},"end":{"line":8,"column":27}},"4":{"start":{"line":9,"column":4},"end":{"line":9,"column":23}},"5":{"start":{"line":13,"column":4},"end":{"line":15,"column":5}},"6":{"start":{"line":14,"column":6},"end":{"line":14,"column":67}},"7":{"start":{"line":17,"column":4},"end":{"line":19,"column":5}},"8":{"start":{"line":18,"column":6},"end":{"line":18,"column":72}},"9":{"start":{"line":23,"column":0},"end":{"line":23,"column":30}}},"fnMap":{"0":{"name":"(anonymous_0)","decl":{"start":{"line":2,"column":2},"end":{"line":2,"column":3}},"loc":{"start":{"line":2,"column":23},"end":{"line":10,"column":3}},"line":2},"1":{"name":"(anonymous_1)","decl":{"start":{"line":12,"column":2},"end":{"line":12,"column":3}},"loc":{"start":{"line":12,"column":41},"end":{"line":20,"column":3}},"line":12}},"branchMap":{"0":{"loc":{"start":{"line":13,"column":4},"end":{"line":15,"column":5}},"type":"if","locations":[{"start":{"line":13,"column":4},"end":{"line":15,"column":5}},{"start":{},"end":{}}],"line":13},"1":{"loc":{"start":{"line":13,"column":8},"end":{"line":13,"column":33}},"type":"binary-expr","locations":[{"start":{"line":13,"column":8},"end":{"line":13,"column":11}},{"start":{"line":13,"column":15},"end":{"line":13,"column":23}},{"start":{"line":13,"column":27},"end":{"line":13,"column":33}}],"line":13},"2":{"loc":{"start":{"line":17,"column":4},"end":{"line":19,"column":5}},"type":"if","locations":[{"start":{"line":17,"column":4},"end":{"line":19,"column":5}},{"start":{},"end":{}}],"line":17},"3":{"loc":{"start":{"line":17,"column":8},"end":{"line":17,"column":90}},"type":"binary-expr","locations":[{"start":{"line":17,"column":8},"end":{"line":17,"column":30}},{"start":{"line":17,"column":34},"end":{"line":17,"column":61}},{"start":{"line":17,"column":65},"end":{"line":17,"column":90}}],"line":17}},"s":{"0":9,"1":7,"2":7,"3":7,"4":7,"5":9,"6":1,"7":8,"8":1,"9":11},"f":{"0":9,"1":9},"b":{"0":[1,8],"1":[9,9,8],"2":[1,7],"3":[8,8,7]},"_coverageSchema":"1a1c01bbd47fc00a2c39e90264f33305004495a9","hash":"0d7786f8947c6395eac0018ccf9c10f5c6b1e4a8"}
,"C:\\Users\\aysuka ansari\\OneDrive\\Dokumen\\MY_ONLINE_COURSES\\Dicoding\\Back End Developer\\Menjadi Back-End Developer Expert\\submission\\forum-api-v2\\src\\Domains\\comments\\entities\\DeleteComment.js": {"path":"C:\\Users\\aysuka ansari\\OneDrive\\Dokumen\\MY_ONLINE_COURSES\\Dicoding\\Back End Developer\\Menjadi Back-End Developer Expert\\submission\\forum-api-v2\\src\\Domains\\comments\\entities\\DeleteComment.js","statementMap":{"0":{"start":{"line":4,"column":4},"end":{"line":4,"column":33}},"1":{"start":{"line":6,"column":37},"end":{"line":6,"column":44}},"2":{"start":{"line":8,"column":4},"end":{"line":8,"column":17}},"3":{"start":{"line":9,"column":4},"end":{"line":9,"column":29}},"4":{"start":{"line":10,"column":4},"end":{"line":10,"column":25}},"5":{"start":{"line":14,"column":4},"end":{"line":16,"column":5}},"6":{"start":{"line":15,"column":6},"end":{"line":15,"column":68}},"7":{"start":{"line":18,"column":4},"end":{"line":20,"column":5}},"8":{"start":{"line":19,"column":6},"end":{"line":19,"column":73}},"9":{"start":{"line":24,"column":0},"end":{"line":24,"column":31}}},"fnMap":{"0":{"name":"(anonymous_0)","decl":{"start":{"line":3,"column":2},"end":{"line":3,"column":3}},"loc":{"start":{"line":3,"column":23},"end":{"line":11,"column":3}},"line":3},"1":{"name":"(anonymous_1)","decl":{"start":{"line":13,"column":2},"end":{"line":13,"column":3}},"loc":{"start":{"line":13,"column":43},"end":{"line":21,"column":3}},"line":13}},"branchMap":{"0":{"loc":{"start":{"line":14,"column":4},"end":{"line":16,"column":5}},"type":"if","locations":[{"start":{"line":14,"column":4},"end":{"line":16,"column":5}},{"start":{},"end":{}}],"line":14},"1":{"loc":{"start":{"line":14,"column":8},"end":{"line":14,"column":35}},"type":"binary-expr","locations":[{"start":{"line":14,"column":8},"end":{"line":14,"column":11}},{"start":{"line":14,"column":15},"end":{"line":14,"column":24}},{"start":{"line":14,"column":28},"end":{"line":14,"column":35}}],"line":14},"2":{"loc":{"start":{"line":18,"column":4},"end":{"line":20,"column":5}},"type":"if","locations":[{"start":{"line":18,"column":4},"end":{"line":20,"column":5}},{"start":{},"end":{}}],"line":18},"3":{"loc":{"start":{"line":18,"column":8},"end":{"line":18,"column":92}},"type":"binary-expr","locations":[{"start":{"line":18,"column":8},"end":{"line":18,"column":30}},{"start":{"line":18,"column":34},"end":{"line":18,"column":62}},{"start":{"line":18,"column":66},"end":{"line":18,"column":92}}],"line":18}},"s":{"0":6,"1":4,"2":4,"3":4,"4":4,"5":6,"6":1,"7":5,"8":1,"9":9},"f":{"0":6,"1":6},"b":{"0":[1,5],"1":[6,5,5],"2":[1,4],"3":[5,4,4]},"_coverageSchema":"1a1c01bbd47fc00a2c39e90264f33305004495a9","hash":"8cce59d65d1e3cbc0309f2ab6ead0e88bddc3a0a"}
,"C:\\Users\\aysuka ansari\\OneDrive\\Dokumen\\MY_ONLINE_COURSES\\Dicoding\\Back End Developer\\Menjadi Back-End Developer Expert\\submission\\forum-api-v2\\src\\Domains\\comments\\entities\\DetailComment.js": {"path":"C:\\Users\\aysuka ansari\\OneDrive\\Dokumen\\MY_ONLINE_COURSES\\Dicoding\\Back End Developer\\Menjadi Back-End Developer Expert\\submission\\forum-api-v2\\src\\Domains\\comments\\entities\\DetailComment.js","statementMap":{"0":{"start":{"line":3,"column":4},"end":{"line":3,"column":33}},"1":{"start":{"line":5,"column":77},"end":{"line":5,"column":84}},"2":{"start":{"line":7,"column":4},"end":{"line":7,"column":17}},"3":{"start":{"line":8,"column":4},"end":{"line":8,"column":29}},"4":{"start":{"line":9,"column":4},"end":{"line":9,"column":21}},"5":{"start":{"line":10,"column":4},"end":{"line":10,"column":70}},"6":{"start":{"line":11,"column":4},"end":{"line":11,"column":31}},"7":{"start":{"line":15,"column":4},"end":{"line":17,"column":5}},"8":{"start":{"line":16,"column":6},"end":{"line":16,"column":68}},"9":{"start":{"line":19,"column":4},"end":{"line":21,"column":5}},"10":{"start":{"line":20,"column":6},"end":{"line":20,"column":73}},"11":{"start":{"line":25,"column":0},"end":{"line":25,"column":31}}},"fnMap":{"0":{"name":"(anonymous_0)","decl":{"start":{"line":2,"column":2},"end":{"line":2,"column":3}},"loc":{"start":{"line":2,"column":23},"end":{"line":12,"column":3}},"line":2},"1":{"name":"(anonymous_1)","decl":{"start":{"line":14,"column":2},"end":{"line":14,"column":3}},"loc":{"start":{"line":14,"column":62},"end":{"line":22,"column":3}},"line":14}},"branchMap":{"0":{"loc":{"start":{"line":10,"column":19},"end":{"line":10,"column":69}},"type":"cond-expr","locations":[{"start":{"line":10,"column":31},"end":{"line":10,"column":59}},{"start":{"line":10,"column":62},"end":{"line":10,"column":69}}],"line":10},"1":{"loc":{"start":{"line":15,"column":4},"end":{"line":17,"column":5}},"type":"if","locations":[{"start":{"line":15,"column":4},"end":{"line":17,"column":5}},{"start":{},"end":{}}],"line":15},"2":{"loc":{"start":{"line":15,"column":8},"end":{"line":15,"column":75}},"type":"binary-expr","locations":[{"start":{"line":15,"column":8},"end":{"line":15,"column":11}},{"start":{"line":15,"column":15},"end":{"line":15,"column":24}},{"start":{"line":15,"column":28},"end":{"line":15,"column":33}},{"start":{"line":15,"column":37},"end":{"line":15,"column":45}},{"start":{"line":15,"column":50},"end":{"line":15,"column":74}}],"line":15},"3":{"loc":{"start":{"line":19,"column":4},"end":{"line":21,"column":5}},"type":"if","locations":[{"start":{"line":19,"column":4},"end":{"line":21,"column":5}},{"start":{},"end":{}}],"line":19},"4":{"loc":{"start":{"line":19,"column":8},"end":{"line":19,"column":156}},"type":"binary-expr","locations":[{"start":{"line":19,"column":8},"end":{"line":19,"column":30}},{"start":{"line":19,"column":34},"end":{"line":19,"column":62}},{"start":{"line":19,"column":66},"end":{"line":19,"column":90}},{"start":{"line":19,"column":94},"end":{"line":19,"column":121}},{"start":{"line":19,"column":125},"end":{"line":19,"column":156}}],"line":19}},"s":{"0":6,"1":4,"2":4,"3":4,"4":4,"5":4,"6":4,"7":6,"8":1,"9":5,"10":1,"11":9},"f":{"0":6,"1":6},"b":{"0":[2,2],"1":[1,5],"2":[6,6,6,5,5],"3":[1,4],"4":[5,5,4,4,4]},"_coverageSchema":"1a1c01bbd47fc00a2c39e90264f33305004495a9","hash":"021f907a35c2d6ac63637b2baa8d1b12da0d3aa5"}
,"C:\\Users\\aysuka ansari\\OneDrive\\Dokumen\\MY_ONLINE_COURSES\\Dicoding\\Back End Developer\\Menjadi Back-End Developer Expert\\submission\\forum-api-v2\\src\\Domains\\likes\\CommentLikeRepository.js": {"path":"C:\\Users\\aysuka ansari\\OneDrive\\Dokumen\\MY_ONLINE_COURSES\\Dicoding\\Back End Developer\\Menjadi Back-End Developer Expert\\submission\\forum-api-v2\\src\\Domains\\likes\\CommentLikeRepository.js","statementMap":{"0":{"start":{"line":3,"column":4},"end":{"line":3,"column":71}},"1":{"start":{"line":7,"column":4},"end":{"line":7,"column":71}},"2":{"start":{"line":11,"column":4},"end":{"line":11,"column":71}},"3":{"start":{"line":15,"column":4},"end":{"line":15,"column":71}},"4":{"start":{"line":19,"column":4},"end":{"line":19,"column":71}},"5":{"start":{"line":23,"column":0},"end":{"line":23,"column":39}}},"fnMap":{"0":{"name":"(anonymous_0)","decl":{"start":{"line":2,"column":2},"end":{"line":2,"column":3}},"loc":{"start":{"line":2,"column":29},"end":{"line":4,"column":3}},"line":2},"1":{"name":"(anonymous_1)","decl":{"start":{"line":6,"column":2},"end":{"line":6,"column":3}},"loc":{"start":{"line":6,"column":41},"end":{"line":8,"column":3}},"line":6},"2":{"name":"(anonymous_2)","decl":{"start":{"line":10,"column":2},"end":{"line":10,"column":3}},"loc":{"start":{"line":10,"column":47},"end":{"line":12,"column":3}},"line":10},"3":{"name":"(anonymous_3)","decl":{"start":{"line":14,"column":2},"end":{"line":14,"column":3}},"loc":{"start":{"line":14,"column":46},"end":{"line":16,"column":3}},"line":14},"4":{"name":"(anonymous_4)","decl":{"start":{"line":18,"column":2},"end":{"line":18,"column":3}},"loc":{"start":{"line":18,"column":48},"end":{"line":20,"column":3}},"line":18}},"branchMap":{},"s":{"0":1,"1":1,"2":1,"3":1,"4":1,"5":10},"f":{"0":1,"1":1,"2":1,"3":1,"4":1},"b":{},"_coverageSchema":"1a1c01bbd47fc00a2c39e90264f33305004495a9","hash":"77c13c01322b798577d255e7852316bd2bc63f16"}
,"C:\\Users\\aysuka ansari\\OneDrive\\Dokumen\\MY_ONLINE_COURSES\\Dicoding\\Back End Developer\\Menjadi Back-End Developer Expert\\submission\\forum-api-v2\\src\\Domains\\likes\\entities\\AddCommentLike.js": {"path":"C:\\Users\\aysuka ansari\\OneDrive\\Dokumen\\MY_ONLINE_COURSES\\Dicoding\\Back End Developer\\Menjadi Back-End Developer Expert\\submission\\forum-api-v2\\src\\Domains\\likes\\entities\\AddCommentLike.js","statementMap":{"0":{"start":{"line":3,"column":4},"end":{"line":3,"column":33}},"1":{"start":{"line":5,"column":44},"end":{"line":5,"column":51}},"2":{"start":{"line":7,"column":4},"end":{"line":7,"column":25}},"3":{"start":{"line":8,"column":4},"end":{"line":8,"column":29}},"4":{"start":{"line":9,"column":4},"end":{"line":9,"column":31}},"5":{"start":{"line":13,"column":4},"end":{"line":15,"column":5}},"6":{"start":{"line":14,"column":6},"end":{"line":14,"column":70}},"7":{"start":{"line":17,"column":4},"end":{"line":19,"column":5}},"8":{"start":{"line":18,"column":6},"end":{"line":18,"column":75}},"9":{"start":{"line":23,"column":0},"end":{"line":23,"column":32}}},"fnMap":{"0":{"name":"(anonymous_0)","decl":{"start":{"line":2,"column":2},"end":{"line":2,"column":3}},"loc":{"start":{"line":2,"column":23},"end":{"line":10,"column":3}},"line":2},"1":{"name":"(anonymous_1)","decl":{"start":{"line":12,"column":2},"end":{"line":12,"column":3}},"loc":{"start":{"line":12,"column":50},"end":{"line":20,"column":3}},"line":12}},"branchMap":{"0":{"loc":{"start":{"line":13,"column":4},"end":{"line":15,"column":5}},"type":"if","locations":[{"start":{"line":13,"column":4},"end":{"line":15,"column":5}},{"start":{},"end":{}}],"line":13},"1":{"loc":{"start":{"line":13,"column":8},"end":{"line":13,"column":42}},"type":"binary-expr","locations":[{"start":{"line":13,"column":8},"end":{"line":13,"column":15}},{"start":{"line":13,"column":19},"end":{"line":13,"column":28}},{"start":{"line":13,"column":32},"end":{"line":13,"column":42}}],"line":13},"2":{"loc":{"start":{"line":17,"column":4},"end":{"line":19,"column":5}},"type":"if","locations":[{"start":{"line":17,"column":4},"end":{"line":19,"column":5}},{"start":{},"end":{}}],"line":17},"3":{"loc":{"start":{"line":17,"column":8},"end":{"line":17,"column":99}},"type":"binary-expr","locations":[{"start":{"line":17,"column":8},"end":{"line":17,"column":34}},{"start":{"line":17,"column":38},"end":{"line":17,"column":66}},{"start":{"line":17,"column":70},"end":{"line":17,"column":99}}],"line":17}},"s":{"0":10,"1":8,"2":8,"3":8,"4":8,"5":10,"6":1,"7":9,"8":1,"9":10},"f":{"0":10,"1":10},"b":{"0":[1,9],"1":[10,9,9],"2":[1,8],"3":[9,9,8]},"_coverageSchema":"1a1c01bbd47fc00a2c39e90264f33305004495a9","hash":"aa79214f3d0455d45920ad14636b85547c977439"}
,"C:\\Users\\aysuka ansari\\OneDrive\\Dokumen\\MY_ONLINE_COURSES\\Dicoding\\Back End Developer\\Menjadi Back-End Developer Expert\\submission\\forum-api-v2\\src\\Domains\\replies\\ReplyRepository.js": {"path":"C:\\Users\\aysuka ansari\\OneDrive\\Dokumen\\MY_ONLINE_COURSES\\Dicoding\\Back End Developer\\Menjadi Back-End Developer Expert\\submission\\forum-api-v2\\src\\Domains\\replies\\ReplyRepository.js","statementMap":{"0":{"start":{"line":3,"column":4},"end":{"line":3,"column":63}},"1":{"start":{"line":7,"column":4},"end":{"line":7,"column":63}},"2":{"start":{"line":11,"column":4},"end":{"line":11,"column":63}},"3":{"start":{"line":15,"column":4},"end":{"line":15,"column":63}},"4":{"start":{"line":19,"column":4},"end":{"line":19,"column":63}},"5":{"start":{"line":23,"column":0},"end":{"line":23,"column":32}}},"fnMap":{"0":{"name":"(anonymous_0)","decl":{"start":{"line":2,"column":2},"end":{"line":2,"column":3}},"loc":{"start":{"line":2,"column":27},"end":{"line":4,"column":3}},"line":2},"1":{"name":"(anonymous_1)","decl":{"start":{"line":6,"column":2},"end":{"line":6,"column":3}},"loc":{"start":{"line":6,"column":36},"end":{"line":8,"column":3}},"line":6},"2":{"name":"(anonymous_2)","decl":{"start":{"line":10,"column":2},"end":{"line":10,"column":3}},"loc":{"start":{"line":10,"column":28},"end":{"line":12,"column":3}},"line":10},"3":{"name":"(anonymous_3)","decl":{"start":{"line":14,"column":2},"end":{"line":14,"column":3}},"loc":{"start":{"line":14,"column":70},"end":{"line":16,"column":3}},"line":14},"4":{"name":"(anonymous_4)","decl":{"start":{"line":18,"column":2},"end":{"line":18,"column":3}},"loc":{"start":{"line":18,"column":36},"end":{"line":20,"column":3}},"line":18}},"branchMap":{},"s":{"0":1,"1":1,"2":1,"3":1,"4":1,"5":11},"f":{"0":1,"1":1,"2":1,"3":1,"4":1},"b":{},"_coverageSchema":"1a1c01bbd47fc00a2c39e90264f33305004495a9","hash":"5fef851b69c894fcb5ad6849b19dfd37b36dc343"}
,"C:\\Users\\aysuka ansari\\OneDrive\\Dokumen\\MY_ONLINE_COURSES\\Dicoding\\Back End Developer\\Menjadi Back-End Developer Expert\\submission\\forum-api-v2\\src\\Domains\\replies\\entities\\AddReply.js": {"path":"C:\\Users\\aysuka ansari\\OneDrive\\Dokumen\\MY_ONLINE_COURSES\\Dicoding\\Back End Developer\\Menjadi Back-End Developer Expert\\submission\\forum-api-v2\\src\\Domains\\replies\\entities\\AddReply.js","statementMap":{"0":{"start":{"line":4,"column":4},"end":{"line":4,"column":33}},"1":{"start":{"line":6,"column":53},"end":{"line":6,"column":60}},"2":{"start":{"line":8,"column":4},"end":{"line":8,"column":27}},"3":{"start":{"line":9,"column":4},"end":{"line":9,"column":31}},"4":{"start":{"line":10,"column":4},"end":{"line":10,"column":25}},"5":{"start":{"line":11,"column":4},"end":{"line":11,"column":29}},"6":{"start":{"line":15,"column":4},"end":{"line":17,"column":5}},"7":{"start":{"line":16,"column":6},"end":{"line":16,"column":63}},"8":{"start":{"line":19,"column":4},"end":{"line":21,"column":5}},"9":{"start":{"line":20,"column":6},"end":{"line":20,"column":68}},"10":{"start":{"line":25,"column":0},"end":{"line":25,"column":26}}},"fnMap":{"0":{"name":"(anonymous_0)","decl":{"start":{"line":3,"column":2},"end":{"line":3,"column":3}},"loc":{"start":{"line":3,"column":23},"end":{"line":12,"column":3}},"line":3},"1":{"name":"(anonymous_1)","decl":{"start":{"line":14,"column":2},"end":{"line":14,"column":3}},"loc":{"start":{"line":14,"column":59},"end":{"line":22,"column":3}},"line":14}},"branchMap":{"0":{"loc":{"start":{"line":15,"column":4},"end":{"line":17,"column":5}},"type":"if","locations":[{"start":{"line":15,"column":4},"end":{"line":17,"column":5}},{"start":{},"end":{}}],"line":15},"1":{"loc":{"start":{"line":15,"column":8},"end":{"line":15,"column":54}},"type":"binary-expr","locations":[{"start":{"line":15,"column":8},"end":{"line":15,"column":16}},{"start":{"line":15,"column":20},"end":{"line":15,"column":30}},{"start":{"line":15,"column":34},"end":{"line":15,"column":41}},{"start":{"line":15,"column":45},"end":{"line":15,"column":54}}],"line":15},"2":{"loc":{"start":{"line":19,"column":4},"end":{"line":21,"column":5}},"type":"if","locations":[{"start":{"line":19,"column":4},"end":{"line":21,"column":5}},{"start":{},"end":{}}],"line":19},"3":{"loc":{"start":{"line":19,"column":7},"end":{"line":19,"column":129}},"type":"binary-expr","locations":[{"start":{"line":19,"column":7},"end":{"line":19,"column":34}},{"start":{"line":19,"column":38},"end":{"line":19,"column":67}},{"start":{"line":19,"column":71},"end":{"line":19,"column":97}},{"start":{"line":19,"column":101},"end":{"line":19,"column":129}}],"line":19}},"s":{"0":10,"1":6,"2":6,"3":6,"4":6,"5":6,"6":10,"7":2,"8":8,"9":2,"10":10},"f":{"0":10,"1":10},"b":{"0":[2,8],"1":[10,9,8,8],"2":[2,6],"3":[8,6,6,6]},"_coverageSchema":"1a1c01bbd47fc00a2c39e90264f33305004495a9","hash":"009d196dca0380ca3237d819f3a668db0946e36e"}
,"C:\\Users\\aysuka ansari\\OneDrive\\Dokumen\\MY_ONLINE_COURSES\\Dicoding\\Back End Developer\\Menjadi Back-End Developer Expert\\submission\\forum-api-v2\\src\\Domains\\replies\\entities\\AddedReply.js": {"path":"C:\\Users\\aysuka ansari\\OneDrive\\Dokumen\\MY_ONLINE_COURSES\\Dicoding\\Back End Developer\\Menjadi Back-End Developer Expert\\submission\\forum-api-v2\\src\\Domains\\replies\\entities\\AddedReply.js","statementMap":{"0":{"start":{"line":3,"column":4},"end":{"line":3,"column":33}},"1":{"start":{"line":5,"column":35},"end":{"line":5,"column":42}},"2":{"start":{"line":7,"column":4},"end":{"line":7,"column":17}},"3":{"start":{"line":8,"column":4},"end":{"line":8,"column":27}},"4":{"start":{"line":9,"column":4},"end":{"line":9,"column":23}},"5":{"start":{"line":13,"column":4},"end":{"line":15,"column":5}},"6":{"start":{"line":14,"column":6},"end":{"line":14,"column":65}},"7":{"start":{"line":17,"column":4},"end":{"line":19,"column":5}},"8":{"start":{"line":18,"column":6},"end":{"line":18,"column":70}},"9":{"start":{"line":23,"column":0},"end":{"line":23,"column":28}}},"fnMap":{"0":{"name":"(anonymous_0)","decl":{"start":{"line":2,"column":2},"end":{"line":2,"column":3}},"loc":{"start":{"line":2,"column":23},"end":{"line":10,"column":3}},"line":2},"1":{"name":"(anonymous_1)","decl":{"start":{"line":12,"column":2},"end":{"line":12,"column":3}},"loc":{"start":{"line":12,"column":40},"end":{"line":20,"column":3}},"line":12}},"branchMap":{"0":{"loc":{"start":{"line":13,"column":4},"end":{"line":15,"column":5}},"type":"if","locations":[{"start":{"line":13,"column":4},"end":{"line":15,"column":5}},{"start":{},"end":{}}],"line":13},"1":{"loc":{"start":{"line":13,"column":8},"end":{"line":13,"column":33}},"type":"binary-expr","locations":[{"start":{"line":13,"column":8},"end":{"line":13,"column":11}},{"start":{"line":13,"column":15},"end":{"line":13,"column":23}},{"start":{"line":13,"column":27},"end":{"line":13,"column":33}}],"line":13},"2":{"loc":{"start":{"line":17,"column":4},"end":{"line":19,"column":5}},"type":"if","locations":[{"start":{"line":17,"column":4},"end":{"line":19,"column":5}},{"start":{},"end":{}}],"line":17},"3":{"loc":{"start":{"line":17,"column":8},"end":{"line":17,"column":90}},"type":"binary-expr","locations":[{"start":{"line":17,"column":8},"end":{"line":17,"column":30}},{"start":{"line":17,"column":34},"end":{"line":17,"column":61}},{"start":{"line":17,"column":65},"end":{"line":17,"column":90}}],"line":17}},"s":{"0":9,"1":7,"2":7,"3":7,"4":7,"5":9,"6":1,"7":8,"8":1,"9":9},"f":{"0":9,"1":9},"b":{"0":[1,8],"1":[9,9,8],"2":[1,7],"3":[8,7,7]},"_coverageSchema":"1a1c01bbd47fc00a2c39e90264f33305004495a9","hash":"16c83a2cede9cfab54b743189a6e63df70bc8af9"}
,"C:\\Users\\aysuka ansari\\OneDrive\\Dokumen\\MY_ONLINE_COURSES\\Dicoding\\Back End Developer\\Menjadi Back-End Developer Expert\\submission\\forum-api-v2\\src\\Domains\\replies\\entities\\DeleteReply.js": {"path":"C:\\Users\\aysuka ansari\\OneDrive\\Dokumen\\MY_ONLINE_COURSES\\Dicoding\\Back End Developer\\Menjadi Back-End Developer Expert\\submission\\forum-api-v2\\src\\Domains\\replies\\entities\\DeleteReply.js","statementMap":{"0":{"start":{"line":3,"column":4},"end":{"line":3,"column":33}},"1":{"start":{"line":5,"column":48},"end":{"line":5,"column":55}},"2":{"start":{"line":7,"column":4},"end":{"line":7,"column":17}},"3":{"start":{"line":8,"column":4},"end":{"line":8,"column":31}},"4":{"start":{"line":9,"column":4},"end":{"line":9,"column":29}},"5":{"start":{"line":10,"column":4},"end":{"line":10,"column":25}},"6":{"start":{"line":14,"column":4},"end":{"line":16,"column":5}},"7":{"start":{"line":15,"column":6},"end":{"line":15,"column":66}},"8":{"start":{"line":18,"column":4},"end":{"line":20,"column":5}},"9":{"start":{"line":19,"column":6},"end":{"line":19,"column":71}},"10":{"start":{"line":24,"column":0},"end":{"line":24,"column":29}}},"fnMap":{"0":{"name":"(anonymous_0)","decl":{"start":{"line":2,"column":2},"end":{"line":2,"column":3}},"loc":{"start":{"line":2,"column":23},"end":{"line":11,"column":3}},"line":2},"1":{"name":"(anonymous_1)","decl":{"start":{"line":13,"column":2},"end":{"line":13,"column":3}},"loc":{"start":{"line":13,"column":53},"end":{"line":21,"column":3}},"line":13}},"branchMap":{"0":{"loc":{"start":{"line":14,"column":4},"end":{"line":16,"column":5}},"type":"if","locations":[{"start":{"line":14,"column":4},"end":{"line":16,"column":5}},{"start":{},"end":{}}],"line":14},"1":{"loc":{"start":{"line":14,"column":8},"end":{"line":14,"column":49}},"type":"binary-expr","locations":[{"start":{"line":14,"column":8},"end":{"line":14,"column":11}},{"start":{"line":14,"column":15},"end":{"line":14,"column":25}},{"start":{"line":14,"column":29},"end":{"line":14,"column":38}},{"start":{"line":14,"column":42},"end":{"line":14,"column":49}}],"line":14},"2":{"loc":{"start":{"line":18,"column":4},"end":{"line":20,"column":5}},"type":"if","locations":[{"start":{"line":18,"column":4},"end":{"line":20,"column":5}},{"start":{},"end":{}}],"line":18},"3":{"loc":{"start":{"line":18,"column":8},"end":{"line":18,"column":125}},"type":"binary-expr","locations":[{"start":{"line":18,"column":8},"end":{"line":18,"column":30}},{"start":{"line":18,"column":34},"end":{"line":18,"column":63}},{"start":{"line":18,"column":67},"end":{"line":18,"column":95}},{"start":{"line":18,"column":99},"end":{"line":18,"column":125}}],"line":18}},"s":{"0":6,"1":4,"2":4,"3":4,"4":4,"5":4,"6":6,"7":1,"8":5,"9":1,"10":9},"f":{"0":6,"1":6},"b":{"0":[1,5],"1":[6,5,5,5],"2":[1,4],"3":[5,4,4,4]},"_coverageSchema":"1a1c01bbd47fc00a2c39e90264f33305004495a9","hash":"03ed5ef168512072aafd651838d566661a7b027d"}
,"C:\\Users\\aysuka ansari\\OneDrive\\Dokumen\\MY_ONLINE_COURSES\\Dicoding\\Back End Developer\\Menjadi Back-End Developer Expert\\submission\\forum-api-v2\\src\\Domains\\replies\\entities\\DetailReply.js": {"path":"C:\\Users\\aysuka ansari\\OneDrive\\Dokumen\\MY_ONLINE_COURSES\\Dicoding\\Back End Developer\\Menjadi Back-End Developer Expert\\submission\\forum-api-v2\\src\\Domains\\replies\\entities\\DetailReply.js","statementMap":{"0":{"start":{"line":3,"column":4},"end":{"line":3,"column":33}},"1":{"start":{"line":5,"column":67},"end":{"line":5,"column":74}},"2":{"start":{"line":7,"column":4},"end":{"line":7,"column":17}},"3":{"start":{"line":8,"column":4},"end":{"line":8,"column":69}},"4":{"start":{"line":9,"column":4},"end":{"line":9,"column":21}},"5":{"start":{"line":10,"column":4},"end":{"line":10,"column":29}},"6":{"start":{"line":14,"column":4},"end":{"line":16,"column":5}},"7":{"start":{"line":15,"column":6},"end":{"line":15,"column":66}},"8":{"start":{"line":18,"column":4},"end":{"line":20,"column":5}},"9":{"start":{"line":19,"column":6},"end":{"line":19,"column":71}},"10":{"start":{"line":24,"column":0},"end":{"line":24,"column":29}}},"fnMap":{"0":{"name":"(anonymous_0)","decl":{"start":{"line":2,"column":2},"end":{"line":2,"column":3}},"loc":{"start":{"line":2,"column":23},"end":{"line":11,"column":3}},"line":2},"1":{"name":"(anonymous_1)","decl":{"start":{"line":13,"column":2},"end":{"line":13,"column":3}},"loc":{"start":{"line":13,"column":62},"end":{"line":21,"column":3}},"line":13}},"branchMap":{"0":{"loc":{"start":{"line":8,"column":19},"end":{"line":8,"column":68}},"type":"cond-expr","locations":[{"start":{"line":8,"column":31},"end":{"line":8,"column":58}},{"start":{"line":8,"column":61},"end":{"line":8,"column":68}}],"line":8},"1":{"loc":{"start":{"line":14,"column":4},"end":{"line":16,"column":5}},"type":"if","locations":[{"start":{"line":14,"column":4},"end":{"line":16,"column":5}},{"start":{},"end":{}}],"line":14},"2":{"loc":{"start":{"line":14,"column":8},"end":{"line":14,"column":75}},"type":"binary-expr","locations":[{"start":{"line":14,"column":8},"end":{"line":14,"column":11}},{"start":{"line":14,"column":15},"end":{"line":14,"column":23}},{"start":{"line":14,"column":27},"end":{"line":14,"column":32}},{"start":{"line":14,"column":36},"end":{"line":14,"column":45}},{"start":{"line":14,"column":50},"end":{"line":14,"column":74}}],"line":14},"3":{"loc":{"start":{"line":18,"column":4},"end":{"line":20,"column":5}},"type":"if","locations":[{"start":{"line":18,"column":4},"end":{"line":20,"column":5}},{"start":{},"end":{}}],"line":18},"4":{"loc":{"start":{"line":18,"column":8},"end":{"line":18,"column":156}},"type":"binary-expr","locations":[{"start":{"line":18,"column":8},"end":{"line":18,"column":30}},{"start":{"line":18,"column":34},"end":{"line":18,"column":61}},{"start":{"line":18,"column":65},"end":{"line":18,"column":89}},{"start":{"line":18,"column":93},"end":{"line":18,"column":121}},{"start":{"line":18,"column":125},"end":{"line":18,"column":156}}],"line":18}},"s":{"0":6,"1":4,"2":4,"3":4,"4":4,"5":4,"6":6,"7":1,"8":5,"9":1,"10":9},"f":{"0":6,"1":6},"b":{"0":[2,2],"1":[1,5],"2":[6,6,6,5,5],"3":[1,4],"4":[5,5,5,4,4]},"_coverageSchema":"1a1c01bbd47fc00a2c39e90264f33305004495a9","hash":"dc3e339836e9f0a1b0db81d5afed76a01d65e8db"}
,"C:\\Users\\aysuka ansari\\OneDrive\\Dokumen\\MY_ONLINE_COURSES\\Dicoding\\Back End Developer\\Menjadi Back-End Developer Expert\\submission\\forum-api-v2\\src\\Domains\\threads\\ThreadRepository.js": {"path":"C:\\Users\\aysuka ansari\\OneDrive\\Dokumen\\MY_ONLINE_COURSES\\Dicoding\\Back End Developer\\Menjadi Back-End Developer Expert\\submission\\forum-api-v2\\src\\Domains\\threads\\ThreadRepository.js","statementMap":{"0":{"start":{"line":3,"column":4},"end":{"line":3,"column":64}},"1":{"start":{"line":6,"column":4},"end":{"line":6,"column":64}},"2":{"start":{"line":9,"column":4},"end":{"line":9,"column":64}},"3":{"start":{"line":13,"column":0},"end":{"line":13,"column":34}}},"fnMap":{"0":{"name":"(anonymous_0)","decl":{"start":{"line":2,"column":2},"end":{"line":2,"column":3}},"loc":{"start":{"line":2,"column":29},"end":{"line":4,"column":3}},"line":2},"1":{"name":"(anonymous_1)","decl":{"start":{"line":5,"column":2},"end":{"line":5,"column":3}},"loc":{"start":{"line":5,"column":36},"end":{"line":7,"column":3}},"line":5},"2":{"name":"(anonymous_2)","decl":{"start":{"line":8,"column":2},"end":{"line":8,"column":3}},"loc":{"start":{"line":8,"column":26},"end":{"line":10,"column":3}},"line":8}},"branchMap":{},"s":{"0":1,"1":1,"2":1,"3":13},"f":{"0":1,"1":1,"2":1},"b":{},"_coverageSchema":"1a1c01bbd47fc00a2c39e90264f33305004495a9","hash":"a446f241577e7a714667738484954bdbc73b1ca4"}
,"C:\\Users\\aysuka ansari\\OneDrive\\Dokumen\\MY_ONLINE_COURSES\\Dicoding\\Back End Developer\\Menjadi Back-End Developer Expert\\submission\\forum-api-v2\\src\\Domains\\threads\\entities\\AddThread.js": {"path":"C:\\Users\\aysuka ansari\\OneDrive\\Dokumen\\MY_ONLINE_COURSES\\Dicoding\\Back End Developer\\Menjadi Back-End Developer Expert\\submission\\forum-api-v2\\src\\Domains\\threads\\entities\\AddThread.js","statementMap":{"0":{"start":{"line":3,"column":4},"end":{"line":3,"column":33}},"1":{"start":{"line":5,"column":35},"end":{"line":5,"column":42}},"2":{"start":{"line":7,"column":4},"end":{"line":7,"column":23}},"3":{"start":{"line":8,"column":4},"end":{"line":8,"column":21}},"4":{"start":{"line":9,"column":4},"end":{"line":9,"column":23}},"5":{"start":{"line":13,"column":4},"end":{"line":15,"column":5}},"6":{"start":{"line":14,"column":6},"end":{"line":14,"column":64}},"7":{"start":{"line":17,"column":4},"end":{"line":19,"column":5}},"8":{"start":{"line":18,"column":6},"end":{"line":18,"column":69}},"9":{"start":{"line":23,"column":0},"end":{"line":23,"column":27}}},"fnMap":{"0":{"name":"(anonymous_0)","decl":{"start":{"line":2,"column":2},"end":{"line":2,"column":3}},"loc":{"start":{"line":2,"column":23},"end":{"line":10,"column":3}},"line":2},"1":{"name":"(anonymous_1)","decl":{"start":{"line":12,"column":2},"end":{"line":12,"column":3}},"loc":{"start":{"line":12,"column":41},"end":{"line":20,"column":3}},"line":12}},"branchMap":{"0":{"loc":{"start":{"line":13,"column":4},"end":{"line":15,"column":5}},"type":"if","locations":[{"start":{"line":13,"column":4},"end":{"line":15,"column":5}},{"start":{},"end":{}}],"line":13},"1":{"loc":{"start":{"line":13,"column":8},"end":{"line":13,"column":33}},"type":"binary-expr","locations":[{"start":{"line":13,"column":8},"end":{"line":13,"column":14}},{"start":{"line":13,"column":18},"end":{"line":13,"column":23}},{"start":{"line":13,"column":27},"end":{"line":13,"column":33}}],"line":13},"2":{"loc":{"start":{"line":17,"column":4},"end":{"line":19,"column":5}},"type":"if","locations":[{"start":{"line":17,"column":4},"end":{"line":19,"column":5}},{"start":{},"end":{}}],"line":17},"3":{"loc":{"start":{"line":17,"column":8},"end":{"line":17,"column":90}},"type":"binary-expr","locations":[{"start":{"line":17,"column":8},"end":{"line":17,"column":33}},{"start":{"line":17,"column":37},"end":{"line":17,"column":61}},{"start":{"line":17,"column":65},"end":{"line":17,"column":90}}],"line":17}},"s":{"0":10,"1":6,"2":6,"3":6,"4":6,"5":10,"6":2,"7":8,"8":2,"9":10},"f":{"0":10,"1":10},"b":{"0":[2,8],"1":[10,10,9],"2":[2,6],"3":[8,8,6]},"_coverageSchema":"1a1c01bbd47fc00a2c39e90264f33305004495a9","hash":"a7b3ed820d664d4e0c05eb8f154db579cb5b17be"}
,"C:\\Users\\aysuka ansari\\OneDrive\\Dokumen\\MY_ONLINE_COURSES\\Dicoding\\Back End Developer\\Menjadi Back-End Developer Expert\\submission\\forum-api-v2\\src\\Domains\\threads\\entities\\AddedThread.js": {"path":"C:\\Users\\aysuka ansari\\OneDrive\\Dokumen\\MY_ONLINE_COURSES\\Dicoding\\Back End Developer\\Menjadi Back-End Developer Expert\\submission\\forum-api-v2\\src\\Domains\\threads\\entities\\AddedThread.js","statementMap":{"0":{"start":{"line":3,"column":4},"end":{"line":3,"column":33}},"1":{"start":{"line":5,"column":33},"end":{"line":5,"column":40}},"2":{"start":{"line":7,"column":4},"end":{"line":7,"column":17}},"3":{"start":{"line":8,"column":4},"end":{"line":8,"column":23}},"4":{"start":{"line":9,"column":4},"end":{"line":9,"column":23}},"5":{"start":{"line":13,"column":4},"end":{"line":15,"column":5}},"6":{"start":{"line":14,"column":6},"end":{"line":14,"column":66}},"7":{"start":{"line":17,"column":4},"end":{"line":19,"column":5}},"8":{"start":{"line":18,"column":6},"end":{"line":18,"column":71}},"9":{"start":{"line":23,"column":0},"end":{"line":23,"column":29}}},"fnMap":{"0":{"name":"(anonymous_0)","decl":{"start":{"line":2,"column":2},"end":{"line":2,"column":3}},"loc":{"start":{"line":2,"column":23},"end":{"line":10,"column":3}},"line":2},"1":{"name":"(anonymous_1)","decl":{"start":{"line":12,"column":2},"end":{"line":12,"column":3}},"loc":{"start":{"line":12,"column":39},"end":{"line":20,"column":3}},"line":12}},"branchMap":{"0":{"loc":{"start":{"line":13,"column":4},"end":{"line":15,"column":5}},"type":"if","locations":[{"start":{"line":13,"column":4},"end":{"line":15,"column":5}},{"start":{},"end":{}}],"line":13},"1":{"loc":{"start":{"line":13,"column":8},"end":{"line":13,"column":31}},"type":"binary-expr","locations":[{"start":{"line":13,"column":8},"end":{"line":13,"column":11}},{"start":{"line":13,"column":15},"end":{"line":13,"column":21}},{"start":{"line":13,"column":25},"end":{"line":13,"column":31}}],"line":13},"2":{"loc":{"start":{"line":17,"column":4},"end":{"line":19,"column":5}},"type":"if","locations":[{"start":{"line":17,"column":4},"end":{"line":19,"column":5}},{"start":{},"end":{}}],"line":17},"3":{"loc":{"start":{"line":17,"column":8},"end":{"line":17,"column":88}},"type":"binary-expr","locations":[{"start":{"line":17,"column":8},"end":{"line":17,"column":30}},{"start":{"line":17,"column":34},"end":{"line":17,"column":59}},{"start":{"line":17,"column":63},"end":{"line":17,"column":88}}],"line":17}},"s":{"0":9,"1":7,"2":7,"3":7,"4":7,"5":9,"6":1,"7":8,"8":1,"9":12},"f":{"0":9,"1":9},"b":{"0":[1,8],"1":[9,9,9],"2":[1,7],"3":[8,8,7]},"_coverageSchema":"1a1c01bbd47fc00a2c39e90264f33305004495a9","hash":"6717b32b06d7043887f4cd8367ba0ad78f9620ee"}
,"C:\\Users\\aysuka ansari\\OneDrive\\Dokumen\\MY_ONLINE_COURSES\\Dicoding\\Back End Developer\\Menjadi Back-End Developer Expert\\submission\\forum-api-v2\\src\\Domains\\threads\\entities\\DetailThread.js": {"path":"C:\\Users\\aysuka ansari\\OneDrive\\Dokumen\\MY_ONLINE_COURSES\\Dicoding\\Back End Developer\\Menjadi Back-End Developer Expert\\submission\\forum-api-v2\\src\\Domains\\threads\\entities\\DetailThread.js","statementMap":{"0":{"start":{"line":3,"column":4},"end":{"line":3,"column":33}},"1":{"start":{"line":5,"column":48},"end":{"line":5,"column":55}},"2":{"start":{"line":7,"column":4},"end":{"line":7,"column":17}},"3":{"start":{"line":8,"column":4},"end":{"line":8,"column":23}},"4":{"start":{"line":9,"column":4},"end":{"line":9,"column":21}},"5":{"start":{"line":10,"column":4},"end":{"line":10,"column":21}},"6":{"start":{"line":11,"column":4},"end":{"line":11,"column":29}},"7":{"start":{"line":15,"column":4},"end":{"line":17,"column":5}},"8":{"start":{"line":16,"column":6},"end":{"line":16,"column":67}},"9":{"start":{"line":19,"column":4},"end":{"line":21,"column":5}},"10":{"start":{"line":20,"column":6},"end":{"line":20,"column":72}},"11":{"start":{"line":25,"column":0},"end":{"line":25,"column":30}}},"fnMap":{"0":{"name":"(anonymous_0)","decl":{"start":{"line":2,"column":2},"end":{"line":2,"column":3}},"loc":{"start":{"line":2,"column":23},"end":{"line":12,"column":3}},"line":2},"1":{"name":"(anonymous_1)","decl":{"start":{"line":14,"column":2},"end":{"line":14,"column":3}},"loc":{"start":{"line":14,"column":54},"end":{"line":22,"column":3}},"line":14}},"branchMap":{"0":{"loc":{"start":{"line":15,"column":4},"end":{"line":17,"column":5}},"type":"if","locations":[{"start":{"line":15,"column":4},"end":{"line":17,"column":5}},{"start":{},"end":{}}],"line":15},"1":{"loc":{"start":{"line":15,"column":8},"end":{"line":15,"column":52}},"type":"binary-expr","locations":[{"start":{"line":15,"column":8},"end":{"line":15,"column":11}},{"start":{"line":15,"column":15},"end":{"line":15,"column":21}},{"start":{"line":15,"column":25},"end":{"line":15,"column":30}},{"start":{"line":15,"column":34},"end":{"line":15,"column":39}},{"start":{"line":15,"column":43},"end":{"line":15,"column":52}}],"line":15},"2":{"loc":{"start":{"line":19,"column":4},"end":{"line":21,"column":5}},"type":"if","locations":[{"start":{"line":19,"column":4},"end":{"line":21,"column":5}},{"start":{},"end":{}}],"line":19},"3":{"loc":{"start":{"line":19,"column":8},"end":{"line":19,"column":147}},"type":"binary-expr","locations":[{"start":{"line":19,"column":8},"end":{"line":19,"column":30}},{"start":{"line":19,"column":34},"end":{"line":19,"column":59}},{"start":{"line":19,"column":63},"end":{"line":19,"column":87}},{"start":{"line":19,"column":91},"end":{"line":19,"column":115}},{"start":{"line":19,"column":119},"end":{"line":19,"column":147}}],"line":19}},"s":{"0":9,"1":7,"2":7,"3":7,"4":7,"5":7,"6":7,"7":9,"8":1,"9":8,"10":1,"11":12},"f":{"0":9,"1":9},"b":{"0":[1,8],"1":[9,9,9,8,8],"2":[1,7],"3":[8,8,7,7,7]},"_coverageSchema":"1a1c01bbd47fc00a2c39e90264f33305004495a9","hash":"dd0dae40bf850826eeb3ccdd7d22cc032dd834ee"}
[...]
,"C:\\Users\\aysuka ansari\\OneDrive\\Dokumen\\MY_ONLINE_COURSES\\Dicoding\\Back End Developer\\Menjadi Back-End Developer Expert\\submission\\forum-api-v2\\src\\Interfaces\\http\\api\\comments\\index.js": {"path":"C:\\Users\\aysuka ansari\\OneDrive\\Dokumen\\MY_ONLINE_COURSES\\Dicoding\\Back End Developer\\Menjadi Back-End Developer Expert\\submission\\forum-api-v2\\src\\Interfaces\\http\\api\\comments\\index.js","statementMap":{"0":{"start":{"line":1,"column":24},"end":{"line":1,"column":44}},"1":{"start":{"line":2,"column":15},"end":{"line":2,"column":34}},"2":{"start":{"line":4,"column":0},"end":{"line":11,"column":2}},"3":{"start":{"line":8,"column":28},"end":{"line":8,"column":58}},"4":{"start":{"line":9,"column":4},"end":{"line":9,"column":42}}},"fnMap":{"0":{"name":"(anonymous_0)","decl":{"start":{"line":7,"column":12},"end":{"line":7,"column":13}},"loc":{"start":{"line":7,"column":45},"end":{"line":10,"column":3}},"line":7}},"branchMap":{},"s":{"0":7,"1":7,"2":7,"3":61,"4":61},"f":{"0":61},"b":{},"_coverageSchema":"1a1c01bbd47fc00a2c39e90264f33305004495a9","hash":"f10196b682721ed72cfab84b1d0a9b051dc1ef1f"}
,"C:\\Users\\aysuka ansari\\OneDrive\\Dokumen\\MY_ONLINE_COURSES\\Dicoding\\Back End Developer\\Menjadi Back-End Developer Expert\\submission\\forum-api-v2\\src\\Interfaces\\http\\api\\comments\\routes.js": {"path":"C:\\Users\\aysuka ansari\\OneDrive\\Dokumen\\MY_ONLINE_COURSES\\Dicoding\\Back End Developer\\Menjadi Back-End Developer Expert\\submission\\forum-api-v2\\src\\Interfaces\\http\\api\\comments\\routes.js","statementMap":{"0":{"start":{"line":1,"column":15},"end":{"line":18,"column":1}},"1":{"start":{"line":1,"column":28},"end":{"line":18,"column":1}},"2":{"start":{"line":20,"column":0},"end":{"line":20,"column":24}}},"fnMap":{"0":{"name":"(anonymous_0)","decl":{"start":{"line":1,"column":15},"end":{"line":1,"column":16}},"loc":{"start":{"line":1,"column":28},"end":{"line":18,"column":1}},"line":1}},"branchMap":{},"s":{"0":7,"1":61,"2":7},"f":{"0":61},"b":{},"_coverageSchema":"1a1c01bbd47fc00a2c39e90264f33305004495a9","hash":"a00bba12628421c3b609208ffec42fd1470cd601"}
,"C:\\Users\\aysuka ansari\\OneDrive\\Dokumen\\MY_ONLINE_COURSES\\Dicoding\\Back End Developer\\Menjadi Back-End Developer Expert\\submission\\forum-api-v2\\src\\Interfaces\\http\\api\\likes\\handler.js": {"path":"C:\\Users\\aysuka ansari\\OneDrive\\Dokumen\\MY_ONLINE_COURSES\\Dicoding\\Back End Developer\\Menjadi Back-End Developer Expert\\submission\\forum-api-v2\\src\\Interfaces\\http\\api\\likes\\handler.js","statementMap":{"0":{"start":{"line":1,"column":17},"end":{"line":1,"column":37}},"1":{"start":{"line":2,"column":33},"end":{"line":2,"column":102}},"2":{"start":{"line":6,"column":4},"end":{"line":6,"column":32}},"3":{"start":{"line":8,"column":4},"end":{"line":8,"column":19}},"4":{"start":{"line":12,"column":36},"end":{"line":12,"column":50}},"5":{"start":{"line":13,"column":20},"end":{"line":17,"column":5}},"6":{"start":{"line":19,"column":37},"end":{"line":20,"column":47}},"7":{"start":{"line":22,"column":4},"end":{"line":22,"column":52}},"8":{"start":{"line":24,"column":21},"end":{"line":26,"column":6}},"9":{"start":{"line":28,"column":4},"end":{"line":28,"column":20}},"10":{"start":{"line":32,"column":0},"end":{"line":32,"column":37}}},"fnMap":{"0":{"name":"(anonymous_0)","decl":{"start":{"line":5,"column":2},"end":{"line":5,"column":3}},"loc":{"start":{"line":5,"column":25},"end":{"line":9,"column":3}},"line":5},"1":{"name":"(anonymous_1)","decl":{"start":{"line":11,"column":2},"end":{"line":11,"column":3}},"loc":{"start":{"line":11,"column":42},"end":{"line":29,"column":3}},"line":11}},"branchMap":{},"s":{"0":7,"1":7,"2":61,"3":61,"4":2,"5":2,"6":2,"7":2,"8":1,"9":1,"10":7},"f":{"0":61,"1":2},"b":{},"_coverageSchema":"1a1c01bbd47fc00a2c39e90264f33305004495a9","hash":"2082e2291910fe6a15a2c67f6d280703318a30d9"}
,"C:\\Users\\aysuka ansari\\OneDrive\\Dokumen\\MY_ONLINE_COURSES\\Dicoding\\Back End Developer\\Menjadi Back-End Developer Expert\\submission\\forum-api-v2\\src\\Interfaces\\http\\api\\likes\\index.js": {"path":"C:\\Users\\aysuka ansari\\OneDrive\\Dokumen\\MY_ONLINE_COURSES\\Dicoding\\Back End Developer\\Menjadi Back-End Developer Expert\\submission\\forum-api-v2\\src\\Interfaces\\http\\api\\likes\\index.js","statementMap":{"0":{"start":{"line":1,"column":28},"end":{"line":1,"column":48}},"1":{"start":{"line":2,"column":15},"end":{"line":2,"column":34}},"2":{"start":{"line":4,"column":0},"end":{"line":11,"column":2}},"3":{"start":{"line":8,"column":32},"end":{"line":8,"column":66}},"4":{"start":{"line":9,"column":4},"end":{"line":9,"column":46}}},"fnMap":{"0":{"name":"(anonymous_0)","decl":{"start":{"line":7,"column":12},"end":{"line":7,"column":13}},"loc":{"start":{"line":7,"column":45},"end":{"line":10,"column":3}},"line":7}},"branchMap":{},"s":{"0":7,"1":7,"2":7,"3":61,"4":61},"f":{"0":61},"b":{},"_coverageSchema":"1a1c01bbd47fc00a2c39e90264f33305004495a9","hash":"ce5d0bad44d39be8d1c53189a3534d4e9c29dcdc"}
,"C:\\Users\\aysuka ansari\\OneDrive\\Dokumen\\MY_ONLINE_COURSES\\Dicoding\\Back End Developer\\Menjadi Back-End Developer Expert\\submission\\forum-api-v2\\src\\Interfaces\\http\\api\\likes\\routes.js": {"path":"C:\\Users\\aysuka ansari\\OneDrive\\Dokumen\\MY_ONLINE_COURSES\\Dicoding\\Back End Developer\\Menjadi Back-End Developer Expert\\submission\\forum-api-v2\\src\\Interfaces\\http\\api\\likes\\routes.js","statementMap":{"0":{"start":{"line":1,"column":15},"end":{"line":10,"column":1}},"1":{"start":{"line":1,"column":28},"end":{"line":10,"column":1}},"2":{"start":{"line":12,"column":0},"end":{"line":12,"column":24}}},"fnMap":{"0":{"name":"(anonymous_0)","decl":{"start":{"line":1,"column":15},"end":{"line":1,"column":16}},"loc":{"start":{"line":1,"column":28},"end":{"line":10,"column":1}},"line":1}},"branchMap":{},"s":{"0":7,"1":61,"2":7},"f":{"0":61},"b":{},"_coverageSchema":"1a1c01bbd47fc00a2c39e90264f33305004495a9","hash":"be06a65f95d5fc0229fe4ffc3214ea778f8e2097"}
,"C:\\Users\\aysuka ansari\\OneDrive\\Dokumen\\MY_ONLINE_COURSES\\Dicoding\\Back End Developer\\Menjadi Back-End Developer Expert\\submission\\forum-api-v2\\src\\Interfaces\\http\\api\\replies\\handler.js": {"path":"C:\\Users\\aysuka ansari\\OneDrive\\Dokumen\\MY_ONLINE_COURSES\\Dicoding\\Back End Developer\\Menjadi Back-End Developer Expert\\submission\\forum-api-v2\\src\\Interfaces\\http\\api\\replies\\handler.js","statementMap":{"0":{"start":{"line":1,"column":17},"end":{"line":1,"column":37}},"1":{"start":{"line":2,"column":24},"end":{"line":2,"column":84}},"2":{"start":{"line":3,"column":27},"end":{"line":3,"column":90}},"3":{"start":{"line":7,"column":4},"end":{"line":7,"column":32}},"4":{"start":{"line":9,"column":4},"end":{"line":9,"column":19}},"5":{"start":{"line":13,"column":20},"end":{"line":18,"column":5}},"6":{"start":{"line":20,"column":28},"end":{"line":20,"column":77}},"7":{"start":{"line":21,"column":23},"end":{"line":21,"column":61}},"8":{"start":{"line":23,"column":21},"end":{"line":28,"column":6}},"9":{"start":{"line":30,"column":4},"end":{"line":30,"column":23}},"10":{"start":{"line":31,"column":4},"end":{"line":31,"column":20}},"11":{"start":{"line":35,"column":49},"end":{"line":35,"column":63}},"12":{"start":{"line":36,"column":19},"end":{"line":36,"column":46}},"13":{"start":{"line":37,"column":20},"end":{"line":42,"column":5}},"14":{"start":{"line":44,"column":31},"end":{"line":44,"column":83}},"15":{"start":{"line":45,"column":4},"end":{"line":45,"column":46}},"16":{"start":{"line":47,"column":21},"end":{"line":49,"column":6}},"17":{"start":{"line":51,"column":4},"end":{"line":51,"column":20}},"18":{"start":{"line":55,"column":0},"end":{"line":55,"column":32}}},"fnMap":{"0":{"name":"(anonymous_0)","decl":{"start":{"line":6,"column":2},"end":{"line":6,"column":3}},"loc":{"start":{"line":6,"column":25},"end":{"line":10,"column":3}},"line":6},"1":{"name":"(anonymous_1)","decl":{"start":{"line":12,"column":2},"end":{"line":12,"column":3}},"loc":{"start":{"line":12,"column":37},"end":{"line":32,"column":3}},"line":12},"2":{"name":"(anonymous_2)","decl":{"start":{"line":34,"column":2},"end":{"line":34,"column":3}},"loc":{"start":{"line":34,"column":39},"end":{"line":52,"column":3}},"line":34}},"branchMap":{},"s":{"0":7,"1":7,"2":7,"3":61,"4":61,"5":3,"6":3,"7":3,"8":1,"9":1,"10":1,"11":2,"12":2,"13":2,"14":2,"15":2,"16":1,"17":1,"18":7},"f":{"0":61,"1":3,"2":2},"b":{},"_coverageSchema":"1a1c01bbd47fc00a2c39e90264f33305004495a9","hash":"d6278ef1780103868fed6116b2cd0cd76a087dde"}
,"C:\\Users\\aysuka ansari\\OneDrive\\Dokumen\\MY_ONLINE_COURSES\\Dicoding\\Back End Developer\\Menjadi Back-End Developer Expert\\submission\\forum-api-v2\\src\\Interfaces\\http\\api\\replies\\index.js": {"path":"C:\\Users\\aysuka ansari\\OneDrive\\Dokumen\\MY_ONLINE_COURSES\\Dicoding\\Back End Developer\\Menjadi Back-End Developer Expert\\submission\\forum-api-v2\\src\\Interfaces\\http\\api\\replies\\index.js","statementMap":{"0":{"start":{"line":1,"column":23},"end":{"line":1,"column":43}},"1":{"start":{"line":2,"column":15},"end":{"line":2,"column":34}},"2":{"start":{"line":4,"column":0},"end":{"line":11,"column":2}},"3":{"start":{"line":8,"column":27},"end":{"line":8,"column":56}},"4":{"start":{"line":9,"column":4},"end":{"line":9,"column":41}}},"fnMap":{"0":{"name":"(anonymous_0)","decl":{"start":{"line":7,"column":12},"end":{"line":7,"column":13}},"loc":{"start":{"line":7,"column":45},"end":{"line":10,"column":3}},"line":7}},"branchMap":{},"s":{"0":7,"1":7,"2":7,"3":61,"4":61},"f":{"0":61},"b":{},"_coverageSchema":"1a1c01bbd47fc00a2c39e90264f33305004495a9","hash":"9f4b2056dbc5017bcdd12f5954ed7a03ca536818"}
,"C:\\Users\\aysuka ansari\\OneDrive\\Dokumen\\MY_ONLINE_COURSES\\Dicoding\\Back End Developer\\Menjadi Back-End Developer Expert\\submission\\forum-api-v2\\src\\Interfaces\\http\\api\\replies\\routes.js": {"path":"C:\\Users\\aysuka ansari\\OneDrive\\Dokumen\\MY_ONLINE_COURSES\\Dicoding\\Back End Developer\\Menjadi Back-End Developer Expert\\submission\\forum-api-v2\\src\\Interfaces\\http\\api\\replies\\routes.js","statementMap":{"0":{"start":{"line":1,"column":15},"end":{"line":18,"column":1}},"1":{"start":{"line":1,"column":28},"end":{"line":18,"column":1}},"2":{"start":{"line":20,"column":0},"end":{"line":20,"column":24}}},"fnMap":{"0":{"name":"(anonymous_0)","decl":{"start":{"line":1,"column":15},"end":{"line":1,"column":16}},"loc":{"start":{"line":1,"column":28},"end":{"line":18,"column":1}},"line":1}},"branchMap":{},"s":{"0":7,"1":61,"2":7},"f":{"0":61},"b":{},"_coverageSchema":"1a1c01bbd47fc00a2c39e90264f33305004495a9","hash":"22aa37be881954d6ad788293f49b160f5a2a8c05"}
,"C:\\Users\\aysuka ansari\\OneDrive\\Dokumen\\MY_ONLINE_COURSES\\Dicoding\\Back End Developer\\Menjadi Back-End Developer Expert\\submission\\forum-api-v2\\src\\Interfaces\\http\\api\\threads\\handler.js": {"path":"C:\\Users\\aysuka ansari\\OneDrive\\Dokumen\\MY_ONLINE_COURSES\\Dicoding\\Back End Developer\\Menjadi Back-End Developer Expert\\submission\\forum-api-v2\\src\\Interfaces\\http\\api\\threads\\handler.js","statementMap":{"0":{"start":{"line":1,"column":17},"end":{"line":1,"column":37}},"1":{"start":{"line":2,"column":25},"end":{"line":2,"column":86}},"2":{"start":{"line":3,"column":28},"end":{"line":3,"column":92}},"3":{"start":{"line":7,"column":4},"end":{"line":7,"column":32}},"4":{"start":{"line":9,"column":4},"end":{"line":9,"column":19}},"5":{"start":{"line":13,"column":20},"end":{"line":16,"column":5}},"6":{"start":{"line":18,"column":29},"end":{"line":18,"column":79}},"7":{"start":{"line":19,"column":24},"end":{"line":19,"column":63}},"8":{"start":{"line":21,"column":21},"end":{"line":26,"column":6}},"9":{"start":{"line":28,"column":4},"end":{"line":28,"column":23}},"10":{"start":{"line":29,"column":4},"end":{"line":29,"column":20}},"11":{"start":{"line":33,"column":27},"end":{"line":33,"column":41}},"12":{"start":{"line":35,"column":32},"end":{"line":35,"column":85}},"13":{"start":{"line":36,"column":19},"end":{"line":36,"column":56}},"14":{"start":{"line":38,"column":21},"end":{"line":43,"column":6}},"15":{"start":{"line":45,"column":4},"end":{"line":45,"column":20}},"16":{"start":{"line":49,"column":0},"end":{"line":49,"column":32}}},"fnMap":{"0":{"name":"(anonymous_0)","decl":{"start":{"line":6,"column":2},"end":{"line":6,"column":3}},"loc":{"start":{"line":6,"column":25},"end":{"line":10,"column":3}},"line":6},"1":{"name":"(anonymous_1)","decl":{"start":{"line":12,"column":2},"end":{"line":12,"column":3}},"loc":{"start":{"line":12,"column":38},"end":{"line":30,"column":3}},"line":12},"2":{"name":"(anonymous_2)","decl":{"start":{"line":32,"column":2},"end":{"line":32,"column":3}},"loc":{"start":{"line":32,"column":41},"end":{"line":46,"column":3}},"line":32}},"branchMap":{},"s":{"0":7,"1":7,"2":7,"3":61,"4":61,"5":3,"6":3,"7":3,"8":1,"9":1,"10":1,"11":2,"12":2,"13":2,"14":1,"15":1,"16":7},"f":{"0":61,"1":3,"2":2},"b":{},"_coverageSchema":"1a1c01bbd47fc00a2c39e90264f33305004495a9","hash":"be9ce7e8be554a76b6d0959e992b1bead0255901"}
,"C:\\Users\\aysuka ansari\\OneDrive\\Dokumen\\MY_ONLINE_COURSES\\Dicoding\\Back End Developer\\Menjadi Back-End Developer Expert\\submission\\forum-api-v2\\src\\Interfaces\\http\\api\\threads\\index.js": {"path":"C:\\Users\\aysuka ansari\\OneDrive\\Dokumen\\MY_ONLINE_COURSES\\Dicoding\\Back End Developer\\Menjadi Back-End Developer Expert\\submission\\forum-api-v2\\src\\Interfaces\\http\\api\\threads\\index.js","statementMap":{"0":{"start":{"line":1,"column":23},"end":{"line":1,"column":43}},"1":{"start":{"line":2,"column":15},"end":{"line":2,"column":34}},"2":{"start":{"line":4,"column":0},"end":{"line":10,"column":1}},"3":{"start":{"line":7,"column":27},"end":{"line":7,"column":56}},"4":{"start":{"line":8,"column":4},"end":{"line":8,"column":41}}},"fnMap":{"0":{"name":"(anonymous_0)","decl":{"start":{"line":6,"column":12},"end":{"line":6,"column":13}},"loc":{"start":{"line":6,"column":45},"end":{"line":9,"column":3}},"line":6}},"branchMap":{},"s":{"0":7,"1":7,"2":7,"3":61,"4":61},"f":{"0":61},"b":{},"_coverageSchema":"1a1c01bbd47fc00a2c39e90264f33305004495a9","hash":"0efba7f3b4f0934bdfbceb703a5b0c3413b889e9"}
,"C:\\Users\\aysuka ansari\\OneDrive\\Dokumen\\MY_ONLINE_COURSES\\Dicoding\\Back End Developer\\Menjadi Back-End Developer Expert\\submission\\forum-api-v2\\src\\Interfaces\\http\\api\\threads\\routes.js": {"path":"C:\\Users\\aysuka ansari\\OneDrive\\Dokumen\\MY_ONLINE_COURSES\\Dicoding\\Back End Developer\\Menjadi Back-End Developer Expert\\submission\\forum-api-v2\\src\\Interfaces\\http\\api\\threads\\routes.js","statementMap":{"0":{"start":{"line":1,"column":15},"end":{"line":15,"column":1}},"1":{"start":{"line":1,"column":28},"end":{"line":15,"column":1}},"2":{"start":{"line":17,"column":0},"end":{"line":17,"column":24}}},"fnMap":{"0":{"name":"(anonymous_0)","decl":{"start":{"line":1,"column":15},"end":{"line":1,"column":16}},"loc":{"start":{"line":1,"column":28},"end":{"line":15,"column":1}},"line":1}},"branchMap":{},"s":{"0":7,"1":61,"2":7},"f":{"0":61},"b":{},"_coverageSchema":"1a1c01bbd47fc00a2c39e90264f33305004495a9","hash":"c4f33873e5a609940622f3d74f7a2dbf51816834"}
,"C:\\Users\\aysuka ansari\\OneDrive\\Dokumen\\MY_ONLINE_COURSES\\Dicoding\\Back End Developer\\Menjadi Back-End Developer Expert\\submission\\forum-api-v2\\src\\Interfaces\\http\\api\\users\\handler.js": {"path":"C:\\Users\\aysuka ansari\\OneDrive\\Dokumen\\MY_ONLINE_COURSES\\Dicoding\\Back End Developer\\Menjadi Back-End Developer Expert\\submission\\forum-api-v2\\src\\Interfaces\\http\\api\\users\\handler.js","statementMap":{"0":{"start":{"line":1,"column":17},"end":{"line":1,"column":37}},"1":{"start":{"line":3,"column":23},"end":{"line":3,"column":82}},"2":{"start":{"line":7,"column":4},"end":{"line":7,"column":32}},"3":{"start":{"line":9,"column":4},"end":{"line":9,"column":19}},"4":{"start":{"line":13,"column":27},"end":{"line":13,"column":75}},"5":{"start":{"line":14,"column":22},"end":{"line":14,"column":67}},"6":{"start":{"line":16,"column":21},"end":{"line":21,"column":6}},"7":{"start":{"line":22,"column":4},"end":{"line":22,"column":23}},"8":{"start":{"line":23,"column":4},"end":{"line":23,"column":20}},"9":{"start":{"line":27,"column":0},"end":{"line":27,"column":30}}},"fnMap":{"0":{"name":"(anonymous_0)","decl":{"start":{"line":6,"column":2},"end":{"line":6,"column":3}},"loc":{"start":{"line":6,"column":25},"end":{"line":10,"column":3}},"line":6},"1":{"name":"(anonymous_1)","decl":{"start":{"line":12,"column":2},"end":{"line":12,"column":3}},"loc":{"start":{"line":12,"column":36},"end":{"line":24,"column":3}},"line":12}},"branchMap":{},"s":{"0":7,"1":7,"2":61,"3":61,"4":25,"5":24,"6":19,"7":19,"8":19,"9":7},"f":{"0":61,"1":25},"b":{},"_coverageSchema":"1a1c01bbd47fc00a2c39e90264f33305004495a9","hash":"c7b08aef244c5f337e17361ab8b56a5b7e8c4fff"}
,"C:\\Users\\aysuka ansari\\OneDrive\\Dokumen\\MY_ONLINE_COURSES\\Dicoding\\Back End Developer\\Menjadi Back-End Developer Expert\\submission\\forum-api-v2\\src\\Interfaces\\http\\api\\users\\index.js": {"path":"C:\\Users\\aysuka ansari\\OneDrive\\Dokumen\\MY_ONLINE_COURSES\\Dicoding\\Back End Developer\\Menjadi Back-End Developer Expert\\submission\\forum-api-v2\\src\\Interfaces\\http\\api\\users\\index.js","statementMap":{"0":{"start":{"line":1,"column":21},"end":{"line":1,"column":41}},"1":{"start":{"line":2,"column":15},"end":{"line":2,"column":34}},"2":{"start":{"line":4,"column":0},"end":{"line":10,"column":2}},"3":{"start":{"line":7,"column":25},"end":{"line":7,"column":52}},"4":{"start":{"line":8,"column":4},"end":{"line":8,"column":39}}},"fnMap":{"0":{"name":"(anonymous_0)","decl":{"start":{"line":6,"column":12},"end":{"line":6,"column":13}},"loc":{"start":{"line":6,"column":45},"end":{"line":9,"column":3}},"line":6}},"branchMap":{},"s":{"0":7,"1":7,"2":7,"3":61,"4":61},"f":{"0":61},"b":{},"_coverageSchema":"1a1c01bbd47fc00a2c39e90264f33305004495a9","hash":"012c391009f08863d7429d2c16704b2c523c55bb"}
,"C:\\Users\\aysuka ansari\\OneDrive\\Dokumen\\MY_ONLINE_COURSES\\Dicoding\\Back End Developer\\Menjadi Back-End Developer Expert\\submission\\forum-api-v2\\src\\Interfaces\\http\\api\\users\\routes.js": {"path":"C:\\Users\\aysuka ansari\\OneDrive\\Dokumen\\MY_ONLINE_COURSES\\Dicoding\\Back End Developer\\Menjadi Back-End Developer Expert\\submission\\forum-api-v2\\src\\Interfaces\\http\\api\\users\\routes.js","statementMap":{"0":{"start":{"line":1,"column":15},"end":{"line":7,"column":2}},"1":{"start":{"line":1,"column":29},"end":{"line":7,"column":1}},"2":{"start":{"line":9,"column":0},"end":{"line":9,"column":24}}},"fnMap":{"0":{"name":"(anonymous_0)","decl":{"start":{"line":1,"column":15},"end":{"line":1,"column":16}},"loc":{"start":{"line":1,"column":29},"end":{"line":7,"column":1}},"line":1}},"branchMap":{},"s":{"0":7,"1":61,"2":7},"f":{"0":61},"b":{},"_coverageSchema":"1a1c01bbd47fc00a2c39e90264f33305004495a9","hash":"b6529da132880c31286b82ba7e8bcab68f1666b5"}
}
