TN:
SF:src\Applications\security\AuthenticationTokenManager.js
FN:2,(anonymous_0)
FN:6,(anonymous_1)
FN:10,(anonymous_2)
FN:14,(anonymous_3)
FNF:4
FNH:4
FNDA:1,(anonymous_0)
FNDA:1,(anonymous_1)
FNDA:1,(anonymous_2)
FNDA:1,(anonymous_3)
DA:3,1
DA:7,1
DA:11,1
DA:15,1
DA:19,10
LF:5
LH:5
BRF:0
BRH:0
end_of_record
TN:
SF:src\Applications\security\PasswordHash.js
FN:2,(anonymous_0)
FN:6,(anonymous_1)
FNF:2
FNH:2
FNDA:1,(anonymous_0)
FNDA:1,(anonymous_1)
DA:3,1
DA:7,1
DA:11,10
LF:3
LH:3
BRF:0
BRH:0
end_of_record
TN:
SF:src\Applications\use_case\AddCommentUseCase.js
FN:4,(anonymous_0)
FN:8,(anonymous_1)
FNF:2
FNH:2
FNDA:2,(anonymous_0)
FNDA:4,(anonymous_1)
DA:1,8
DA:5,2
DA:9,4
DA:10,2
DA:14,8
LF:5
LH:5
BRF:0
BRH:0
end_of_record
TN:
SF:src\Applications\use_case\AddReplyUseCase.js
FN:4,(anonymous_0)
FN:8,(anonymous_1)
FNF:2
FNH:2
FNDA:2,(anonymous_0)
FNDA:4,(anonymous_1)
DA:1,8
DA:5,2
DA:9,4
DA:10,2
DA:14,8
LF:5
LH:5
BRF:0
BRH:0
end_of_record
TN:
SF:src\Applications\use_case\AddThreadUseCase.js
FN:4,(anonymous_0)
FN:8,(anonymous_1)
FNF:2
FNH:2
FNDA:2,(anonymous_0)
FNDA:4,(anonymous_1)
DA:1,8
DA:5,2
DA:9,4
DA:10,2
DA:14,8
LF:5
LH:5
BRF:0
BRH:0
end_of_record
TN:
SF:src\Applications\use_case\AddUserUseCase.js
FN:4,(anonymous_0)
FN:9,(anonymous_1)
FNF:2
FNH:2
FNDA:7,(anonymous_0)
FNDA:25,(anonymous_1)
DA:1,8
DA:5,7
DA:6,7
DA:10,25
DA:11,21
DA:12,20
DA:13,20
DA:17,8
LF:8
LH:8
BRF:0
BRH:0
end_of_record
TN:
SF:src\Applications\use_case\DeleteAuthenticationUseCase.js
FN:2,(anonymous_0)
FN:8,(anonymous_1)
FN:15,(anonymous_2)
FNF:3
FNH:3
FNDA:3,(anonymous_0)
FNDA:3,(anonymous_1)
FNDA:3,(anonymous_2)
DA:5,3
DA:9,3
DA:10,1
DA:11,1
DA:12,1
DA:16,3
DA:17,3
DA:18,1
DA:21,2
DA:22,1
DA:27,1
LF:11
LH:11
BRDA:17,0,0,1
BRDA:17,0,1,2
BRDA:21,1,0,1
BRDA:21,1,1,1
BRF:4
BRH:4
end_of_record
TN:
SF:src\Applications\use_case\DeleteCommentUseCase.js
FN:4,(anonymous_0)
FN:8,(anonymous_1)
FNF:2
FNH:2
FNDA:2,(anonymous_0)
FNDA:3,(anonymous_1)
DA:1,8
DA:5,2
DA:9,3
DA:10,3
DA:11,3
DA:12,2
DA:16,8
LF:7
LH:7
BRF:0
BRH:0
end_of_record
TN:
SF:src\Applications\use_case\DeleteReplyUseCase.js
FN:4,(anonymous_0)
FN:8,(anonymous_1)
FNF:2
FNH:2
FNDA:2,(anonymous_0)
FNDA:3,(anonymous_1)
DA:1,8
DA:5,2
DA:9,3
DA:10,3
DA:11,3
DA:12,2
DA:16,8
LF:7
LH:7
BRF:0
BRH:0
end_of_record
TN:
SF:src\Applications\use_case\DetailThreadUseCase.js
FN:5,(anonymous_0)
FN:12,(anonymous_1)
FN:19,(anonymous_2)
FN:22,(anonymous_3)
FN:23,(anonymous_4)
FNF:5
FNH:5
FNDA:3,(anonymous_0)
FNDA:4,(anonymous_1)
FNDA:2,(anonymous_2)
FNDA:2,(anonymous_3)
FNDA:2,(anonymous_4)
DA:1,8
DA:2,8
DA:6,3
DA:7,3
DA:8,3
DA:9,3
DA:13,4
DA:14,3
DA:15,3
DA:17,3
DA:19,3
DA:20,2
DA:22,2
DA:23,2
DA:27,3
DA:31,8
LF:16
LH:16
BRF:0
BRH:0
end_of_record
TN:
SF:src\Applications\use_case\LikeUnlikeCommentUseCase.js
FN:4,(anonymous_0)
FN:8,(anonymous_1)
FNF:2
FNH:2
FNDA:3,(anonymous_0)
FNDA:4,(anonymous_1)
DA:1,8
DA:5,3
DA:9,4
DA:11,4
DA:16,4
DA:17,1
DA:20,3
DA:24,8
LF:8
LH:8
BRDA:16,0,0,1
BRDA:16,0,1,3
BRF:2
BRH:2
end_of_record
TN:
SF:src\Applications\use_case\LoginUserUseCase.js
FN:5,(anonymous_0)
FN:17,(anonymous_1)
FNF:2
FNH:2
FNDA:6,(anonymous_0)
FNDA:22,(anonymous_1)
DA:1,8
DA:2,8
DA:11,6
DA:12,6
DA:13,6
DA:14,6
DA:18,22
DA:20,20
DA:22,19
DA:24,18
DA:26,18
DA:28,18
DA:31,18
DA:36,18
DA:38,18
DA:42,8
LF:16
LH:16
BRF:0
BRH:0
end_of_record
TN:
SF:src\Applications\use_case\LogoutUserUseCase.js
FN:2,(anonymous_0)
FN:8,(anonymous_1)
FN:15,(anonymous_2)
FNF:3
FNH:3
FNDA:4,(anonymous_0)
FNDA:7,(anonymous_1)
FNDA:7,(anonymous_2)
DA:5,4
DA:9,7
DA:10,3
DA:11,3
DA:12,2
DA:16,7
DA:17,7
DA:18,2
DA:21,5
DA:22,2
DA:27,8
LF:11
LH:11
BRDA:17,0,0,2
BRDA:17,0,1,5
BRDA:21,1,0,2
BRDA:21,1,1,3
BRF:4
BRH:4
end_of_record
TN:
SF:src\Applications\use_case\RefreshAuthenticationUseCase.js
FN:2,(anonymous_0)
FN:10,(anonymous_1)
FN:22,(anonymous_2)
FNF:3
FNH:3
FNDA:4,(anonymous_0)
FNDA:8,(anonymous_1)
FNDA:8,(anonymous_2)
DA:6,4
DA:7,4
DA:11,8
DA:12,4
DA:14,4
DA:15,3
DA:17,2
DA:19,2
DA:23,8
DA:25,8
DA:26,2
DA:29,6
DA:30,2
DA:35,8
LF:14
LH:14
BRDA:25,0,0,2
BRDA:25,0,1,6
BRDA:29,1,0,2
BRDA:29,1,1,4
BRF:4
BRH:4
end_of_record
TN:
SF:src\Commons\exceptions\AuthenticationError.js
FN:4,(anonymous_0)
FNF:1
FNH:1
FNDA:3,(anonymous_0)
DA:1,8
DA:5,3
DA:6,3
DA:10,8
LF:4
LH:4
BRF:0
BRH:0
end_of_record
TN:
SF:src\Commons\exceptions\AuthorizationError.js
FN:4,(anonymous_0)
FNF:1
FNH:1
FNDA:21,(anonymous_0)
DA:1,12
DA:5,21
DA:6,21
DA:10,12
LF:4
LH:4
BRF:0
BRH:0
end_of_record
TN:
SF:src\Commons\exceptions\ClientError.js
FN:2,(anonymous_0)
FNF:1
FNH:1
FNDA:254,(anonymous_0)
DA:3,254
DA:5,254
DA:6,1
DA:9,253
DA:10,253
DA:14,21
LF:6
LH:6
BRDA:2,0,0,192
BRDA:5,1,0,1
BRDA:5,1,1,253
BRF:3
BRH:3
end_of_record
TN:
SF:src\Commons\exceptions\DomainErrorTranslator.js
FN:6,(anonymous_0)
FNF:1
FNH:1
FNDA:39,(anonymous_0)
DA:1,8
DA:2,8
DA:3,8
DA:5,8
DA:7,39
DA:11,8
DA:43,8
LF:7
LH:7
BRDA:7,0,0,39
BRDA:7,0,1,15
BRF:2
BRH:2
end_of_record
TN:
SF:src\Commons\exceptions\InvariantError.js
FN:4,(anonymous_0)
FNF:1
FNH:1
FNDA:191,(anonymous_0)
DA:1,12
DA:5,191
DA:6,191
DA:10,12
LF:4
LH:4
BRF:0
BRH:0
end_of_record
TN:
SF:src\Commons\exceptions\NotFoundError.js
FN:4,(anonymous_0)
FNF:1
FNH:1
FNDA:38,(anonymous_0)
DA:1,13
DA:5,38
DA:6,38
DA:10,13
LF:4
LH:4
BRF:0
BRH:0
end_of_record
TN:
SF:src\Domains\authentications\AuthenticationRepository.js
FN:2,(anonymous_0)
FN:6,(anonymous_1)
FN:10,(anonymous_2)
FNF:3
FNH:3
FNDA:1,(anonymous_0)
FNDA:1,(anonymous_1)
FNDA:1,(anonymous_2)
DA:3,1
DA:7,1
DA:11,1
DA:15,12
LF:4
LH:4
BRF:0
BRH:0
end_of_record
TN:
SF:src\Domains\authentications\entities\NewAuth.js
FN:2,(anonymous_0)
FN:9,(anonymous_1)
FNF:2
FNH:2
FNDA:23,(anonymous_0)
FNDA:23,(anonymous_1)
DA:3,23
DA:5,21
DA:6,21
DA:10,23
DA:12,23
DA:13,1
DA:16,22
DA:17,1
DA:22,9
LF:9
LH:9
BRDA:12,0,0,1
BRDA:12,0,1,22
BRDA:12,1,0,23
BRDA:12,1,1,23
BRDA:16,2,0,1
BRDA:16,2,1,21
BRDA:16,3,0,22
BRDA:16,3,1,22
BRF:8
BRH:8
end_of_record
TN:
SF:src\Domains\comments\CommentRepository.js
FN:2,(anonymous_0)
FN:6,(anonymous_1)
FN:10,(anonymous_2)
FN:14,(anonymous_3)
FN:18,(anonymous_4)
FNF:5
FNH:5
FNDA:1,(anonymous_0)
FNDA:1,(anonymous_1)
FNDA:1,(anonymous_2)
FNDA:1,(anonymous_3)
FNDA:1,(anonymous_4)
DA:3,1
DA:7,1
DA:11,1
DA:15,1
DA:19,1
DA:23,13
LF:6
LH:6
BRF:0
BRH:0
end_of_record
TN:
SF:src\Domains\comments\entities\AddComment.js
FN:2,(anonymous_0)
FN:12,(anonymous_1)
FNF:2
FNH:2
FNDA:10,(anonymous_0)
FNDA:10,(anonymous_1)
DA:3,10
DA:5,6
DA:7,6
DA:8,6
DA:9,6
DA:13,10
DA:14,2
DA:17,8
DA:18,2
DA:23,10
LF:10
LH:10
BRDA:13,0,0,2
BRDA:13,0,1,8
BRDA:13,1,0,10
BRDA:13,1,1,9
BRDA:13,1,2,8
BRDA:17,2,0,2
BRDA:17,2,1,6
BRDA:17,3,0,8
BRDA:17,3,1,7
BRDA:17,3,2,6
BRF:10
BRH:10
end_of_record
TN:
SF:src\Domains\comments\entities\AddedComment.js
FN:2,(anonymous_0)
FN:12,(anonymous_1)
FNF:2
FNH:2
FNDA:9,(anonymous_0)
FNDA:9,(anonymous_1)
DA:3,9
DA:5,7
DA:7,7
DA:8,7
DA:9,7
DA:13,9
DA:14,1
DA:17,8
DA:18,1
DA:23,11
LF:10
LH:10
BRDA:13,0,0,1
BRDA:13,0,1,8
BRDA:13,1,0,9
BRDA:13,1,1,9
BRDA:13,1,2,8
BRDA:17,2,0,1
BRDA:17,2,1,7
BRDA:17,3,0,8
BRDA:17,3,1,8
BRDA:17,3,2,7
BRF:10
BRH:10
end_of_record
TN:
SF:src\Domains\comments\entities\DeleteComment.js
FN:3,(anonymous_0)
FN:13,(anonymous_1)
FNF:2
FNH:2
FNDA:6,(anonymous_0)
FNDA:6,(anonymous_1)
DA:4,6
DA:6,4
DA:8,4
DA:9,4
DA:10,4
DA:14,6
DA:15,1
DA:18,5
DA:19,1
DA:24,9
LF:10
LH:10
BRDA:14,0,0,1
BRDA:14,0,1,5
BRDA:14,1,0,6
BRDA:14,1,1,5
BRDA:14,1,2,5
BRDA:18,2,0,1
BRDA:18,2,1,4
BRDA:18,3,0,5
BRDA:18,3,1,4
BRDA:18,3,2,4
BRF:10
BRH:10
end_of_record
TN:
SF:src\Domains\comments\entities\DetailComment.js
FN:2,(anonymous_0)
FN:14,(anonymous_1)
FNF:2
FNH:2
FNDA:6,(anonymous_0)
FNDA:6,(anonymous_1)
DA:3,6
DA:5,4
DA:7,4
DA:8,4
DA:9,4
DA:10,4
DA:11,4
DA:15,6
DA:16,1
DA:19,5
DA:20,1
DA:25,9
LF:12
LH:12
BRDA:10,0,0,2
BRDA:10,0,1,2
BRDA:15,1,0,1
BRDA:15,1,1,5
BRDA:15,2,0,6
BRDA:15,2,1,6
BRDA:15,2,2,6
BRDA:15,2,3,5
BRDA:15,2,4,5
BRDA:19,3,0,1
BRDA:19,3,1,4
BRDA:19,4,0,5
BRDA:19,4,1,5
BRDA:19,4,2,4
BRDA:19,4,3,4
BRDA:19,4,4,4
BRF:16
BRH:16
end_of_record
TN:
SF:src\Domains\likes\CommentLikeRepository.js
FN:2,(anonymous_0)
FN:6,(anonymous_1)
FN:10,(anonymous_2)
FN:14,(anonymous_3)
FN:18,(anonymous_4)
FNF:5
FNH:5
FNDA:1,(anonymous_0)
FNDA:1,(anonymous_1)
FNDA:1,(anonymous_2)
FNDA:1,(anonymous_3)
FNDA:1,(anonymous_4)
DA:3,1
DA:7,1
DA:11,1
DA:15,1
DA:19,1
DA:23,10
LF:6
LH:6
BRF:0
BRH:0
end_of_record
TN:
SF:src\Domains\likes\entities\AddCommentLike.js
FN:2,(anonymous_0)
FN:12,(anonymous_1)
FNF:2
FNH:2
FNDA:10,(anonymous_0)
FNDA:10,(anonymous_1)
DA:3,10
DA:5,8
DA:7,8
DA:8,8
DA:9,8
DA:13,10
DA:14,1
DA:17,9
DA:18,1
DA:23,10
LF:10
LH:10
BRDA:13,0,0,1
BRDA:13,0,1,9
BRDA:13,1,0,10
BRDA:13,1,1,9
BRDA:13,1,2,9
BRDA:17,2,0,1
BRDA:17,2,1,8
BRDA:17,3,0,9
BRDA:17,3,1,9
BRDA:17,3,2,8
BRF:10
BRH:10
end_of_record
TN:
SF:src\Domains\replies\ReplyRepository.js
FN:2,(anonymous_0)
FN:6,(anonymous_1)
FN:10,(anonymous_2)
FN:14,(anonymous_3)
FN:18,(anonymous_4)
FNF:5
FNH:5
FNDA:1,(anonymous_0)
FNDA:1,(anonymous_1)
FNDA:1,(anonymous_2)
FNDA:1,(anonymous_3)
FNDA:1,(anonymous_4)
DA:3,1
DA:7,1
DA:11,1
DA:15,1
DA:19,1
DA:23,11
LF:6
LH:6
BRF:0
BRH:0
end_of_record
TN:
SF:src\Domains\replies\entities\AddReply.js
FN:3,(anonymous_0)
FN:14,(anonymous_1)
FNF:2
FNH:2
FNDA:10,(anonymous_0)
FNDA:10,(anonymous_1)
DA:4,10
DA:6,6
DA:8,6
DA:9,6
DA:10,6
DA:11,6
DA:15,10
DA:16,2
DA:19,8
DA:20,2
DA:25,10
LF:11
LH:11
BRDA:15,0,0,2
BRDA:15,0,1,8
BRDA:15,1,0,10
BRDA:15,1,1,9
BRDA:15,1,2,8
BRDA:15,1,3,8
BRDA:19,2,0,2
BRDA:19,2,1,6
BRDA:19,3,0,8
BRDA:19,3,1,6
BRDA:19,3,2,6
BRDA:19,3,3,6
BRF:12
BRH:12
end_of_record
TN:
SF:src\Domains\replies\entities\AddedReply.js
FN:2,(anonymous_0)
FN:12,(anonymous_1)
FNF:2
FNH:2
FNDA:9,(anonymous_0)
FNDA:9,(anonymous_1)
DA:3,9
DA:5,7
DA:7,7
DA:8,7
DA:9,7
DA:13,9
DA:14,1
DA:17,8
DA:18,1
DA:23,9
LF:10
LH:10
BRDA:13,0,0,1
BRDA:13,0,1,8
BRDA:13,1,0,9
BRDA:13,1,1,9
BRDA:13,1,2,8
BRDA:17,2,0,1
BRDA:17,2,1,7
BRDA:17,3,0,8
BRDA:17,3,1,7
BRDA:17,3,2,7
BRF:10
BRH:10
end_of_record
TN:
SF:src\Domains\replies\entities\DeleteReply.js
FN:2,(anonymous_0)
FN:13,(anonymous_1)
FNF:2
FNH:2
FNDA:6,(anonymous_0)
FNDA:6,(anonymous_1)
DA:3,6
DA:5,4
DA:7,4
DA:8,4
DA:9,4
DA:10,4
DA:14,6
DA:15,1
DA:18,5
DA:19,1
DA:24,9
LF:11
LH:11
BRDA:14,0,0,1
BRDA:14,0,1,5
BRDA:14,1,0,6
BRDA:14,1,1,5
BRDA:14,1,2,5
BRDA:14,1,3,5
BRDA:18,2,0,1
BRDA:18,2,1,4
BRDA:18,3,0,5
BRDA:18,3,1,4
BRDA:18,3,2,4
BRDA:18,3,3,4
BRF:12
BRH:12
end_of_record
TN:
SF:src\Domains\replies\entities\DetailReply.js
FN:2,(anonymous_0)
FN:13,(anonymous_1)
FNF:2
FNH:2
FNDA:6,(anonymous_0)
FNDA:6,(anonymous_1)
DA:3,6
DA:5,4
DA:7,4
DA:8,4
DA:9,4
DA:10,4
DA:14,6
DA:15,1
DA:18,5
DA:19,1
DA:24,9
LF:11
LH:11
BRDA:8,0,0,2
BRDA:8,0,1,2
BRDA:14,1,0,1
BRDA:14,1,1,5
BRDA:14,2,0,6
BRDA:14,2,1,6
BRDA:14,2,2,6
BRDA:14,2,3,5
BRDA:14,2,4,5
BRDA:18,3,0,1
BRDA:18,3,1,4
BRDA:18,4,0,5
BRDA:18,4,1,5
BRDA:18,4,2,5
BRDA:18,4,3,4
BRDA:18,4,4,4
BRF:16
BRH:16
end_of_record
TN:
SF:src\Domains\threads\ThreadRepository.js
FN:2,(anonymous_0)
FN:5,(anonymous_1)
FN:8,(anonymous_2)
FNF:3
FNH:3
FNDA:1,(anonymous_0)
FNDA:1,(anonymous_1)
FNDA:1,(anonymous_2)
DA:3,1
DA:6,1
DA:9,1
DA:13,13
LF:4
LH:4
BRF:0
BRH:0
end_of_record
TN:
SF:src\Domains\threads\entities\AddThread.js
FN:2,(anonymous_0)
FN:12,(anonymous_1)
FNF:2
FNH:2
FNDA:10,(anonymous_0)
FNDA:10,(anonymous_1)
DA:3,10
DA:5,6
DA:7,6
DA:8,6
DA:9,6
DA:13,10
DA:14,2
DA:17,8
DA:18,2
DA:23,10
LF:10
LH:10
BRDA:13,0,0,2
BRDA:13,0,1,8
BRDA:13,1,0,10
BRDA:13,1,1,10
BRDA:13,1,2,9
BRDA:17,2,0,2
BRDA:17,2,1,6
BRDA:17,3,0,8
BRDA:17,3,1,8
BRDA:17,3,2,6
BRF:10
BRH:10
end_of_record
TN:
SF:src\Domains\threads\entities\AddedThread.js
FN:2,(anonymous_0)
FN:12,(anonymous_1)
FNF:2
FNH:2
FNDA:9,(anonymous_0)
FNDA:9,(anonymous_1)
DA:3,9
DA:5,7
DA:7,7
DA:8,7
DA:9,7
DA:13,9
DA:14,1
DA:17,8
DA:18,1
DA:23,12
LF:10
LH:10
BRDA:13,0,0,1
BRDA:13,0,1,8
BRDA:13,1,0,9
BRDA:13,1,1,9
BRDA:13,1,2,9
BRDA:17,2,0,1
BRDA:17,2,1,7
BRDA:17,3,0,8
BRDA:17,3,1,8
BRDA:17,3,2,7
BRF:10
BRH:10
end_of_record
TN:
SF:src\Domains\threads\entities\DetailThread.js
FN:2,(anonymous_0)
FN:14,(anonymous_1)
FNF:2
FNH:2
FNDA:9,(anonymous_0)
FNDA:9,(anonymous_1)
DA:3,9
DA:5,7
DA:7,7
DA:8,7
DA:9,7
DA:10,7
DA:11,7
DA:15,9
DA:16,1
DA:19,8
DA:20,1
DA:25,12
LF:12
LH:12
BRDA:15,0,0,1
BRDA:15,0,1,8
BRDA:15,1,0,9
BRDA:15,1,1,9
BRDA:15,1,2,9
BRDA:15,1,3,8
BRDA:15,1,4,8
BRDA:19,2,0,1
BRDA:19,2,1,7
BRDA:19,3,0,8
BRDA:19,3,1,8
BRDA:19,3,2,7
BRDA:19,3,3,7
BRDA:19,3,4,7
BRF:14
BRH:14
end_of_record
TN:
SF:src\Domains\users\UserRepository.js
FN:2,(anonymous_0)
FN:6,(anonymous_1)
FN:10,(anonymous_2)
FN:14,(anonymous_3)
FNF:4
FNH:4
FNDA:1,(anonymous_0)
FNDA:1,(anonymous_1)
FNDA:1,(anonymous_2)
FNDA:1,(anonymous_3)
DA:3,1
DA:7,1
DA:11,1
DA:15,1
DA:19,10
LF:5
LH:5
BRF:0
BRH:0
end_of_record
TN:
SF:src\Domains\users\entities\RegisterUser.js
FN:2,(anonymous_0)
FN:12,(anonymous_1)
FNF:2
FNH:2
FNDA:33,(anonymous_0)
FNDA:33,(anonymous_1)
DA:3,33
DA:5,25
DA:7,25
DA:8,25
DA:9,25
DA:13,33
DA:14,2
DA:17,31
DA:18,2
DA:21,29
DA:22,2
DA:25,27
DA:26,2
DA:31,10
LF:14
LH:14
BRDA:13,0,0,2
BRDA:13,0,1,31
BRDA:13,1,0,33
BRDA:13,1,1,32
BRDA:13,1,2,32
BRDA:17,2,0,2
BRDA:17,2,1,29
BRDA:17,3,0,31
BRDA:17,3,1,30
BRDA:17,3,2,30
BRDA:21,4,0,2
BRDA:21,4,1,27
BRDA:25,5,0,2
BRDA:25,5,1,25
BRF:14
BRH:14
end_of_record
TN:
SF:src\Domains\users\entities\RegisteredUser.js
FN:2,(anonymous_0)
FN:12,(anonymous_1)
FNF:2
FNH:2
FNDA:27,(anonymous_0)
FNDA:27,(anonymous_1)
DA:3,27
DA:5,25
DA:7,25
DA:8,25
DA:9,25
DA:13,27
DA:14,1
DA:17,26
DA:18,1
DA:23,9
LF:10
LH:10
BRDA:13,0,0,1
BRDA:13,0,1,26
BRDA:13,1,0,27
BRDA:13,1,1,26
BRDA:13,1,2,26
BRDA:17,2,0,1
BRDA:17,2,1,25
BRDA:17,3,0,26
BRDA:17,3,1,25
BRDA:17,3,2,25
BRF:10
BRH:10
end_of_record
TN:
SF:src\Domains\users\entities\UserLogin.js
FN:2,(anonymous_0)
FN:9,(anonymous_1)
FNF:2
FNH:2
FNDA:25,(anonymous_0)
FNDA:25,(anonymous_1)
DA:3,25
DA:5,21
DA:6,21
DA:10,25
DA:12,25
DA:13,2
DA:16,23
DA:17,2
DA:22,9
LF:9
LH:9
BRDA:12,0,0,2
BRDA:12,0,1,23
BRDA:12,1,0,25
BRDA:12,1,1,25
BRDA:16,2,0,2
BRDA:16,2,1,21
BRDA:16,3,0,23
BRDA:16,3,1,22
BRF:8
BRH:8
end_of_record
TN:
SF:src\Infrastructures\http\createServer.js
FN:14,(anonymous_0)
FN:34,(anonymous_1)
FN:72,(anonymous_2)
FN:77,(anonymous_3)
FNF:4
FNH:4
FNDA:61,(anonymous_0)
FNDA:15,(anonymous_1)
FNDA:1,(anonymous_2)
FNDA:80,(anonymous_3)
DA:1,7
DA:2,7
DA:4,7
DA:5,7
DA:7,7
DA:8,7
DA:9,7
DA:10,7
DA:11,7
DA:12,7
DA:14,7
DA:15,61
DA:20,61
DA:26,61
DA:34,15
DA:42,61
DA:69,61
DA:72,1
DA:77,61
DA:79,80
DA:81,80
DA:83,34
DA:86,34
DA:87,26
DA:91,26
DA:92,26
DA:96,8
DA:97,7
DA:102,1
DA:106,1
DA:107,1
DA:111,46
DA:114,61
DA:117,7
LF:34
LH:34
BRDA:81,0,0,34
BRDA:81,0,1,46
BRDA:86,1,0,26
BRDA:86,1,1,8
BRDA:96,2,0,7
BRDA:96,2,1,1
BRF:6
BRH:6
end_of_record
TN:
SF:src\Infrastructures\repository\AuthenticationRepositoryPostgres.js
FN:5,(anonymous_0)
FN:10,(anonymous_1)
FN:19,(anonymous_2)
FN:32,(anonymous_3)
FNF:4
FNH:4
FNDA:9,(anonymous_0)
FNDA:18,(anonymous_1)
FNDA:6,(anonymous_2)
FNDA:2,(anonymous_3)
DA:1,7
DA:2,7
DA:6,9
DA:7,9
DA:11,18
DA:16,18
DA:20,6
DA:25,6
DA:27,6
DA:28,3
DA:33,2
DA:38,2
DA:42,7
LF:13
LH:13
BRDA:27,0,0,3
BRDA:27,0,1,3
BRF:2
BRH:2
end_of_record
TN:
SF:src\Infrastructures\repository\CommentLikeRepositoryPostgres.js
FN:7,(anonymous_0)
FN:13,(anonymous_1)
FN:29,(anonymous_2)
FN:38,(anonymous_3)
FN:52,(anonymous_4)
FN:63,(anonymous_5)
FNF:6
FNH:6
FNDA:8,(anonymous_0)
FNDA:3,(anonymous_1)
FNDA:1,(anonymous_2)
FNDA:4,(anonymous_3)
FNDA:3,(anonymous_4)
FNDA:2,(anonymous_5)
DA:1,7
DA:3,7
DA:4,7
DA:8,8
DA:9,8
DA:10,8
DA:14,3
DA:15,3
DA:20,3
DA:21,3
DA:23,3
DA:24,3
DA:26,2
DA:30,1
DA:35,1
DA:39,4
DA:44,4
DA:45,4
DA:46,1
DA:49,3
DA:53,3
DA:58,3
DA:60,3
DA:64,2
DA:65,2
DA:68,2
DA:72,7
LF:27
LH:27
BRDA:45,0,0,1
BRDA:45,0,1,3
BRF:2
BRH:2
end_of_record
TN:
SF:src\Infrastructures\repository\CommentRepositoryPostgres.js
FN:8,(anonymous_0)
FN:14,(anonymous_1)
FN:37,(anonymous_2)
FN:52,(anonymous_3)
FN:64,(anonymous_4)
FN:79,(anonymous_5)
FNF:6
FNH:6
FNDA:20,(anonymous_0)
FNDA:3,(anonymous_1)
FNDA:3,(anonymous_2)
FNDA:3,(anonymous_3)
FNDA:4,(anonymous_4)
FNDA:12,(anonymous_5)
DA:1,9
DA:2,9
DA:3,9
DA:4,9
DA:5,9
DA:9,20
DA:10,20
DA:11,20
DA:15,3
DA:17,3
DA:18,3
DA:20,3
DA:21,3
DA:23,3
DA:28,3
DA:30,3
DA:38,3
DA:47,3
DA:49,3
DA:53,3
DA:58,3
DA:59,3
DA:60,1
DA:65,4
DA:70,4
DA:72,4
DA:74,4
DA:75,2
DA:80,12
DA:85,12
DA:87,12
DA:88,4
DA:93,9
LF:33
LH:33
BRDA:59,0,0,1
BRDA:59,0,1,2
BRDA:74,1,0,2
BRDA:74,1,1,2
BRDA:87,2,0,4
BRDA:87,2,1,8
BRF:6
BRH:6
end_of_record
TN:
SF:src\Infrastructures\repository\ReplyRepositoryPostgres.js
FN:10,(anonymous_0)
FN:16,(anonymous_1)
FN:42,(anonymous_2)
FN:58,(anonymous_3)
FN:70,(anonymous_4)
FN:100,(anonymous_5)
FNF:6
FNH:6
FNDA:15,(anonymous_0)
FNDA:3,(anonymous_1)
FNDA:3,(anonymous_2)
FNDA:3,(anonymous_3)
FNDA:7,(anonymous_4)
FNDA:4,(anonymous_5)
DA:1,7
DA:2,7
DA:4,7
DA:5,7
DA:6,7
DA:7,7
DA:11,15
DA:12,15
DA:13,15
DA:17,3
DA:19,3
DA:20,3
DA:22,3
DA:23,3
DA:25,3
DA:26,3
DA:28,3
DA:33,3
DA:35,3
DA:43,3
DA:53,3
DA:55,3
DA:59,3
DA:64,3
DA:65,3
DA:66,1
DA:71,7
DA:79,7
DA:81,7
DA:82,1
DA:85,6
DA:93,6
DA:95,6
DA:96,3
DA:101,4
DA:106,4
DA:108,4
DA:110,4
DA:111,2
DA:116,7
LF:40
LH:40
BRDA:65,0,0,1
BRDA:65,0,1,2
BRDA:81,1,0,1
BRDA:81,1,1,6
BRDA:95,2,0,3
BRDA:95,2,1,3
BRDA:110,3,0,2
BRDA:110,3,1,2
BRF:8
BRH:8
end_of_record
TN:
SF:src\Infrastructures\repository\ThreadRepositoryPostgres.js
FN:7,(anonymous_0)
FN:13,(anonymous_1)
FN:33,(anonymous_2)
FN:46,(anonymous_3)
FNF:4
FNH:4
FNDA:16,(anonymous_0)
FNDA:3,(anonymous_1)
FNDA:11,(anonymous_2)
FNDA:5,(anonymous_3)
DA:1,10
DA:2,10
DA:3,10
DA:4,10
DA:8,16
DA:9,16
DA:10,16
DA:14,3
DA:16,3
DA:17,3
DA:19,3
DA:24,3
DA:26,3
DA:34,11
DA:39,11
DA:41,11
DA:42,1
DA:47,5
DA:55,5
DA:57,5
DA:58,2
DA:61,3
DA:62,3
DA:68,10
LF:24
LH:24
BRDA:41,0,0,1
BRDA:41,0,1,10
BRDA:57,1,0,2
BRDA:57,1,1,3
BRF:4
BRH:4
end_of_record
TN:
SF:src\Infrastructures\repository\UserRepositoryPostgres.js
FN:6,(anonymous_0)
FN:12,(anonymous_1)
FN:25,(anonymous_2)
FN:39,(anonymous_3)
FN:54,(anonymous_4)
FNF:5
FNH:5
FNDA:14,(anonymous_0)
FNDA:22,(anonymous_1)
FNDA:21,(anonymous_2)
FNDA:21,(anonymous_3)
FNDA:19,(anonymous_4)
DA:1,7
DA:2,7
DA:3,7
DA:7,14
DA:8,14
DA:9,14
DA:13,22
DA:18,22
DA:20,22
DA:21,2
DA:26,21
DA:27,21
DA:29,21
DA:34,21
DA:36,21
DA:40,21
DA:45,21
DA:47,21
DA:48,2
DA:51,19
DA:55,19
DA:60,19
DA:62,19
DA:63,1
DA:66,18
DA:68,18
DA:72,7
LF:27
LH:27
BRDA:20,0,0,2
BRDA:20,0,1,20
BRDA:47,1,0,2
BRDA:47,1,1,19
BRDA:62,2,0,1
BRDA:62,2,1,18
BRF:6
BRH:6
end_of_record
TN:
SF:src\Infrastructures\security\BcryptPasswordHash.js
FN:5,(anonymous_0)
FN:11,(anonymous_1)
FN:15,(anonymous_2)
FNF:3
FNH:3
FNDA:9,(anonymous_0)
FNDA:21,(anonymous_1)
FNDA:20,(anonymous_2)
DA:1,7
DA:2,7
DA:6,9
DA:7,9
DA:8,9
DA:12,21
DA:16,20
DA:18,20
DA:19,2
DA:24,7
LF:10
LH:10
BRDA:5,0,0,9
BRDA:18,1,0,2
BRDA:18,1,1,18
BRF:3
BRH:3
end_of_record
TN:
SF:src\Infrastructures\security\JwtTokenManager.js
FN:5,(anonymous_0)
FN:10,(anonymous_1)
FN:14,(anonymous_2)
FN:18,(anonymous_3)
FN:27,(anonymous_4)
FNF:5
FNH:5
FNDA:10,(anonymous_0)
FNDA:21,(anonymous_1)
FNDA:20,(anonymous_2)
FNDA:5,(anonymous_3)
FNDA:2,(anonymous_4)
DA:1,7
DA:2,7
DA:6,10
DA:7,10
DA:11,21
DA:15,20
DA:19,5
DA:20,5
DA:21,4
DA:23,2
DA:28,2
DA:29,2
DA:33,7
LF:13
LH:13
BRF:0
BRH:0
end_of_record
TN:
SF:src\Interfaces\http\api\authentications\handler.js
FN:8,(anonymous_0)
FN:14,(anonymous_1)
FN:28,(anonymous_2)
FN:41,(anonymous_3)
FNF:4
FNH:4
FNDA:61,(anonymous_0)
FNDA:21,(anonymous_1)
FNDA:5,(anonymous_2)
FNDA:4,(anonymous_3)
DA:1,7
DA:3,7
DA:4,7
DA:5,7
DA:9,61
DA:11,61
DA:15,21
DA:16,21
DA:17,17
DA:24,17
DA:25,17
DA:29,5
DA:31,5
DA:33,1
DA:42,4
DA:43,4
DA:44,1
DA:50,7
LF:18
LH:18
BRF:0
BRH:0
end_of_record
TN:
SF:src\Interfaces\http\api\authentications\index.js
FN:6,(anonymous_0)
FNF:1
FNH:1
FNDA:61,(anonymous_0)
DA:1,7
DA:2,7
DA:4,7
DA:7,61
DA:8,61
LF:5
LH:5
BRF:0
BRH:0
end_of_record
TN:
SF:src\Interfaces\http\api\authentications\routes.js
FN:1,(anonymous_0)
FNF:1
FNH:1
FNDA:61,(anonymous_0)
DA:1,61
DA:19,7
LF:2
LH:2
BRF:0
BRH:0
end_of_record
TN:
SF:src\Interfaces\http\api\comments\handler.js
FN:6,(anonymous_0)
FN:12,(anonymous_1)
FN:33,(anonymous_2)
FNF:3
FNH:3
FNDA:61,(anonymous_0)
FNDA:3,(anonymous_1)
FNDA:2,(anonymous_2)
DA:1,7
DA:2,7
DA:3,7
DA:7,61
DA:9,61
DA:13,3
DA:19,3
DA:20,3
DA:22,1
DA:29,1
DA:30,1
DA:35,2
DA:36,2
DA:42,2
DA:43,2
DA:45,1
DA:49,1
DA:53,7
LF:18
LH:18
BRF:0
BRH:0
end_of_record
TN:
SF:src\Interfaces\http\api\comments\index.js
FN:7,(anonymous_0)
FNF:1
FNH:1
FNDA:61,(anonymous_0)
DA:1,7
DA:2,7
DA:4,7
DA:8,61
DA:9,61
LF:5
LH:5
BRF:0
BRH:0
end_of_record
TN:
SF:src\Interfaces\http\api\comments\routes.js
FN:1,(anonymous_0)
FNF:1
FNH:1
FNDA:61,(anonymous_0)
DA:1,61
DA:20,7
LF:2
LH:2
BRF:0
BRH:0
end_of_record
TN:
SF:src\Interfaces\http\api\likes\handler.js
FN:5,(anonymous_0)
FN:11,(anonymous_1)
FNF:2
FNH:2
FNDA:61,(anonymous_0)
FNDA:2,(anonymous_1)
DA:1,7
DA:2,7
DA:6,61
DA:8,61
DA:12,2
DA:13,2
DA:19,2
DA:22,2
DA:24,1
DA:28,1
DA:32,7
LF:11
LH:11
BRF:0
BRH:0
end_of_record
TN:
SF:src\Interfaces\http\api\likes\index.js
FN:7,(anonymous_0)
FNF:1
FNH:1
FNDA:61,(anonymous_0)
DA:1,7
DA:2,7
DA:4,7
DA:8,61
DA:9,61
LF:5
LH:5
BRF:0
BRH:0
end_of_record
TN:
SF:src\Interfaces\http\api\likes\routes.js
FN:1,(anonymous_0)
FNF:1
FNH:1
FNDA:61,(anonymous_0)
DA:1,61
DA:12,7
LF:2
LH:2
BRF:0
BRH:0
end_of_record
TN:
SF:src\Interfaces\http\api\replies\handler.js
FN:6,(anonymous_0)
FN:12,(anonymous_1)
FN:34,(anonymous_2)
FNF:3
FNH:3
FNDA:61,(anonymous_0)
FNDA:3,(anonymous_1)
FNDA:2,(anonymous_2)
DA:1,7
DA:2,7
DA:3,7
DA:7,61
DA:9,61
DA:13,3
DA:20,3
DA:21,3
DA:23,1
DA:30,1
DA:31,1
DA:35,2
DA:36,2
DA:37,2
DA:44,2
DA:45,2
DA:47,1
DA:51,1
DA:55,7
LF:19
LH:19
BRF:0
BRH:0
end_of_record
TN:
SF:src\Interfaces\http\api\replies\index.js
FN:7,(anonymous_0)
FNF:1
FNH:1
FNDA:61,(anonymous_0)
DA:1,7
DA:2,7
DA:4,7
DA:8,61
DA:9,61
LF:5
LH:5
BRF:0
BRH:0
end_of_record
TN:
SF:src\Interfaces\http\api\replies\routes.js
FN:1,(anonymous_0)
FNF:1
FNH:1
FNDA:61,(anonymous_0)
DA:1,61
DA:20,7
LF:2
LH:2
BRF:0
BRH:0
end_of_record
TN:
SF:src\Interfaces\http\api\threads\handler.js
FN:6,(anonymous_0)
FN:12,(anonymous_1)
FN:32,(anonymous_2)
FNF:3
FNH:3
FNDA:61,(anonymous_0)
FNDA:3,(anonymous_1)
FNDA:2,(anonymous_2)
DA:1,7
DA:2,7
DA:3,7
DA:7,61
DA:9,61
DA:13,3
DA:18,3
DA:19,3
DA:21,1
DA:28,1
DA:29,1
DA:33,2
DA:35,2
DA:36,2
DA:38,1
DA:45,1
DA:49,7
LF:17
LH:17
BRF:0
BRH:0
end_of_record
TN:
SF:src\Interfaces\http\api\threads\index.js
FN:6,(anonymous_0)
FNF:1
FNH:1
FNDA:61,(anonymous_0)
DA:1,7
DA:2,7
DA:4,7
DA:7,61
DA:8,61
LF:5
LH:5
BRF:0
BRH:0
end_of_record
TN:
SF:src\Interfaces\http\api\threads\routes.js
FN:1,(anonymous_0)
FNF:1
FNH:1
FNDA:61,(anonymous_0)
DA:1,61
DA:17,7
LF:2
LH:2
BRF:0
BRH:0
end_of_record
TN:
SF:src\Interfaces\http\api\users\handler.js
FN:6,(anonymous_0)
FN:12,(anonymous_1)
FNF:2
FNH:2
FNDA:61,(anonymous_0)
FNDA:25,(anonymous_1)
DA:1,7
DA:3,7
DA:7,61
DA:9,61
DA:13,25
DA:14,24
DA:16,19
DA:22,19
DA:23,19
DA:27,7
LF:10
LH:10
BRF:0
BRH:0
end_of_record
TN:
SF:src\Interfaces\http\api\users\index.js
FN:6,(anonymous_0)
FNF:1
FNH:1
FNDA:61,(anonymous_0)
DA:1,7
DA:2,7
DA:4,7
DA:7,61
DA:8,61
LF:5
LH:5
BRF:0
BRH:0
end_of_record
TN:
SF:src\Interfaces\http\api\users\routes.js
FN:1,(anonymous_0)
FNF:1
FNH:1
FNDA:61,(anonymous_0)
DA:1,61
DA:9,7
LF:2
LH:2
BRF:0
BRH:0
end_of_record
